# stats: dump at 1758074556
stats: users 10 10
stats: {freemem,"tsung_controller@3e43ea4093fb"} 1 6828.06640625 0 6828.06640625 6828.06640625 0 0
stats: {load,"tsung_controller@3e43ea4093fb"} 1 0.19921875 0 0.19921875 0.19921875 0 0
stats: {cpu,"tsung_controller@3e43ea4093fb"} 1 5.863320414383753 0 5.863320414383753 5.863320414383753 0 0
stats: users_count 10 10
stats: finish_users_count 0 0
stats: request 21 805.8176666666668 773.5047379171749 3303.224 135.401 0 0
stats: connect 10 491.6531 117.085116005793 840.384 431.564 0 0
stats: page 21 805.8176666666668 773.5047379171749 3303.224 135.401 0 0
stats: 200 21 21
stats: size_rcv 10966 10966
stats: size_sent 2219 2219
stats: connected 10 10
# stats: dump at 1758074566
stats: users 15 15
stats: {freemem,"tsung_controller@3e43ea4093fb"} 1 6826.359375 0.0 6828.06640625 6826.359375 6828.06640625 1
stats: {load,"tsung_controller@3e43ea4093fb"} 1 0.25 0.0 0.25 0.19921875 0.19921875 1
stats: {cpu,"tsung_controller@3e43ea4093fb"} 1 4.259072580645161 0.0 5.863320414383753 4.259072580645161 5.863320414383753 1
stats: session 1 12339.914 0 12339.914 12339.914 0 0
stats: users_count 6 16
stats: finish_users_count 1 1
stats: request 31 471.2372903225805 388.12285533297177 3303.224 135.401 805.8176666666668 21
stats: page 31 471.2372903225805 388.12285533297177 3303.224 135.401 805.8176666666668 21
stats: connect 6 474.92933333333343 15.166674285712377 840.384 431.564 491.6531 10
stats: 200 31 52
stats: size_rcv 18271 29237
stats: size_sent 3711 5930
stats: connected 5 15
# stats: dump at 1758074576
stats: users 16 17
stats: {freemem,"tsung_controller@3e43ea4093fb"} 1 6825.3203125 0.0 6828.06640625 6825.3203125 6827.212890625 2
stats: {load,"tsung_controller@3e43ea4093fb"} 1 0.2109375 0.0 0.25 0.19921875 0.224609375 2
stats: {cpu,"tsung_controller@3e43ea4093fb"} 1 2.802211610957527 0.0 5.863320414383753 2.802211610957527 5.061196497514457 2
stats: session 3 21999.207666666665 4556.59250893723 28442.28 12339.914 12339.914 1
stats: users_count 4 20
stats: finish_users_count 3 4
stats: request 40 651.8108500000001 629.8795340871359 3303.224 134.831 606.3562884615384 52
stats: connect 4 472.09075 46.16417321026664 840.384 430.497 485.3816875 16
stats: page 40 651.8108500000001 629.8795340871359 3303.224 134.831 606.3562884615384 52
stats: 200 40 92
stats: size_rcv 21988 51225
stats: size_sent 4557 10487
stats: connected 2 17
# stats: dump at 1758074586
stats: users 16 17
stats: {freemem,"tsung_controller@3e43ea4093fb"} 1 6817.74609375 0.0 6828.06640625 6817.74609375 6826.58203125 3
stats: {load,"tsung_controller@3e43ea4093fb"} 1 0.1796875 0.0 0.25 0.1796875 0.22005208333333334 3
stats: {cpu,"tsung_controller@3e43ea4093fb"} 1 6.104540251812286 0.0 6.104540251812286 2.802211610957527 4.308201535328814 3
stats: session 6 20779.580333333335 8924.887431842892 34767.619 7113.373 19584.38425 4
stats: users_count 6 26
stats: finish_users_count 6 10
stats: connect 5 445.2722 6.497636043977824 840.384 430.497 482.72349999999994 20
stats: request 40 615.1059499999999 743.8110175107636 3303.224 134.831 626.1191413043477 92
stats: page 40 615.1059499999999 743.8110175107636 3303.224 134.831 626.1191413043477 92
stats: 200 40 132
stats: size_rcv 22649 73874
stats: size_sent 4165 14652
stats: connected -2 15
# stats: dump at 1758074596
stats: users 15 17
stats: {freemem,"tsung_controller@3e43ea4093fb"} 1 6814.26953125 0.0 6828.06640625 6814.26953125 6824.373046875 4
stats: {load,"tsung_controller@3e43ea4093fb"} 1 0.23046875 0.0 0.25 0.1796875 0.2099609375 4
stats: {cpu,"tsung_controller@3e43ea4093fb"} 1 4.785894206549118 0.0 6.104540251812286 2.802211610957527 4.757286214449682 4
stats: session 5 28179.632 5661.694559113483 37588.781 7113.373 20301.501900000003 10
stats: users_count 4 30
stats: finish_users_count 5 15
stats: request 42 664.1633571428572 635.9954859488213 3303.224 134.831 622.7818106060605 132
stats: connect 5 442.14300000000003 14.69462341130251 840.384 419.488 475.2332399999999 25
stats: page 42 664.1633571428572 635.9954859488213 3303.224 134.831 622.7818106060605 132
stats: 200 41 173
stats: size_rcv 23654 97528
stats: 502 1 1
stats: size_sent 4635 19287
stats: connected 0 15
# stats: dump at 1758074606
stats: users 7 17
stats: {freemem,"tsung_controller@3e43ea4093fb"} 1 6813.88671875 0.0 6828.06640625 6813.88671875 6822.35234375 5
stats: {load,"tsung_controller@3e43ea4093fb"} 1 0.19140625 0.0 0.25 0.1796875 0.2140625 5
stats: {cpu,"tsung_controller@3e43ea4093fb"} 1 3.200201587501575 0.0 6.104540251812286 2.802211610957527 4.763007812869569 5
stats: session 8 28895.653625 12120.092580515658 48193.028 7113.373 22927.545266666668 15
stats: users_count 0 30
stats: finish_users_count 8 23
stats: request 30 587.1041333333335 466.79405671978685 3303.224 134.831 632.7704597701149 174
stats: connect 0 0 0 840.384 419.488 469.71819999999997 30
stats: page 30 587.1041333333335 466.79405671978685 3303.224 134.831 632.7704597701149 174
stats: 200 30 203
stats: size_rcv 17468 114996
stats: 502 0 1
stats: size_sent 3309 22596
stats: connected -8 7
# stats: dump at 1758074616
stats: users 12 17
stats: {freemem,"tsung_controller@3e43ea4093fb"} 1 6802.58203125 0.0 6828.06640625 6802.58203125 6820.94140625 6
stats: {load,"tsung_controller@3e43ea4093fb"} 1 0.16015625 0.0 0.25 0.16015625 0.21028645833333334 6
stats: {cpu,"tsung_controller@3e43ea4093fb"} 1 4.162987258735966 0.0 6.104540251812286 2.802211610957527 4.502540108641569 6
stats: session 5 27765.872600000002 14246.070500706383 53377.643 7113.373 25003.409043478263 23
stats: users_count 10 40
stats: finish_users_count 5 28
stats: request 25 698.2803600000001 568.0481354612041 3303.224 134.831 626.0548235294118 204
stats: page 25 698.2803600000001 568.0481354612041 3303.224 134.831 626.0548235294118 204
stats: connect 9 446.54066666666665 15.328825047384857 840.384 417.038 469.71819999999997 30
stats: 200 24 227
stats: size_rcv 13002 127998
stats: 502 1 2
stats: newphase 1 1
stats: size_sent 2509 25105
stats: connected 4 11
# stats: dump at 1758074626
stats: users 39 39
stats: {freemem,"tsung_controller@3e43ea4093fb"} 1 6802.3359375 0.0 6828.06640625 6802.3359375 6818.318638392857 7
stats: {load,"tsung_controller@3e43ea4093fb"} 1 0.140625 0.0 0.25 0.140625 0.203125 7
stats: {cpu,"tsung_controller@3e43ea4093fb"} 1 3.0405829878125394 0.0 6.104540251812286 2.802211610957527 4.454032558655055 7
stats: session 2 21810.237500000003 12451.753500000003 53377.643 7113.373 25496.706107142858 28
stats: users_count 29 69
stats: finish_users_count 2 30
stats: request 87 651.6856551724138 576.114601426308 3333.43 133.638 633.9397074235808 229
stats: connect 28 446.99542857142853 15.569379920280754 840.384 409.836 464.36953846153835 39
stats: page 87 651.6856551724138 576.114601426308 3333.43 133.638 633.9397074235808 229
stats: 200 87 314
stats: size_rcv 45450 173448
stats: 502 0 2
stats: newphase 0 1
stats: size_sent 9221 34326
stats: connected 26 37
# stats: dump at 1758074636
stats: users 51 54
stats: {freemem,"tsung_controller@3e43ea4093fb"} 1 6799.875 0.0 6828.06640625 6799.875 6816.32080078125 8
stats: {load,"tsung_controller@3e43ea4093fb"} 1 0.12109375 0.0 0.25 0.12109375 0.1953125 8
stats: {cpu,"tsung_controller@3e43ea4093fb"} 1 4.517920242301868 0.0 6.104540251812286 2.802211610957527 4.277351362299741 8
stats: session 9 16927.674777777782 4069.8077304748485 53377.643 7113.373 25250.941533333335 30
stats: users_count 21 90
stats: finish_users_count 9 39
stats: request 141 625.9898723404253 673.7604933208185 4655.798 133.638 638.8254588607595 316
stats: connect 22 506.1560909090909 119.32519962191523 1013.376 409.836 457.1087164179104 67
stats: page 141 625.9898723404253 673.7604933208185 4655.798 133.638 638.8254588607595 316
stats: 200 141 455
stats: size_rcv 78295 251743
stats: 502 0 2
stats: newphase 0 1
stats: size_sent 14989 49315
stats: connected 14 51
# stats: dump at 1758074646
stats: users 39 54
stats: {freemem,"tsung_controller@3e43ea4093fb"} 1 6794.59765625 0.0 6828.06640625 6794.59765625 6814.493489583333 9
stats: {load,"tsung_controller@3e43ea4093fb"} 1 0.1015625 0.0 0.25 0.1015625 0.1870659722222222 9
stats: {cpu,"tsung_controller@3e43ea4093fb"} 1 8.054379889701167 0.0 8.054379889701167 2.802211610957527 4.304081237855533 9
stats: session 12 20933.506416666667 10719.601406831416 54017.607 7113.373 23330.18766666667 39
stats: users_count 0 90
stats: finish_users_count 12 51
stats: connect 1 425.509 0.0 1013.376 409.836 469.2327865168539 89
stats: request 111 504.19975675675664 555.5458454389615 4655.798 133.638 634.8652450765863 457
stats: page 111 504.19975675675664 555.5458454389615 4655.798 133.638 634.8652450765863 457
stats: 200 110 565
stats: size_rcv 67912 319655
stats: 502 1 3
stats: newphase 0 1
stats: size_sent 13895 63210
stats: connected -12 39
# stats: dump at 1758074656
stats: users 22 54
stats: {freemem,"tsung_controller@3e43ea4093fb"} 1 6794.32421875 0.0 6828.06640625 6794.32421875 6812.50390625 10
stats: {load,"tsung_controller@3e43ea4093fb"} 1 0.078125 0.0 0.25 0.078125 0.178515625 10
stats: {cpu,"tsung_controller@3e43ea4093fb"} 1 4.421639427340682 0.0 8.054379889701167 2.802211610957527 4.679111103040096 10
stats: session 17 23448.379352941178 7622.954778754556 54017.607 7113.373 22766.262666666666 51
stats: users_count 0 90
stats: finish_users_count 17 68
stats: request 82 450.1234756097561 420.281192026627 4655.798 133.638 609.330264084507 568
stats: connect 0 0 0 1013.376 409.836 468.7469666666666 90
stats: page 82 450.1234756097561 420.281192026627 4655.798 133.638 609.330264084507 568
stats: 200 82 647
stats: size_rcv 55082 374737
stats: 502 0 3
stats: newphase 0 1
stats: size_sent 11530 74740
stats: connected -17 22
# stats: dump at 1758074666
stats: users 12 54
stats: {freemem,"tsung_controller@3e43ea4093fb"} 1 6790.08984375 0.0 6828.06640625 6790.08984375 6810.851207386364 11
stats: {load,"tsung_controller@3e43ea4093fb"} 1 0.0703125 0.0 0.25 0.0703125 0.16938920454545456 11
stats: {cpu,"tsung_controller@3e43ea4093fb"} 1 3.6272040302267 0.0 8.054379889701167 2.802211610957527 4.655704587067422 11
stats: session 10 36081.3821 5718.987009750528 54017.607 7113.373 22936.791838235295 68
stats: users_count 0 90
stats: finish_users_count 10 78
stats: connect 0 0 0 1013.376 409.836 468.7469666666666 90
stats: page 33 445.1085151515152 456.35416227418926 4655.798 133.638 589.2457153846153 650
stats: 200 32 679
stats: request 33 445.1085151515152 456.35416227418926 4655.798 133.638 589.2457153846153 650
stats: size_rcv 22433 397170
stats: 502 1 4
stats: newphase 0 1
stats: size_sent 4713 79453
stats: connected -10 12
# stats: dump at 1758074676
stats: users 3 54
stats: {freemem,"tsung_controller@3e43ea4093fb"} 1 6791.2734375 0.0 6828.06640625 6790.08984375 6809.12109375 12
stats: {load,"tsung_controller@3e43ea4093fb"} 1 0.05859375 0.0 0.25 0.05859375 0.16113281250000003 12
stats: {cpu,"tsung_controller@3e43ea4093fb"} 1 3.594319467135855 0.0 8.054379889701167 2.802211610957527 4.5699962073306954 12
stats: session 9 45024.240555555545 8165.320928373378 59326.208 7113.373 24621.995717948717 78
stats: users_count 0 90
stats: finish_users_count 9 87
stats: connect 0 0 0 1013.376 409.836 468.7469666666666 90
stats: request 17 437.2469411764707 622.4379962800425 4655.798 133.329 582.2815461200586 683
stats: page 17 437.2469411764707 622.4379962800425 4655.798 133.329 582.2815461200586 683
stats: 200 17 696
stats: size_rcv 11142 408312
stats: 502 0 4
stats: newphase 0 1
stats: size_sent 2506 81959
stats: connected -9 3
# stats: dump at 1758074686
stats: users 0 54
stats: {freemem,"tsung_controller@3e43ea4093fb"} 1 6790.04296875 0.0 6828.06640625 6790.04296875 6807.748197115385 13
stats: {load,"tsung_controller@3e43ea4093fb"} 1 0.05078125 0.0 0.25 0.05078125 0.15324519230769235 13
stats: {cpu,"tsung_controller@3e43ea4093fb"} 1 3.151790216843167 0.0 8.054379889701167 2.802211610957527 4.49494415039263 13
stats: session 3 60643.03466666667 6782.841161728437 69418.057 7113.373 26732.57277011494 87
stats: users_count 0 90
stats: finish_users_count 3 90
stats: connect 0 0 0 1013.376 409.836 468.7469666666666 90
stats: page 5 739.0232 591.0375276624658 4655.798 133.329 578.7592771428572 700
stats: request 5 739.0232 591.0375276624658 4655.798 133.329 578.7592771428572 700
stats: 200 5 701
stats: size_rcv 3233 411545
stats: 502 0 4
stats: newphase 0 1
stats: size_sent 514 82473
stats: connected -3 0
# stats: dump at 1758074686
stats: users 0 54
stats: {freemem,"tsung_controller@3e43ea4093fb"} 0 0 0 6828.06640625 6790.04296875 6806.483537946428 14
stats: {load,"tsung_controller@3e43ea4093fb"} 0 0 0 0.25 0.05078125 0.14592633928571433 14
stats: {cpu,"tsung_controller@3e43ea4093fb"} 0 0 0 8.054379889701167 2.802211610957527 4.399004583710526 14
stats: session 0 0 0 69418.057 7113.373 27862.921499999997 90
stats: users_count 0 90
stats: finish_users_count 0 90
stats: connect 0 0 0 1013.376 409.836 468.7469666666666 90
stats: page 0 0 0 4655.798 133.329 579.8959007092199 705
stats: 200 0 701
stats: request 0 0 0 4655.798 133.329 579.8959007092199 705
stats: size_rcv 0 411545
stats: 502 0 4
stats: newphase 0 1
stats: size_sent 0 82473
stats: connected 0 0
EndMonitor:{1758,74686,809555}
