# stats: dump at 1758075376
stats: users 4 4
stats: {load,"tsung_controller@90c4072c0a63"} 1 0.28125 0 0.28125 0.28125 0 0
stats: {cpu,"tsung_controller@90c4072c0a63"} 1 5.613239574777489 0 5.613239574777489 5.613239574777489 0 0
stats: {freemem,"tsung_controller@90c4072c0a63"} 1 6816.2578125 0 6816.2578125 6816.2578125 0 0
stats: users_count 4 4
stats: finish_users_count 0 0
stats: request 3 816.0933333333334 643.1713529919966 1692.65 167.481 0 0
stats: page 3 816.0933333333334 643.1713529919966 1692.65 167.481 0 0
stats: 200 3 3
stats: connect 2 729.2595 289.1725 1018.432 440.087 0 0
stats: size_rcv 1154 1154
stats: size_sent 184 184
stats: connected 2 2
# stats: dump at 1758075386
stats: users 7 7
stats: {load,"tsung_controller@90c4072c0a63"} 1 0.23046875 0.0 0.28125 0.23046875 0.28125 1
stats: {cpu,"tsung_controller@90c4072c0a63"} 1 4.954841946813849 0.0 5.613239574777489 4.954841946813849 5.613239574777489 1
stats: {freemem,"tsung_controller@90c4072c0a63"} 1 6804.359375 0.0 6816.2578125 6804.359375 6816.2578125 1
stats: users_count 3 7
stats: finish_users_count 0 0
stats: request 14 764.9718571428572 673.425045743968 2222.139 139.932 816.0933333333334 3
stats: connect 5 446.677 7.855718961368211 1018.432 434.661 729.2595 2
stats: page 14 764.9718571428572 673.425045743968 2222.139 139.932 816.0933333333334 3
stats: 200 14 17
stats: size_rcv 7332 8486
stats: size_sent 1447 1631
stats: connected 5 7
# stats: dump at 1758075396
stats: users 9 10
stats: {load,"tsung_controller@90c4072c0a63"} 1 0.19921875 0.0 0.28125 0.19921875 0.255859375 2
stats: {cpu,"tsung_controller@90c4072c0a63"} 1 2.772550495546356 0.0 5.613239574777489 2.772550495546356 5.284040760795669 2
stats: {freemem,"tsung_controller@90c4072c0a63"} 1 6801.04296875 0.0 6816.2578125 6801.04296875 6810.30859375 2
stats: session 2 15464.5195 2453.2715000000007 17917.791 13011.248 0 0
stats: users_count 4 11
stats: finish_users_count 2 2
stats: 200 18 35
stats: connect 2 493.6425 59.190499999999986 1018.432 434.452 527.4148571428572 7
stats: page 18 490.6743888888889 348.49861698245246 2222.139 139.932 773.9932941176471 17
stats: request 18 490.6743888888889 348.49861698245246 2222.139 139.932 773.9932941176471 17
stats: tr_fluxo_navegacao 2 15462.703 2453.342999999999 17916.046 13009.36 0 0
stats: size_rcv 9181 17667
stats: size_sent 1885 3516
stats: connected 0 7
# stats: dump at 1758075406
stats: users 16 16
stats: {load,"tsung_controller@90c4072c0a63"} 1 0.23828125 0.0 0.28125 0.19921875 0.23697916666666666 3
stats: {cpu,"tsung_controller@90c4072c0a63"} 1 4.743928526487983 0.0 5.613239574777489 2.772550495546356 4.446877339045898 3
stats: {freemem,"tsung_controller@90c4072c0a63"} 1 6798.2890625 0.0 6816.2578125 6798.2890625 6807.220052083333 3
stats: session 3 27534.504 1351.6141447232646 29308.112 13011.248 15464.5195 2
stats: users_count 10 21
stats: finish_users_count 3 5
stats: connect 11 441.2996363636363 15.847720497241177 1018.432 411.319 519.9098888888889 9
stats: page 51 504.34123529411767 352.47431480197406 2222.139 138.799 628.2864285714286 35
stats: tr_fluxo_compra 1 27263.236 0 27263.236 27263.236 0 0
stats: request 51 504.34123529411767 352.47431480197406 2222.139 138.799 628.2864285714286 35
stats: 200 51 86
stats: tr_fluxo_navegacao 2 27666.201999999997 1637.4190000000008 29303.621 13009.36 15462.703 2
stats: size_rcv 25925 43592
stats: size_sent 4886 8402
stats: connected 8 15
# stats: dump at 1758075416
stats: users 12 16
stats: {load,"tsung_controller@90c4072c0a63"} 1 0.19921875 0.0 0.28125 0.19921875 0.2373046875 4
stats: {cpu,"tsung_controller@90c4072c0a63"} 1 3.5233421416886874 0.0 5.613239574777489 2.772550495546356 4.521140135906419 4
stats: {freemem,"tsung_controller@90c4072c0a63"} 1 6798.37109375 0.0 6816.2578125 6798.2890625 6804.9873046875 4
stats: session 6 15930.364000000001 5843.95501847322 29308.112 9662.641 22706.5102 5
stats: users_count 2 23
stats: finish_users_count 6 11
stats: request 33 397.621696969697 432.16796613553663 2222.139 134.553 554.7840465116279 86
stats: connect 3 477.0043333333333 30.967756891465196 1018.432 411.319 476.67425000000003 20
stats: page 33 397.621696969697 432.16796613553663 2222.139 134.553 554.7840465116279 86
stats: 200 33 119
stats: tr_fluxo_compra 0 0 0 27263.236 27263.236 27263.236 1
stats: size_rcv 17153 60745
stats: tr_fluxo_navegacao 6 15928.369833333332 5843.850027881659 29303.621 9660.714 21564.4525 4
stats: size_sent 2867 11269
stats: connected -3 12
# stats: dump at 1758075426
stats: users 10 16
stats: {load,"tsung_controller@90c4072c0a63"} 1 0.171875 0.0 0.28125 0.171875 0.2296875 5
stats: {cpu,"tsung_controller@90c4072c0a63"} 1 6.483600305110603 0.0 6.483600305110603 2.772550495546356 4.321580537062873 5
stats: {freemem,"tsung_controller@90c4072c0a63"} 1 6793.671875 0.0 6816.2578125 6793.671875 6803.6640625 5
stats: session 8 20082.837499999998 9502.118521105043 41117.038 8656.893 19010.430454545454 11
stats: users_count 6 29
stats: finish_users_count 8 19
stats: connect 6 441.31600000000003 21.41974020228382 1018.432 411.319 476.7173043478261 23
stats: page 39 593.5347948717948 714.3599732878764 2747.794 134.553 511.2012100840336 119
stats: tr_fluxo_compra 1 41115.113 0.0 41115.113 27263.236 27263.236 1
stats: request 39 593.5347948717948 714.3599732878764 2747.794 134.553 511.2012100840336 119
stats: 200 39 158
stats: tr_fluxo_navegacao 6 16038.719000000003 5346.265765886815 29303.621 8654.425 18182.8029 10
stats: size_rcv 19894 80639
stats: size_sent 3536 14805
stats: connected -1 11
# stats: dump at 1758075436
stats: users 10 16
stats: {load,"tsung_controller@90c4072c0a63"} 1 0.140625 0.0 0.28125 0.140625 0.22005208333333334 6
stats: {cpu,"tsung_controller@90c4072c0a63"} 1 4.611314098525892 0.0 6.483600305110603 2.772550495546356 4.681917165070828 6
stats: {freemem,"tsung_controller@90c4072c0a63"} 1 6792.7109375 0.0 6816.2578125 6792.7109375 6801.998697916667 6
stats: session 4 30710.652000000002 12947.336735182858 49166.953 8656.893 19461.97026315789 19
stats: users_count 4 33
stats: finish_users_count 4 23
stats: request 22 562.9310454545455 607.6914506964023 2747.794 134.553 531.5240569620254 158
stats: connect 2 484.162 33.77699999999999 1018.432 411.319 469.39289655172416 29
stats: page 22 562.9310454545455 607.6914506964023 2747.794 134.553 531.5240569620254 158
stats: tr_fluxo_compra 1 28966.058 0.0 41115.113 27263.236 34189.1745 2
stats: 200 22 180
stats: tr_fluxo_navegacao 3 22667.693333333333 7911.788621004075 32026.645 8654.425 17378.7714375 16
stats: size_rcv 11079 91718
stats: newphase 1 1
stats: size_sent 2001 16806
stats: connected -2 9
# stats: dump at 1758075446
stats: users 27 27
stats: {load,"tsung_controller@90c4072c0a63"} 1 0.12109375 0.0 0.28125 0.12109375 0.20870535714285715 7
stats: {cpu,"tsung_controller@90c4072c0a63"} 1 3.7600603621730384 0.0 6.483600305110603 2.772550495546356 4.671831012707265 7
stats: {freemem,"tsung_controller@90c4072c0a63"} 1 6791.8125 0.0 6816.2578125 6791.8125 6800.671875 7
stats: session 5 20000.8016 7622.436337542863 49166.953 8656.893 21418.262739130434 23
stats: users_count 22 55
stats: finish_users_count 5 28
stats: request 57 711.0773508771931 508.517047274237 2747.794 132.769 535.362688888889 180
stats: connect 22 443.53140909090905 14.345891387302537 1018.432 411.319 470.3457419354839 31
stats: page 57 711.0773508771931 508.517047274237 2747.794 132.769 535.362688888889 180
stats: tr_fluxo_compra 0 0 0 41115.113 27263.236 32448.13566666667 3
stats: 200 56 236
stats: tr_fluxo_navegacao 6 24860.073666666667 12905.91194567342 49164.958 8654.425 18213.864368421055 19
stats: size_rcv 28042 119760
stats: newphase 0 1
stats: 502 1 1
stats: size_sent 4833 21639
stats: connected 16 25
# stats: dump at 1758075456
stats: users 40 43
stats: {load,"tsung_controller@90c4072c0a63"} 1 0.1796875 0.0 0.28125 0.12109375 0.19775390625 8
stats: {cpu,"tsung_controller@90c4072c0a63"} 1 4.0085717887306185 0.0 6.483600305110603 2.772550495546356 4.557859681390486 8
stats: {freemem,"tsung_controller@90c4072c0a63"} 1 6790.75 0.0 6816.2578125 6790.75 6799.564453125 8
stats: session 6 20357.744333333332 7378.7821318680735 49166.953 8656.893 21165.14467857143 28
stats: users_count 19 74
stats: finish_users_count 6 34
stats: request 115 476.1420521739128 491.27574586551606 2747.794 132.769 577.62317721519 237
stats: connect 20 444.58215 18.27432645892866 1018.432 408.768 459.21526415094337 53
stats: tr_fluxo_compra 0 0 0 41115.113 27263.236 32448.13566666667 3
stats: page 115 476.1420521739128 491.27574586551606 2747.794 132.769 577.62317721519 237
stats: 200 114 350
stats: tr_fluxo_navegacao 6 20355.963833333335 7378.856728507641 49164.958 8654.425 19808.954600000005 25
stats: size_rcv 63711 183471
stats: newphase 0 1
stats: 502 1 2
stats: size_sent 13056 34695
stats: connected 14 39
# stats: dump at 1758075466
stats: users 47 51
stats: {load,"tsung_controller@90c4072c0a63"} 1 0.1484375 0.0 0.28125 0.12109375 0.1957465277777778 9
stats: {cpu,"tsung_controller@90c4072c0a63"} 1 4.134530281957264 0.0 6.483600305110603 2.772550495546356 4.496827693317168 9
stats: {freemem,"tsung_controller@90c4072c0a63"} 1 6787.515625 0.0 6816.2578125 6787.515625 6798.585069444444 9
stats: session 9 16944.81711111111 3272.77286429136 49166.953 8656.893 21022.662264705883 34
stats: users_count 16 90
stats: finish_users_count 9 43
stats: tr_fluxo_compra 0 0 0 41115.113 27263.236 32448.13566666667 3
stats: request 132 519.3040227272728 641.3188381867627 5265.414 132.769 544.4688323863637 352
stats: connect 17 623.4806470588235 705.3696869181804 3444.394 408.768 455.2061917808219 73
stats: page 132 519.3040227272728 641.3188381867627 5265.414 132.769 544.4688323863637 352
stats: 200 132 482
stats: tr_fluxo_navegacao 9 16942.916333333338 3272.6618033128807 49164.958 8654.425 19914.827354838715 31
stats: size_rcv 74627 258098
stats: newphase 0 1
stats: 502 0 2
stats: size_sent 15151 49846
stats: connected 8 47
# stats: dump at 1758075476
stats: users 26 51
stats: {load,"tsung_controller@90c4072c0a63"} 1 0.12890625 0.0 0.28125 0.12109375 0.191015625 10
stats: {cpu,"tsung_controller@90c4072c0a63"} 1 4.754678806272129 0.0 6.483600305110603 2.772550495546356 4.4605979521811765 10
stats: {freemem,"tsung_controller@90c4072c0a63"} 1 6779.609375 0.0 6816.2578125 6779.609375 6797.478125 10
stats: session 21 21886.765047619043 7374.5616904689105 49166.953 8656.893 20169.159790697675 43
stats: users_count 0 90
stats: finish_users_count 21 64
stats: request 93 501.5041075268818 581.5989848314722 5265.414 132.769 537.6057024793389 484
stats: page 93 501.5041075268818 581.5989848314722 5265.414 132.769 537.6057024793389 484
stats: 200 92 574
stats: connect 0 0 0 3444.394 408.768 486.99136666666664 90
stats: tr_fluxo_compra 5 29335.4346 3234.8216865168683 41115.113 26403.328 32448.13566666667 3
stats: size_rcv 57518 315616
stats: tr_fluxo_navegacao 15 18588.412533333336 5776.951693209143 49164.958 8654.425 19246.147375000008 40
stats: newphase 0 1
stats: 502 1 3
stats: size_sent 11222 61068
stats: connected -20 27
# stats: dump at 1758075486
stats: users 15 51
stats: {load,"tsung_controller@90c4072c0a63"} 1 0.109375 0.0 0.28125 0.109375 0.18536931818181818 11
stats: {cpu,"tsung_controller@90c4072c0a63"} 1 4.929221435793731 0.0 6.483600305110603 2.772550495546356 4.487332575280354 11
stats: {freemem,"tsung_controller@90c4072c0a63"} 1 6771.9375 0.0 6816.2578125 6771.9375 6795.853693181818 11
stats: session 11 25818.191000000003 8106.80319089043 49166.953 8656.893 20732.749015625 64
stats: users_count 0 90
stats: finish_users_count 11 75
stats: request 50 405.8947600000003 411.23366729569017 5265.414 132.769 531.7869012131716 577
stats: connect 0 0 0 3444.394 408.768 486.99136666666664 90
stats: page 50 405.8947600000003 411.23366729569017 5265.414 132.769 531.7869012131716 577
stats: tr_fluxo_compra 3 34827.13966666666 5341.438522934331 41115.113 26403.328 30502.697500000002 8
stats: 200 50 624
stats: tr_fluxo_navegacao 9 23730.50433333333 6854.285352821823 49164.958 8654.425 19066.765145454552 55
stats: size_rcv 32480 348096
stats: newphase 0 1
stats: 502 0 3
stats: size_sent 6392 67460
stats: connected -12 15
# stats: dump at 1758075496
stats: users 7 51
stats: {load,"tsung_controller@90c4072c0a63"} 1 0.08984375 0.0 0.28125 0.08984375 0.17903645833333334 12
stats: {cpu,"tsung_controller@90c4072c0a63"} 1 3.4382871536523933 0.0 6.483600305110603 2.772550495546356 4.524156646989803 12
stats: {freemem,"tsung_controller@90c4072c0a63"} 1 6772.67578125 0.0 6816.2578125 6771.9375 6793.860677083333 12
stats: session 8 45354.06924999999 8158.3105093147005 58937.67 8656.893 21478.613839999998 75
stats: users_count 0 90
stats: finish_users_count 8 83
stats: request 24 744.2717083333335 567.2482550736698 5265.414 132.769 521.7476555023924 627
stats: connect 0 0 0 3444.394 408.768 486.99136666666664 90
stats: page 24 744.2717083333335 567.2482550736698 5265.414 132.769 521.7476555023924 627
stats: tr_fluxo_compra 8 45351.309125 8158.096103219004 58936.174 26403.328 31682.09081818182 11
stats: 200 24 648
stats: tr_fluxo_navegacao 0 0 0 49164.958 8654.425 19722.603468750007 64
stats: size_rcv 17172 365268
stats: newphase 0 1
stats: 502 0 3
stats: size_sent 3985 71445
stats: connected -8 7
# stats: dump at 1758075506
stats: users 3 51
stats: {load,"tsung_controller@90c4072c0a63"} 1 0.078125 0.0 0.28125 0.078125 0.17217548076923078 13
stats: {cpu,"tsung_controller@90c4072c0a63"} 1 2.019821854221553 0.0 6.483600305110603 2.019821854221553 4.440628224425387 13
stats: {freemem,"tsung_controller@90c4072c0a63"} 1 6772.4296875 0.0 6816.2578125 6771.9375 6792.231069711538 13
stats: session 4 47853.30725 3451.89072784151 58937.67 8656.893 23779.862554216867 83
stats: users_count 0 90
stats: finish_users_count 4 87
stats: connect 0 0 0 3444.394 408.768 486.99136666666664 90
stats: request 16 751.0271875 884.9941207397382 5265.414 132.769 529.9513072196621 651
stats: page 16 751.0271875 884.9941207397382 5265.414 132.769 529.9513072196621 651
stats: tr_fluxo_compra 4 47851.674999999996 3451.9446095869635 58936.174 26403.328 37437.55115789474 19
stats: 200 16 664
stats: tr_fluxo_navegacao 0 0 0 49164.958 8654.425 19722.603468750007 64
stats: size_rcv 10895 376163
stats: newphase 0 1
stats: 502 0 3
stats: size_sent 2147 73592
stats: connected -4 3
# stats: dump at 1758075516
stats: users 0 51
stats: {load,"tsung_controller@90c4072c0a63"} 1 0.0703125 0.0 0.28125 0.0703125 0.16545758928571427 14
stats: {cpu,"tsung_controller@90c4072c0a63"} 1 2.019315188762072 0.0 6.483600305110603 2.019315188762072 4.267713483696542 14
stats: {freemem,"tsung_controller@90c4072c0a63"} 1 6774.02734375 0.0 6816.2578125 6771.9375 6790.816685267857 14
stats: session 3 58851.793666666665 8655.548795274715 69522.02 8656.893 24886.687597701148 87
stats: users_count 0 90
stats: finish_users_count 3 90
stats: connect 0 0 0 3444.394 408.768 486.99136666666664 90
stats: tr_fluxo_compra 3 58849.97433333334 8655.446311385771 69520.148 26403.328 39248.703130434784 23
stats: request 3 639.0196666666667 23.19764708375017 5265.414 132.769 535.2544767616192 667
stats: page 3 639.0196666666667 23.19764708375017 5265.414 132.769 535.2544767616192 667
stats: 200 3 667
stats: tr_fluxo_navegacao 0 0 0 49164.958 8654.425 19722.603468750007 64
stats: size_rcv 2109 378272
stats: newphase 0 1
stats: 502 0 3
stats: size_sent 474 74066
stats: connected -3 0
# stats: dump at 1758075518
stats: users 0 51
stats: {load,"tsung_controller@90c4072c0a63"} 1 0.05859375 0.0 0.28125 0.05859375 0.15911458333333334 15
stats: {cpu,"tsung_controller@90c4072c0a63"} 1 1.9187358916478554 0.0 6.483600305110603 1.9187358916478554 4.117820264034244 15
stats: {freemem,"tsung_controller@90c4072c0a63"} 1 6772.80859375 0.0 6816.2578125 6771.9375 6789.697395833334 15
stats: session 0 0 0 69522.02 8656.893 26018.8578 90
stats: users_count 0 90
stats: finish_users_count 0 90
stats: connect 0 0 0 3444.394 408.768 486.99136666666664 90
stats: tr_fluxo_compra 0 0 0 69520.148 26403.328 41510.38826923077 26
stats: 200 0 667
stats: request 0 0 0 5265.414 132.769 535.7190970149254 670
stats: page 0 0 0 5265.414 132.769 535.7190970149254 670
stats: tr_fluxo_navegacao 0 0 0 49164.958 8654.425 19722.603468750007 64
stats: size_rcv 0 378272
stats: newphase 0 1
stats: 502 0 3
stats: size_sent 0 74066
stats: connected 0 0
EndMonitor:{1758,75518,367524}
