
=INFO REPORT==== 17-Sep-2025::02:16:06 ===
    ts_config_server:(5:<0.135.0>) Config server started, logdir is "/root/.tsung/log/20250917-0216"
 
=INFO REPORT==== 17-Sep-2025::02:16:06 ===
              ts_mon:(5:<0.118.0>) starting monitor, global 

=INFO REPORT==== 17-Sep-2025::02:16:06 ===
           ts_config:(5:<0.135.0>) Reading config file: /config/test.xml

=INFO REPORT==== 17-Sep-2025::02:16:06 ===
           ts_config:(4:<0.135.0>) Unknown option "maxusers" !

=INFO REPORT==== 17-Sep-2025::02:16:06 ===
           ts_config:(5:<0.135.0>) Session name for id 1 is "navegacao_produtos"

=INFO REPORT==== 17-Sep-2025::02:16:06 ===
           ts_config:(5:<0.135.0>) Session name for id 2 is "processo_compra"

=INFO REPORT==== 17-Sep-2025::02:16:06 ===
    ts_config_server:(4:<0.135.0>) SYSINFO:Tsung version: 1.7.0

=INFO REPORT==== 17-Sep-2025::02:16:06 ===
    ts_config_server:(4:<0.135.0>) SYSINFO:Erlang version: Erlang/OTP 25 [erts-13.1.5] [source] [64-bit] [smp:8:8] [ds:8:8:10] [async-threads:8] [jit:ns]


=INFO REPORT==== 17-Sep-2025::02:16:06 ===
    ts_config_server:(4:<0.135.0>) SYSINFO:System architecture x86_64-pc-linux-gnu

=INFO REPORT==== 17-Sep-2025::02:16:06 ===
    ts_config_server:(4:<0.135.0>) SYSINFO:Current path: /usr/lib/x86_64-linux-gnu/tsung/tsung-1.7.0/ebin/tsung.beam

=INFO REPORT==== 17-Sep-2025::02:16:06 ===
       ts_job_notify:(6:<0.148.0>) No listen port defined, can't open listening socket (don't worry: it's normal if you don't use job notifications) 

=INFO REPORT==== 17-Sep-2025::02:16:06 ===
    ts_os_mon_erlang:(6:<0.157.0>) Running os_mon on the same host as the controller, use the same beam

=INFO REPORT==== 17-Sep-2025::02:16:06 ===
              ts_mon:(5:<0.136.0>) Activate clients with text backend

=INFO REPORT==== 17-Sep-2025::02:16:06 ===
              ts_mon:(5:<0.136.0>) Starting tsung clients on hosts: [localhost]

=INFO REPORT==== 17-Sep-2025::02:16:06 ===
    ts_config_server:(5:<0.135.0>) Start a launcher on the controller beam localhost

=INFO REPORT==== 17-Sep-2025::02:16:06 ===
              ts_sup:(6:<0.180.0>) starting supervisor ...

=INFO REPORT==== 17-Sep-2025::02:16:06 ===
              ts_sup:(6:<0.181.0>) starting
=INFO REPORT==== 17-Sep-2025::02:16:06 ===
          ts_ip_scan:(6:<0.182.0>) Starting 

=INFO REPORT==== 17-Sep-2025::02:16:06 ===
     ts_launcher_mgr:(6:<0.183.0>) starting
=INFO REPORT==== 17-Sep-2025::02:16:06 ===
    ts_session_cache:(6:<0.181.0>) Starting

=INFO REPORT==== 17-Sep-2025::02:16:06 ===
        ts_mon_cache:(6:<0.181.0>) Starting

=INFO REPORT==== 17-Sep-2025::02:16:06 ===
        ts_local_mon:(6:<0.181.0>) Starting

=INFO REPORT==== 17-Sep-2025::02:16:06 ===
       ts_client_sup:(6:<0.188.0>) Starting 

=INFO REPORT==== 17-Sep-2025::02:16:06 ===
  ts_launcher_static:(6:<0.181.0>) starting 

=INFO REPORT==== 17-Sep-2025::02:16:06 ===
         ts_launcher:(6:<0.181.0>) starting 

=INFO REPORT==== 17-Sep-2025::02:16:06 ===
    ts_config_server:(6:<0.135.0>) Application started, activate launcher, 

=INFO REPORT==== 17-Sep-2025::02:16:06 ===
  ts_launcher_static:(6:<0.135.0>) starting on node [tsung_controller@90c4072c0a63]

=INFO REPORT==== 17-Sep-2025::02:16:06 ===
         ts_launcher:(6:<0.135.0>) starting on node [tsung_controller@90c4072c0a63]

=INFO REPORT==== 17-Sep-2025::02:16:06 ===
  ts_launcher_static:(5:<0.189.0>) Launch msg receive ("localhost")

=INFO REPORT==== 17-Sep-2025::02:16:06 ===
         ts_launcher:(5:<0.190.0>) Launch msg receive ("localhost")

=INFO REPORT==== 17-Sep-2025::02:16:06 ===
              ts_mon:(6:<0.136.0>) A launcher has started

=INFO REPORT==== 17-Sep-2025::02:16:06 ===
     ts_launcher_mgr:(6:<0.183.0>) syncing already done, skip

=INFO REPORT==== 17-Sep-2025::02:16:06 ===
  ts_launcher_static:(6:<0.189.0>) No static users, stop
=INFO REPORT==== 17-Sep-2025::02:16:06 ===
  ts_launcher_static:(6:<0.189.0>) launcher terminating for reason normal

=INFO REPORT==== 17-Sep-2025::02:16:06 ===
    ts_config_server:(5:<0.135.0>) New arrival phase 1 for client "localhost" (last ? true): will start 30 users

=INFO REPORT==== 17-Sep-2025::02:16:06 ===
    ts_config_server:(5:<0.135.0>) New arrival phase 2 for client "localhost" (last ? true): will start 60 users

=INFO REPORT==== 17-Sep-2025::02:16:06 ===
         ts_launcher:(5:<0.190.0>) Expected duration of first phase: 60.0 sec (30 users) 

=INFO REPORT==== 17-Sep-2025::02:16:06 ===
         ts_launcher:(5:<0.190.0>) Activate launcher (30 users) in 7085 msec 

=INFO REPORT==== 17-Sep-2025::02:16:07 ===
    ts_os_mon_erlang:(6:<0.157.0>) Spawn monitoring process on localhost (<0.191.0>)

=INFO REPORT==== 17-Sep-2025::02:16:13 ===
    ts_config_server:(6:<0.135.0>) Session 1 chosen

=INFO REPORT==== 17-Sep-2025::02:16:13 ===
           ts_client:(6:<0.198.0>) Starting new transaction tr_fluxo_navegacao (now-576460743494488845)

=INFO REPORT==== 17-Sep-2025::02:16:14 ===
    ts_config_server:(6:<0.135.0>) Session 1 chosen

=INFO REPORT==== 17-Sep-2025::02:16:14 ===
           ts_client:(6:<0.207.0>) Starting new transaction tr_fluxo_navegacao (now-576460742007820085)

=INFO REPORT==== 17-Sep-2025::02:16:15 ===
    ts_config_server:(6:<0.135.0>) Session 1 chosen

=INFO REPORT==== 17-Sep-2025::02:16:15 ===
           ts_client:(6:<0.212.0>) Starting new transaction tr_fluxo_navegacao (now-576460741065721692)

=INFO REPORT==== 17-Sep-2025::02:16:15 ===
    ts_config_server:(6:<0.135.0>) Session 2 chosen

=INFO REPORT==== 17-Sep-2025::02:16:15 ===
           ts_client:(6:<0.213.0>) Starting new transaction tr_fluxo_compra (now-576460740963733140)

=INFO REPORT==== 17-Sep-2025::02:16:19 ===
    ts_config_server:(6:<0.135.0>) Session 1 chosen

=INFO REPORT==== 17-Sep-2025::02:16:19 ===
           ts_client:(6:<0.225.0>) Starting new transaction tr_fluxo_navegacao (now-576460737702751975)

=INFO REPORT==== 17-Sep-2025::02:16:20 ===
    ts_config_server:(6:<0.135.0>) Session 2 chosen

=INFO REPORT==== 17-Sep-2025::02:16:20 ===
           ts_client:(6:<0.230.0>) Starting new transaction tr_fluxo_compra (now-576460736101831797)

=INFO REPORT==== 17-Sep-2025::02:16:22 ===
    ts_config_server:(6:<0.135.0>) Session 1 chosen

=INFO REPORT==== 17-Sep-2025::02:16:22 ===
           ts_client:(6:<0.235.0>) Starting new transaction tr_fluxo_navegacao (now-576460734103822769)

=INFO REPORT==== 17-Sep-2025::02:16:26 ===
    ts_config_server:(6:<0.135.0>) Session 1 chosen

=INFO REPORT==== 17-Sep-2025::02:16:26 ===
           ts_client:(6:<0.242.0>) Starting new transaction tr_fluxo_navegacao (now-576460730044783633)

=INFO REPORT==== 17-Sep-2025::02:16:32 ===
           ts_client:(6:<0.207.0>) Stopping transaction tr_fluxo_navegacao (-576460724091773246)

=INFO REPORT==== 17-Sep-2025::02:16:32 ===
           ts_client:(6:<0.207.0>) Session ending 

=INFO REPORT==== 17-Sep-2025::02:16:34 ===
    ts_config_server:(6:<0.135.0>) Session 1 chosen

=INFO REPORT==== 17-Sep-2025::02:16:34 ===
           ts_client:(6:<0.249.0>) Starting new transaction tr_fluxo_navegacao (now-576460722405717471)

=INFO REPORT==== 17-Sep-2025::02:16:35 ===
    ts_config_server:(6:<0.135.0>) Session 1 chosen

=INFO REPORT==== 17-Sep-2025::02:16:35 ===
           ts_client:(6:<0.255.0>) Starting new transaction tr_fluxo_navegacao (now-576460721158760639)

=INFO REPORT==== 17-Sep-2025::02:16:35 ===
    ts_config_server:(6:<0.135.0>) Session 1 chosen

=INFO REPORT==== 17-Sep-2025::02:16:35 ===
           ts_client:(6:<0.256.0>) Starting new transaction tr_fluxo_navegacao (now-576460721154692494)

=INFO REPORT==== 17-Sep-2025::02:16:35 ===
           ts_client:(6:<0.235.0>) Stopping transaction tr_fluxo_navegacao (-576460721094462704)

=INFO REPORT==== 17-Sep-2025::02:16:35 ===
           ts_client:(6:<0.235.0>) Session ending 

=INFO REPORT==== 17-Sep-2025::02:16:36 ===
    ts_config_server:(6:<0.135.0>) Session 1 chosen

=INFO REPORT==== 17-Sep-2025::02:16:36 ===
           ts_client:(6:<0.266.0>) Starting new transaction tr_fluxo_navegacao (now-576460720223857750)

=INFO REPORT==== 17-Sep-2025::02:16:36 ===
    ts_config_server:(6:<0.135.0>) Session 1 chosen

=INFO REPORT==== 17-Sep-2025::02:16:36 ===
           ts_client:(6:<0.267.0>) Starting new transaction tr_fluxo_navegacao (now-576460720124866519)

=INFO REPORT==== 17-Sep-2025::02:16:37 ===
    ts_config_server:(6:<0.135.0>) Session 1 chosen

=INFO REPORT==== 17-Sep-2025::02:16:37 ===
           ts_client:(6:<0.276.0>) Starting new transaction tr_fluxo_navegacao (now-576460719032857140)

=INFO REPORT==== 17-Sep-2025::02:16:38 ===
    ts_config_server:(6:<0.135.0>) Session 1 chosen

=INFO REPORT==== 17-Sep-2025::02:16:38 ===
           ts_client:(6:<0.282.0>) Starting new transaction tr_fluxo_navegacao (now-576460718442832085)

=INFO REPORT==== 17-Sep-2025::02:16:39 ===
    ts_config_server:(6:<0.135.0>) Session 2 chosen

=INFO REPORT==== 17-Sep-2025::02:16:39 ===
           ts_client:(6:<0.287.0>) Starting new transaction tr_fluxo_compra (now-576460717459875662)

=INFO REPORT==== 17-Sep-2025::02:16:39 ===
    ts_config_server:(6:<0.135.0>) Session 1 chosen

=INFO REPORT==== 17-Sep-2025::02:16:39 ===
           ts_client:(6:<0.288.0>) Starting new transaction tr_fluxo_navegacao (now-576460717396871233)

=INFO REPORT==== 17-Sep-2025::02:16:41 ===
    ts_config_server:(6:<0.135.0>) Session 1 chosen

=INFO REPORT==== 17-Sep-2025::02:16:41 ===
           ts_client:(6:<0.298.0>) Starting new transaction tr_fluxo_navegacao (now-576460715405941719)

=INFO REPORT==== 17-Sep-2025::02:16:41 ===
           ts_client:(6:<0.212.0>) Stopping transaction tr_fluxo_navegacao (-576460715036938119)

=INFO REPORT==== 17-Sep-2025::02:16:41 ===
           ts_client:(6:<0.212.0>) Session ending 

=INFO REPORT==== 17-Sep-2025::02:16:42 ===
           ts_client:(6:<0.198.0>) Stopping transaction tr_fluxo_navegacao (-576460714190867506)

=INFO REPORT==== 17-Sep-2025::02:16:42 ===
           ts_client:(6:<0.198.0>) Session ending 

=INFO REPORT==== 17-Sep-2025::02:16:42 ===
    ts_config_server:(6:<0.135.0>) Session 1 chosen

=INFO REPORT==== 17-Sep-2025::02:16:42 ===
           ts_client:(6:<0.303.0>) Starting new transaction tr_fluxo_navegacao (now-576460714186715556)

=INFO REPORT==== 17-Sep-2025::02:16:43 ===
           ts_client:(6:<0.213.0>) Stopping transaction tr_fluxo_compra (-576460713700497051)

=INFO REPORT==== 17-Sep-2025::02:16:43 ===
           ts_client:(6:<0.213.0>) Session ending 

=INFO REPORT==== 17-Sep-2025::02:16:44 ===
    ts_config_server:(6:<0.135.0>) Session 1 chosen

=INFO REPORT==== 17-Sep-2025::02:16:44 ===
           ts_client:(6:<0.308.0>) Starting new transaction tr_fluxo_navegacao (now-576460712147790540)

=INFO REPORT==== 17-Sep-2025::02:16:45 ===
    ts_config_server:(6:<0.135.0>) Session 1 chosen

=INFO REPORT==== 17-Sep-2025::02:16:45 ===
           ts_client:(6:<0.313.0>) Starting new transaction tr_fluxo_navegacao (now-576460711211829483)

=INFO REPORT==== 17-Sep-2025::02:16:46 ===
           ts_client:(6:<0.266.0>) Stopping transaction tr_fluxo_navegacao (-576460710563143266)

=INFO REPORT==== 17-Sep-2025::02:16:46 ===
           ts_client:(6:<0.266.0>) Session ending 

=INFO REPORT==== 17-Sep-2025::02:16:46 ===
           ts_client:(6:<0.249.0>) Stopping transaction tr_fluxo_navegacao (-576460710211307127)

=INFO REPORT==== 17-Sep-2025::02:16:46 ===
           ts_client:(6:<0.249.0>) Session ending 

=INFO REPORT==== 17-Sep-2025::02:16:47 ===
           ts_client:(6:<0.225.0>) Stopping transaction tr_fluxo_navegacao (-576460709623580419)

=INFO REPORT==== 17-Sep-2025::02:16:47 ===
           ts_client:(6:<0.225.0>) Session ending 

=INFO REPORT==== 17-Sep-2025::02:16:50 ===
    ts_config_server:(6:<0.135.0>) Session 1 chosen

=INFO REPORT==== 17-Sep-2025::02:16:50 ===
           ts_client:(6:<0.319.0>) Starting new transaction tr_fluxo_navegacao (now-576460706034638340)

=INFO REPORT==== 17-Sep-2025::02:16:51 ===
           ts_client:(6:<0.255.0>) Stopping transaction tr_fluxo_navegacao (-576460705675315450)

=INFO REPORT==== 17-Sep-2025::02:16:51 ===
           ts_client:(6:<0.255.0>) Session ending 

=INFO REPORT==== 17-Sep-2025::02:16:51 ===
           ts_client:(6:<0.276.0>) Stopping transaction tr_fluxo_navegacao (-576460705048714834)

=INFO REPORT==== 17-Sep-2025::02:16:51 ===
           ts_client:(6:<0.276.0>) Session ending 

=INFO REPORT==== 17-Sep-2025::02:16:52 ===
           ts_client:(6:<0.267.0>) Stopping transaction tr_fluxo_navegacao (-576460703956529278)

=INFO REPORT==== 17-Sep-2025::02:16:52 ===
           ts_client:(6:<0.267.0>) Session ending 

=INFO REPORT==== 17-Sep-2025::02:16:54 ===
    ts_config_server:(6:<0.135.0>) Session 1 chosen

=INFO REPORT==== 17-Sep-2025::02:16:54 ===
           ts_client:(6:<0.324.0>) Starting new transaction tr_fluxo_navegacao (now-576460702831811296)

=INFO REPORT==== 17-Sep-2025::02:16:56 ===
           ts_client:(6:<0.256.0>) Stopping transaction tr_fluxo_navegacao (-576460700228599886)

=INFO REPORT==== 17-Sep-2025::02:16:56 ===
           ts_client:(6:<0.256.0>) Session ending 

=INFO REPORT==== 17-Sep-2025::02:16:56 ===
    ts_config_server:(6:<0.135.0>) Session 1 chosen

=INFO REPORT==== 17-Sep-2025::02:16:56 ===
           ts_client:(6:<0.330.0>) Starting new transaction tr_fluxo_navegacao (now-576460700173849597)

=INFO REPORT==== 17-Sep-2025::02:16:57 ===
           ts_client:(6:<0.282.0>) Stopping transaction tr_fluxo_navegacao (-576460699284245581)

=INFO REPORT==== 17-Sep-2025::02:16:57 ===
           ts_client:(6:<0.282.0>) Session ending 

=INFO REPORT==== 17-Sep-2025::02:16:59 ===
           ts_client:(6:<0.319.0>) Stopping transaction tr_fluxo_navegacao (-576460697380213094)

=INFO REPORT==== 17-Sep-2025::02:16:59 ===
           ts_client:(6:<0.319.0>) Session ending 

=INFO REPORT==== 17-Sep-2025::02:17:00 ===
    ts_config_server:(6:<0.135.0>) Session 1 chosen

=INFO REPORT==== 17-Sep-2025::02:17:00 ===
           ts_client:(6:<0.335.0>) Starting new transaction tr_fluxo_navegacao (now-576460696293874557)

=INFO REPORT==== 17-Sep-2025::02:17:01 ===
    ts_config_server:(6:<0.135.0>) Session 1 chosen

=INFO REPORT==== 17-Sep-2025::02:17:01 ===
           ts_client:(6:<0.340.0>) Starting new transaction tr_fluxo_navegacao (now-576460695732765576)

=INFO REPORT==== 17-Sep-2025::02:17:01 ===
           ts_client:(6:<0.313.0>) Stopping transaction tr_fluxo_navegacao (-576460695004751136)

=INFO REPORT==== 17-Sep-2025::02:17:01 ===
           ts_client:(6:<0.313.0>) Session ending 

=INFO REPORT==== 17-Sep-2025::02:17:01 ===
           ts_client:(6:<0.230.0>) Stopping transaction tr_fluxo_compra (-576460694986717864)

=INFO REPORT==== 17-Sep-2025::02:17:01 ===
           ts_client:(6:<0.230.0>) Session ending 

=INFO REPORT==== 17-Sep-2025::02:17:03 ===
           ts_client:(6:<0.324.0>) Stopping transaction tr_fluxo_navegacao (-576460693631032162)

=INFO REPORT==== 17-Sep-2025::02:17:03 ===
           ts_client:(6:<0.324.0>) Session ending 

=INFO REPORT==== 17-Sep-2025::02:17:03 ===
    ts_config_server:(6:<0.135.0>) Session 1 chosen

=INFO REPORT==== 17-Sep-2025::02:17:03 ===
           ts_client:(6:<0.345.0>) Starting new transaction tr_fluxo_navegacao (now-576460693605836906)

=INFO REPORT==== 17-Sep-2025::02:17:03 ===
    ts_config_server:(6:<0.135.0>) Session 1 chosen

=INFO REPORT==== 17-Sep-2025::02:17:03 ===
           ts_client:(6:<0.346.0>) Starting new transaction tr_fluxo_navegacao (now-576460693583897606)

=INFO REPORT==== 17-Sep-2025::02:17:03 ===
    ts_config_server:(6:<0.135.0>) Session 1 chosen

=INFO REPORT==== 17-Sep-2025::02:17:03 ===
           ts_client:(6:<0.347.0>) Starting new transaction tr_fluxo_navegacao (now-576460693565808127)

=INFO REPORT==== 17-Sep-2025::02:17:03 ===
           ts_client:(6:<0.298.0>) Stopping transaction tr_fluxo_navegacao (-576460693320587292)

=INFO REPORT==== 17-Sep-2025::02:17:03 ===
           ts_client:(6:<0.298.0>) Session ending 

=INFO REPORT==== 17-Sep-2025::02:17:06 ===
           ts_client:(6:<0.303.0>) Stopping transaction tr_fluxo_navegacao (-576460690887931257)

=INFO REPORT==== 17-Sep-2025::02:17:06 ===
           ts_client:(6:<0.303.0>) Session ending 

=INFO REPORT==== 17-Sep-2025::02:17:06 ===
    ts_config_server:(6:<0.135.0>) Session 1 chosen

=INFO REPORT==== 17-Sep-2025::02:17:06 ===
         ts_launcher:(4:<0.190.0>) Need to wait 6.537 sec before changing phase, going to sleep

=INFO REPORT==== 17-Sep-2025::02:17:06 ===
           ts_client:(6:<0.362.0>) Starting new transaction tr_fluxo_navegacao (now-576460690128903596)

=INFO REPORT==== 17-Sep-2025::02:17:08 ===
           ts_client:(6:<0.287.0>) Stopping transaction tr_fluxo_compra (-576460688493817223)

=INFO REPORT==== 17-Sep-2025::02:17:08 ===
           ts_client:(6:<0.287.0>) Session ending 

=INFO REPORT==== 17-Sep-2025::02:17:09 ===
           ts_client:(6:<0.330.0>) Stopping transaction tr_fluxo_navegacao (-576460687496198576)

=INFO REPORT==== 17-Sep-2025::02:17:09 ===
           ts_client:(6:<0.330.0>) Session ending 

=INFO REPORT==== 17-Sep-2025::02:17:11 ===
           ts_client:(6:<0.288.0>) Stopping transaction tr_fluxo_navegacao (-576460685370225353)

=INFO REPORT==== 17-Sep-2025::02:17:11 ===
           ts_client:(6:<0.288.0>) Session ending 

=INFO REPORT==== 17-Sep-2025::02:17:13 ===
         ts_launcher:(5:<0.190.0>) Waking up

=INFO REPORT==== 17-Sep-2025::02:17:13 ===
         ts_launcher:(5:<0.190.0>) Start a new arrival phase (60 users, 0.002); expected duration=30.0 sec

=INFO REPORT==== 17-Sep-2025::02:17:14 ===
    ts_config_server:(6:<0.135.0>) Session 2 chosen

=INFO REPORT==== 17-Sep-2025::02:17:14 ===
           ts_client:(6:<0.369.0>) Starting new transaction tr_fluxo_compra (now-576460682071887069)

=INFO REPORT==== 17-Sep-2025::02:17:15 ===
    ts_config_server:(6:<0.135.0>) Session 2 chosen

=INFO REPORT==== 17-Sep-2025::02:17:15 ===
           ts_client:(6:<0.374.0>) Starting new transaction tr_fluxo_compra (now-576460681260847141)

=INFO REPORT==== 17-Sep-2025::02:17:15 ===
    ts_config_server:(6:<0.135.0>) Session 1 chosen

=INFO REPORT==== 17-Sep-2025::02:17:15 ===
           ts_client:(6:<0.379.0>) Starting new transaction tr_fluxo_navegacao (now-576460680965847761)

=INFO REPORT==== 17-Sep-2025::02:17:16 ===
           ts_client:(6:<0.242.0>) Stopping transaction tr_fluxo_navegacao (-576460680879824785)

=INFO REPORT==== 17-Sep-2025::02:17:16 ===
           ts_client:(6:<0.242.0>) Session ending 

=INFO REPORT==== 17-Sep-2025::02:17:16 ===
    ts_config_server:(6:<0.135.0>) Session 2 chosen

=INFO REPORT==== 17-Sep-2025::02:17:16 ===
           ts_client:(6:<0.385.0>) Starting new transaction tr_fluxo_compra (now-576460680130866024)

=INFO REPORT==== 17-Sep-2025::02:17:17 ===
    ts_config_server:(6:<0.135.0>) Session 1 chosen

=INFO REPORT==== 17-Sep-2025::02:17:17 ===
           ts_client:(6:<0.391.0>) Starting new transaction tr_fluxo_navegacao (now-576460679258664110)

=INFO REPORT==== 17-Sep-2025::02:17:18 ===
           ts_client:(6:<0.347.0>) Stopping transaction tr_fluxo_navegacao (-576460678662922943)

=INFO REPORT==== 17-Sep-2025::02:17:18 ===
           ts_client:(6:<0.347.0>) Session ending 

=INFO REPORT==== 17-Sep-2025::02:17:18 ===
           ts_client:(6:<0.346.0>) Stopping transaction tr_fluxo_navegacao (-576460678447623981)

=INFO REPORT==== 17-Sep-2025::02:17:18 ===
           ts_client:(6:<0.346.0>) Session ending 

=INFO REPORT==== 17-Sep-2025::02:17:18 ===
           ts_client:(6:<0.308.0>) Stopping transaction tr_fluxo_navegacao (-576460678360524611)

=INFO REPORT==== 17-Sep-2025::02:17:18 ===
           ts_client:(6:<0.308.0>) Session ending 

=INFO REPORT==== 17-Sep-2025::02:17:19 ===
    ts_config_server:(6:<0.135.0>) Session 1 chosen

=INFO REPORT==== 17-Sep-2025::02:17:19 ===
           ts_client:(6:<0.396.0>) Starting new transaction tr_fluxo_navegacao (now-576460677684864806)

=INFO REPORT==== 17-Sep-2025::02:17:19 ===
    ts_config_server:(6:<0.135.0>) Session 1 chosen

=INFO REPORT==== 17-Sep-2025::02:17:19 ===
           ts_client:(6:<0.401.0>) Starting new transaction tr_fluxo_navegacao (now-576460677431843492)

=INFO REPORT==== 17-Sep-2025::02:17:19 ===
    ts_config_server:(6:<0.135.0>) Session 2 chosen

=INFO REPORT==== 17-Sep-2025::02:17:19 ===
           ts_client:(6:<0.406.0>) Starting new transaction tr_fluxo_compra (now-576460677154852735)

=INFO REPORT==== 17-Sep-2025::02:17:20 ===
    ts_config_server:(6:<0.135.0>) Session 1 chosen

=INFO REPORT==== 17-Sep-2025::02:17:20 ===
           ts_client:(6:<0.411.0>) Starting new transaction tr_fluxo_navegacao (now-576460676826772298)

=INFO REPORT==== 17-Sep-2025::02:17:20 ===
           ts_client:(6:<0.362.0>) Stopping transaction tr_fluxo_navegacao (-576460676704809776)

=INFO REPORT==== 17-Sep-2025::02:17:20 ===
           ts_client:(6:<0.362.0>) Session ending 

=INFO REPORT==== 17-Sep-2025::02:17:20 ===
    ts_config_server:(6:<0.135.0>) Session 1 chosen

=INFO REPORT==== 17-Sep-2025::02:17:20 ===
           ts_client:(6:<0.416.0>) Starting new transaction tr_fluxo_navegacao (now-576460676352845530)

=INFO REPORT==== 17-Sep-2025::02:17:20 ===
    ts_config_server:(6:<0.135.0>) Session 1 chosen

=INFO REPORT==== 17-Sep-2025::02:17:20 ===
           ts_client:(6:<0.417.0>) Starting new transaction tr_fluxo_navegacao (now-576460676346785568)

=INFO REPORT==== 17-Sep-2025::02:17:21 ===
    ts_config_server:(6:<0.135.0>) Session 1 chosen

=INFO REPORT==== 17-Sep-2025::02:17:21 ===
           ts_client:(6:<0.427.0>) Starting new transaction tr_fluxo_navegacao (now-576460675878730741)

=INFO REPORT==== 17-Sep-2025::02:17:21 ===
    ts_config_server:(6:<0.135.0>) Session 2 chosen

=INFO REPORT==== 17-Sep-2025::02:17:21 ===
           ts_client:(6:<0.432.0>) Starting new transaction tr_fluxo_compra (now-576460675543763552)

=INFO REPORT==== 17-Sep-2025::02:17:22 ===
    ts_config_server:(6:<0.135.0>) Session 1 chosen

=INFO REPORT==== 17-Sep-2025::02:17:22 ===
           ts_client:(6:<0.437.0>) Starting new transaction tr_fluxo_navegacao (now-576460674825851433)

=INFO REPORT==== 17-Sep-2025::02:17:22 ===
    ts_config_server:(6:<0.135.0>) Session 1 chosen

=INFO REPORT==== 17-Sep-2025::02:17:22 ===
           ts_client:(6:<0.438.0>) Starting new transaction tr_fluxo_navegacao (now-576460674771850334)

=INFO REPORT==== 17-Sep-2025::02:17:22 ===
    ts_config_server:(6:<0.135.0>) Session 1 chosen

=INFO REPORT==== 17-Sep-2025::02:17:22 ===
           ts_client:(6:<0.447.0>) Starting new transaction tr_fluxo_navegacao (now-576460674511853052)

=INFO REPORT==== 17-Sep-2025::02:17:23 ===
    ts_config_server:(6:<0.135.0>) Session 2 chosen

=INFO REPORT==== 17-Sep-2025::02:17:23 ===
           ts_client:(6:<0.452.0>) Starting new transaction tr_fluxo_compra (now-576460673817729674)

=INFO REPORT==== 17-Sep-2025::02:17:23 ===
           ts_client:(6:<0.335.0>) Stopping transaction tr_fluxo_navegacao (-576460673548905709)

=INFO REPORT==== 17-Sep-2025::02:17:23 ===
           ts_client:(6:<0.335.0>) Session ending 

=INFO REPORT==== 17-Sep-2025::02:17:23 ===
    ts_config_server:(6:<0.135.0>) Session 2 chosen

=INFO REPORT==== 17-Sep-2025::02:17:23 ===
           ts_client:(6:<0.458.0>) Starting new transaction tr_fluxo_compra (now-576460673137850009)

=INFO REPORT==== 17-Sep-2025::02:17:24 ===
    ts_config_server:(6:<0.135.0>) Session 2 chosen

=INFO REPORT==== 17-Sep-2025::02:17:24 ===
           ts_client:(6:<0.463.0>) Starting new transaction tr_fluxo_compra (now-576460672611881656)

=INFO REPORT==== 17-Sep-2025::02:17:24 ===
    ts_config_server:(6:<0.135.0>) Session 1 chosen

=INFO REPORT==== 17-Sep-2025::02:17:24 ===
           ts_client:(6:<0.468.0>) Starting new transaction tr_fluxo_navegacao (now-576460672428841062)

=INFO REPORT==== 17-Sep-2025::02:17:25 ===
    ts_config_server:(6:<0.135.0>) Session 1 chosen

=INFO REPORT==== 17-Sep-2025::02:17:25 ===
           ts_client:(6:<0.473.0>) Starting new transaction tr_fluxo_navegacao (now-576460671842860654)

=INFO REPORT==== 17-Sep-2025::02:17:25 ===
    ts_config_server:(6:<0.135.0>) Session 2 chosen

=INFO REPORT==== 17-Sep-2025::02:17:25 ===
           ts_client:(6:<0.474.0>) Starting new transaction tr_fluxo_compra (now-576460671804584373)

=INFO REPORT==== 17-Sep-2025::02:17:25 ===
    ts_config_server:(6:<0.135.0>) Session 2 chosen

=INFO REPORT==== 17-Sep-2025::02:17:25 ===
           ts_client:(6:<0.484.0>) Starting new transaction tr_fluxo_compra (now-576460671634279670)

=INFO REPORT==== 17-Sep-2025::02:17:25 ===
    ts_config_server:(6:<0.135.0>) Session 1 chosen

=INFO REPORT==== 17-Sep-2025::02:17:25 ===
           ts_client:(6:<0.489.0>) Starting new transaction tr_fluxo_navegacao (now-576460671057733992)

=INFO REPORT==== 17-Sep-2025::02:17:26 ===
    ts_config_server:(6:<0.135.0>) Session 1 chosen

=INFO REPORT==== 17-Sep-2025::02:17:26 ===
           ts_client:(6:<0.490.0>) Starting new transaction tr_fluxo_navegacao (now-576460670890777255)

=INFO REPORT==== 17-Sep-2025::02:17:27 ===
    ts_config_server:(6:<0.135.0>) Session 1 chosen

=INFO REPORT==== 17-Sep-2025::02:17:27 ===
           ts_client:(6:<0.500.0>) Starting new transaction tr_fluxo_navegacao (now-576460669694550589)

=INFO REPORT==== 17-Sep-2025::02:17:27 ===
    ts_config_server:(6:<0.135.0>) Session 2 chosen

=INFO REPORT==== 17-Sep-2025::02:17:27 ===
           ts_client:(6:<0.505.0>) Starting new transaction tr_fluxo_compra (now-576460669107829911)

=INFO REPORT==== 17-Sep-2025::02:17:27 ===
    ts_config_server:(6:<0.135.0>) Session 2 chosen

=INFO REPORT==== 17-Sep-2025::02:17:27 ===
           ts_client:(6:<0.506.0>) Starting new transaction tr_fluxo_compra (now-576460669054852025)

=INFO REPORT==== 17-Sep-2025::02:17:28 ===
    ts_config_server:(6:<0.135.0>) Session 2 chosen

=INFO REPORT==== 17-Sep-2025::02:17:28 ===
           ts_client:(6:<0.516.0>) Starting new transaction tr_fluxo_compra (now-576460668743372311)

=INFO REPORT==== 17-Sep-2025::02:17:28 ===
           ts_client:(6:<0.345.0>) Stopping transaction tr_fluxo_navegacao (-576460668693052816)

=INFO REPORT==== 17-Sep-2025::02:17:28 ===
           ts_client:(6:<0.345.0>) Session ending 

=INFO REPORT==== 17-Sep-2025::02:17:29 ===
    ts_config_server:(6:<0.135.0>) Session 2 chosen

=INFO REPORT==== 17-Sep-2025::02:17:29 ===
           ts_client:(6:<0.521.0>) Starting new transaction tr_fluxo_compra (now-576460667809812365)

=INFO REPORT==== 17-Sep-2025::02:17:29 ===
    ts_config_server:(6:<0.135.0>) Session 1 chosen

=INFO REPORT==== 17-Sep-2025::02:17:29 ===
    ts_config_server:(6:<0.135.0>) Session 2 chosen

=INFO REPORT==== 17-Sep-2025::02:17:29 ===
           ts_client:(6:<0.522.0>) Starting new transaction tr_fluxo_navegacao (now-576460667782663200)

=INFO REPORT==== 17-Sep-2025::02:17:29 ===
           ts_client:(6:<0.523.0>) Starting new transaction tr_fluxo_compra (now-576460667780691485)

=INFO REPORT==== 17-Sep-2025::02:17:29 ===
    ts_config_server:(6:<0.135.0>) Session 1 chosen

=INFO REPORT==== 17-Sep-2025::02:17:29 ===
           ts_client:(6:<0.536.0>) Starting new transaction tr_fluxo_navegacao (now-576460667578861144)

=INFO REPORT==== 17-Sep-2025::02:17:29 ===
    ts_config_server:(6:<0.135.0>) Session 2 chosen

=INFO REPORT==== 17-Sep-2025::02:17:29 ===
           ts_client:(6:<0.537.0>) Starting new transaction tr_fluxo_compra (now-576460667558748948)

=INFO REPORT==== 17-Sep-2025::02:17:30 ===
    ts_config_server:(6:<0.135.0>) Session 1 chosen

=INFO REPORT==== 17-Sep-2025::02:17:30 ===
           ts_client:(6:<0.547.0>) Starting new transaction tr_fluxo_navegacao (now-576460666761677006)

=INFO REPORT==== 17-Sep-2025::02:17:30 ===
    ts_config_server:(6:<0.135.0>) Session 1 chosen

=INFO REPORT==== 17-Sep-2025::02:17:30 ===
           ts_client:(6:<0.548.0>) Starting new transaction tr_fluxo_navegacao (now-576460666647874779)

=INFO REPORT==== 17-Sep-2025::02:17:30 ===
    ts_config_server:(6:<0.135.0>) Session 1 chosen

=INFO REPORT==== 17-Sep-2025::02:17:30 ===
           ts_client:(6:<0.549.0>) Starting new transaction tr_fluxo_navegacao (now-576460666627823789)

=INFO REPORT==== 17-Sep-2025::02:17:32 ===
    ts_config_server:(6:<0.135.0>) Session 1 chosen

=INFO REPORT==== 17-Sep-2025::02:17:32 ===
           ts_client:(6:<0.563.0>) Starting new transaction tr_fluxo_navegacao (now-576460664770847404)

=INFO REPORT==== 17-Sep-2025::02:17:33 ===
    ts_config_server:(6:<0.135.0>) Session 2 chosen

=INFO REPORT==== 17-Sep-2025::02:17:33 ===
           ts_client:(6:<0.568.0>) Starting new transaction tr_fluxo_compra (now-576460663711827956)

=INFO REPORT==== 17-Sep-2025::02:17:33 ===
    ts_config_server:(6:<0.135.0>) Session 1 chosen

=INFO REPORT==== 17-Sep-2025::02:17:33 ===
           ts_client:(6:<0.573.0>) Starting new transaction tr_fluxo_navegacao (now-576460663432887296)

=INFO REPORT==== 17-Sep-2025::02:17:33 ===
    ts_config_server:(6:<0.135.0>) Session 2 chosen

=INFO REPORT==== 17-Sep-2025::02:17:33 ===
           ts_client:(6:<0.578.0>) Starting new transaction tr_fluxo_compra (now-576460662977821201)

=INFO REPORT==== 17-Sep-2025::02:17:34 ===
    ts_config_server:(6:<0.135.0>) Session 1 chosen

=INFO REPORT==== 17-Sep-2025::02:17:34 ===
           ts_client:(6:<0.583.0>) Starting new transaction tr_fluxo_navegacao (now-576460662672888702)

=INFO REPORT==== 17-Sep-2025::02:17:34 ===
           ts_client:(6:<0.379.0>) Stopping transaction tr_fluxo_navegacao (-576460662617947903)

=INFO REPORT==== 17-Sep-2025::02:17:34 ===
           ts_client:(6:<0.379.0>) Session ending 

=INFO REPORT==== 17-Sep-2025::02:17:34 ===
    ts_config_server:(6:<0.135.0>) Session 1 chosen

=INFO REPORT==== 17-Sep-2025::02:17:34 ===
           ts_client:(6:<0.588.0>) Starting new transaction tr_fluxo_navegacao (now-576460662448628012)

=INFO REPORT==== 17-Sep-2025::02:17:35 ===
           ts_client:(6:<0.411.0>) Stopping transaction tr_fluxo_navegacao (-576460661890903408)

=INFO REPORT==== 17-Sep-2025::02:17:35 ===
           ts_client:(6:<0.411.0>) Session ending 

=INFO REPORT==== 17-Sep-2025::02:17:35 ===
    ts_config_server:(6:<0.135.0>) Session 1 chosen

=INFO REPORT==== 17-Sep-2025::02:17:35 ===
           ts_client:(6:<0.589.0>) Starting new transaction tr_fluxo_navegacao (now-576460661769818085)

=INFO REPORT==== 17-Sep-2025::02:17:35 ===
           ts_client:(6:<0.447.0>) Stopping transaction tr_fluxo_navegacao (-576460661426661838)

=INFO REPORT==== 17-Sep-2025::02:17:35 ===
           ts_client:(6:<0.447.0>) Session ending 

=INFO REPORT==== 17-Sep-2025::02:17:35 ===
           ts_client:(6:<0.401.0>) Stopping transaction tr_fluxo_navegacao (-576460661175848043)

=INFO REPORT==== 17-Sep-2025::02:17:35 ===
           ts_client:(6:<0.401.0>) Session ending 

=INFO REPORT==== 17-Sep-2025::02:17:35 ===
           ts_client:(6:<0.340.0>) Stopping transaction tr_fluxo_navegacao (-576460661134719229)

=INFO REPORT==== 17-Sep-2025::02:17:35 ===
           ts_client:(6:<0.340.0>) Session ending 

=INFO REPORT==== 17-Sep-2025::02:17:36 ===
    ts_config_server:(6:<0.135.0>) Session 1 chosen

=INFO REPORT==== 17-Sep-2025::02:17:36 ===
           ts_client:(6:<0.595.0>) Starting new transaction tr_fluxo_navegacao (now-576460660414806074)

=INFO REPORT==== 17-Sep-2025::02:17:37 ===
    ts_config_server:(6:<0.135.0>) Session 1 chosen

=INFO REPORT==== 17-Sep-2025::02:17:37 ===
           ts_client:(6:<0.604.0>) Starting new transaction tr_fluxo_navegacao (now-576460659247778313)

=INFO REPORT==== 17-Sep-2025::02:17:37 ===
           ts_client:(6:<0.391.0>) Stopping transaction tr_fluxo_navegacao (-576460658988720573)

=INFO REPORT==== 17-Sep-2025::02:17:37 ===
           ts_client:(6:<0.391.0>) Session ending 

=INFO REPORT==== 17-Sep-2025::02:17:38 ===
    ts_config_server:(6:<0.135.0>) Session 1 chosen

=INFO REPORT==== 17-Sep-2025::02:17:38 ===
           ts_client:(6:<0.609.0>) Starting new transaction tr_fluxo_navegacao (now-576460658670829905)

=INFO REPORT==== 17-Sep-2025::02:17:38 ===
    ts_config_server:(6:<0.135.0>) Session 1 chosen

=INFO REPORT==== 17-Sep-2025::02:17:38 ===
           ts_client:(6:<0.610.0>) Starting new transaction tr_fluxo_navegacao (now-576460658559859236)

=INFO REPORT==== 17-Sep-2025::02:17:38 ===
    ts_config_server:(6:<0.135.0>) Session 1 chosen

=INFO REPORT==== 17-Sep-2025::02:17:38 ===
           ts_client:(6:<0.619.0>) Starting new transaction tr_fluxo_navegacao (now-576460658401852548)

=INFO REPORT==== 17-Sep-2025::02:17:38 ===
    ts_config_server:(6:<0.135.0>) Session 2 chosen

=INFO REPORT==== 17-Sep-2025::02:17:38 ===
           ts_client:(6:<0.624.0>) Starting new transaction tr_fluxo_compra (now-576460658159773948)

=INFO REPORT==== 17-Sep-2025::02:17:39 ===
    ts_config_server:(6:<0.135.0>) Session 2 chosen

=INFO REPORT==== 17-Sep-2025::02:17:39 ===
           ts_client:(6:<0.630.0>) Starting new transaction tr_fluxo_compra (now-576460657693772006)

=INFO REPORT==== 17-Sep-2025::02:17:39 ===
           ts_client:(6:<0.468.0>) Stopping transaction tr_fluxo_navegacao (-576460657194334639)

=INFO REPORT==== 17-Sep-2025::02:17:39 ===
           ts_client:(6:<0.468.0>) Session ending 

=INFO REPORT==== 17-Sep-2025::02:17:39 ===
           ts_client:(6:<0.417.0>) Stopping transaction tr_fluxo_navegacao (-576460657120735699)

=INFO REPORT==== 17-Sep-2025::02:17:39 ===
           ts_client:(6:<0.417.0>) Session ending 

=INFO REPORT==== 17-Sep-2025::02:17:40 ===
    ts_config_server:(6:<0.135.0>) Session 1 chosen

=INFO REPORT==== 17-Sep-2025::02:17:40 ===
           ts_client:(6:<0.635.0>) Starting new transaction tr_fluxo_navegacao (now-576460656885695819)

=INFO REPORT==== 17-Sep-2025::02:17:40 ===
    ts_config_server:(6:<0.135.0>) Session 2 chosen

=INFO REPORT==== 17-Sep-2025::02:17:40 ===
           ts_client:(6:<0.636.0>) Starting new transaction tr_fluxo_compra (now-576460656862745568)

=INFO REPORT==== 17-Sep-2025::02:17:40 ===
    ts_config_server:(6:<0.135.0>) Session 2 chosen

=INFO REPORT==== 17-Sep-2025::02:17:40 ===
           ts_client:(6:<0.645.0>) Starting new transaction tr_fluxo_compra (now-576460656676888727)

=INFO REPORT==== 17-Sep-2025::02:17:41 ===
           ts_client:(6:<0.547.0>) Stopping transaction tr_fluxo_navegacao (-576460655565232239)

=INFO REPORT==== 17-Sep-2025::02:17:41 ===
           ts_client:(6:<0.547.0>) Session ending 

=INFO REPORT==== 17-Sep-2025::02:17:41 ===
    ts_config_server:(6:<0.135.0>) Session 1 chosen

=INFO REPORT==== 17-Sep-2025::02:17:41 ===
           ts_client:(6:<0.650.0>) Starting new transaction tr_fluxo_navegacao (now-576460655261815754)

=INFO REPORT==== 17-Sep-2025::02:17:41 ===
    ts_config_server:(6:<0.135.0>) Session 1 chosen

=INFO REPORT==== 17-Sep-2025::02:17:41 ===
           ts_client:(6:<0.651.0>) Starting new transaction tr_fluxo_navegacao (now-576460655245835317)

=INFO REPORT==== 17-Sep-2025::02:17:42 ===
    ts_config_server:(6:<0.135.0>) Session 1 chosen

=INFO REPORT==== 17-Sep-2025::02:17:42 ===
           ts_client:(6:<0.661.0>) Starting new transaction tr_fluxo_navegacao (now-576460654893826353)

=INFO REPORT==== 17-Sep-2025::02:17:42 ===
    ts_config_server:(6:<0.135.0>) Session 2 chosen

=INFO REPORT==== 17-Sep-2025::02:17:42 ===
           ts_client:(6:<0.662.0>) Starting new transaction tr_fluxo_compra (now-576460654757863724)

=INFO REPORT==== 17-Sep-2025::02:17:42 ===
           ts_client:(6:<0.416.0>) Stopping transaction tr_fluxo_navegacao (-576460654211273126)

=INFO REPORT==== 17-Sep-2025::02:17:42 ===
           ts_client:(6:<0.416.0>) Session ending 

=INFO REPORT==== 17-Sep-2025::02:17:42 ===
    ts_config_server:(6:<0.135.0>) Session 1 chosen

=INFO REPORT==== 17-Sep-2025::02:17:42 ===
           ts_client:(6:<0.671.0>) Starting new transaction tr_fluxo_navegacao (now-576460654185616798)

=INFO REPORT==== 17-Sep-2025::02:17:42 ===
    ts_config_server:(6:<0.135.0>) Session 1 chosen

=INFO REPORT==== 17-Sep-2025::02:17:42 ===
         ts_launcher:(5:<0.190.0>) This was the last phase, wait for connected users to finish their session

=INFO REPORT==== 17-Sep-2025::02:17:42 ===
         ts_launcher:(6:<0.190.0>) launcher terminating for reason normal

=INFO REPORT==== 17-Sep-2025::02:17:42 ===
     ts_launcher_mgr:(6:<0.183.0>) All launchers are done on node tsung_controller@90c4072c0a63, wait for active clients to finish

=INFO REPORT==== 17-Sep-2025::02:17:42 ===
           ts_client:(6:<0.672.0>) Starting new transaction tr_fluxo_navegacao (now-576460654118609333)

=INFO REPORT==== 17-Sep-2025::02:17:43 ===
           ts_client:(6:<0.489.0>) Stopping transaction tr_fluxo_navegacao (-576460653364136722)

=INFO REPORT==== 17-Sep-2025::02:17:43 ===
           ts_client:(6:<0.489.0>) Session ending 

=INFO REPORT==== 17-Sep-2025::02:17:44 ===
           ts_client:(6:<0.548.0>) Stopping transaction tr_fluxo_navegacao (-576460652707002738)

=INFO REPORT==== 17-Sep-2025::02:17:44 ===
           ts_client:(6:<0.548.0>) Session ending 

=INFO REPORT==== 17-Sep-2025::02:17:44 ===
           ts_client:(6:<0.490.0>) Stopping transaction tr_fluxo_navegacao (-576460652633563907)

=INFO REPORT==== 17-Sep-2025::02:17:44 ===
           ts_client:(6:<0.490.0>) Session ending 

=INFO REPORT==== 17-Sep-2025::02:17:44 ===
           ts_client:(6:<0.549.0>) Stopping transaction tr_fluxo_navegacao (-576460652101772147)

=INFO REPORT==== 17-Sep-2025::02:17:44 ===
           ts_client:(6:<0.549.0>) Session ending 

=INFO REPORT==== 17-Sep-2025::02:17:47 ===
           ts_client:(6:<0.522.0>) Stopping transaction tr_fluxo_navegacao (-576460649787001915)

=INFO REPORT==== 17-Sep-2025::02:17:47 ===
           ts_client:(6:<0.522.0>) Session ending 

=INFO REPORT==== 17-Sep-2025::02:17:47 ===
           ts_client:(6:<0.396.0>) Stopping transaction tr_fluxo_navegacao (-576460649247267230)

=INFO REPORT==== 17-Sep-2025::02:17:47 ===
           ts_client:(6:<0.396.0>) Session ending 

=INFO REPORT==== 17-Sep-2025::02:17:48 ===
           ts_client:(6:<0.438.0>) Stopping transaction tr_fluxo_navegacao (-576460648884850070)

=INFO REPORT==== 17-Sep-2025::02:17:48 ===
           ts_client:(6:<0.438.0>) Session ending 

=INFO REPORT==== 17-Sep-2025::02:17:48 ===
           ts_client:(6:<0.473.0>) Stopping transaction tr_fluxo_navegacao (-576460648526725757)

=INFO REPORT==== 17-Sep-2025::02:17:48 ===
           ts_client:(6:<0.473.0>) Session ending 

=INFO REPORT==== 17-Sep-2025::02:17:48 ===
           ts_client:(6:<0.583.0>) Stopping transaction tr_fluxo_navegacao (-576460648264530011)

=INFO REPORT==== 17-Sep-2025::02:17:48 ===
           ts_client:(6:<0.583.0>) Session ending 

=INFO REPORT==== 17-Sep-2025::02:17:49 ===
           ts_client:(6:<0.536.0>) Stopping transaction tr_fluxo_navegacao (-576460647281847399)

=INFO REPORT==== 17-Sep-2025::02:17:49 ===
           ts_client:(6:<0.536.0>) Session ending 

=INFO REPORT==== 17-Sep-2025::02:17:49 ===
           ts_client:(6:<0.619.0>) Stopping transaction tr_fluxo_navegacao (-576460646972997506)

=INFO REPORT==== 17-Sep-2025::02:17:49 ===
           ts_client:(6:<0.619.0>) Session ending 

=INFO REPORT==== 17-Sep-2025::02:17:49 ===
           ts_client:(6:<0.369.0>) Stopping transaction tr_fluxo_compra (-576460646959785033)

=INFO REPORT==== 17-Sep-2025::02:17:49 ===
           ts_client:(6:<0.369.0>) Session ending 

=INFO REPORT==== 17-Sep-2025::02:17:50 ===
           ts_client:(6:<0.463.0>) Stopping transaction tr_fluxo_compra (-576460646208552971)

=INFO REPORT==== 17-Sep-2025::02:17:50 ===
           ts_client:(6:<0.463.0>) Session ending 

=INFO REPORT==== 17-Sep-2025::02:17:50 ===
           ts_client:(6:<0.563.0>) Stopping transaction tr_fluxo_navegacao (-576460646048159404)

=INFO REPORT==== 17-Sep-2025::02:17:50 ===
           ts_client:(6:<0.563.0>) Session ending 

=INFO REPORT==== 17-Sep-2025::02:17:51 ===
           ts_client:(6:<0.427.0>) Stopping transaction tr_fluxo_navegacao (-576460645861784337)

=INFO REPORT==== 17-Sep-2025::02:17:51 ===
           ts_client:(6:<0.427.0>) Session ending 

=INFO REPORT==== 17-Sep-2025::02:17:51 ===
           ts_client:(6:<0.635.0>) Stopping transaction tr_fluxo_navegacao (-576460644976167397)

=INFO REPORT==== 17-Sep-2025::02:17:51 ===
           ts_client:(6:<0.635.0>) Session ending 

=INFO REPORT==== 17-Sep-2025::02:17:52 ===
           ts_client:(6:<0.589.0>) Stopping transaction tr_fluxo_navegacao (-576460644920678697)

=INFO REPORT==== 17-Sep-2025::02:17:52 ===
           ts_client:(6:<0.589.0>) Session ending 

=INFO REPORT==== 17-Sep-2025::02:17:52 ===
           ts_client:(6:<0.610.0>) Stopping transaction tr_fluxo_navegacao (-576460644914505530)

=INFO REPORT==== 17-Sep-2025::02:17:52 ===
           ts_client:(6:<0.610.0>) Session ending 

=INFO REPORT==== 17-Sep-2025::02:17:52 ===
           ts_client:(6:<0.432.0>) Stopping transaction tr_fluxo_compra (-576460644910631211)

=INFO REPORT==== 17-Sep-2025::02:17:52 ===
           ts_client:(6:<0.432.0>) Session ending 

=INFO REPORT==== 17-Sep-2025::02:17:54 ===
           ts_client:(6:<0.671.0>) Stopping transaction tr_fluxo_navegacao (-576460642591725043)

=INFO REPORT==== 17-Sep-2025::02:17:54 ===
           ts_client:(6:<0.671.0>) Session ending 

=INFO REPORT==== 17-Sep-2025::02:17:54 ===
           ts_client:(6:<0.505.0>) Stopping transaction tr_fluxo_compra (-576460642055716183)

=INFO REPORT==== 17-Sep-2025::02:17:54 ===
           ts_client:(6:<0.505.0>) Session ending 

=INFO REPORT==== 17-Sep-2025::02:17:55 ===
           ts_client:(6:<0.609.0>) Stopping transaction tr_fluxo_navegacao (-576460641873820213)

=INFO REPORT==== 17-Sep-2025::02:17:55 ===
           ts_client:(6:<0.609.0>) Session ending 

=INFO REPORT==== 17-Sep-2025::02:17:55 ===
           ts_client:(6:<0.604.0>) Stopping transaction tr_fluxo_navegacao (-576460641726761911)

=INFO REPORT==== 17-Sep-2025::02:17:55 ===
           ts_client:(6:<0.604.0>) Session ending 

=INFO REPORT==== 17-Sep-2025::02:17:55 ===
           ts_client:(6:<0.506.0>) Stopping transaction tr_fluxo_compra (-576460641578353963)

=INFO REPORT==== 17-Sep-2025::02:17:55 ===
           ts_client:(6:<0.506.0>) Session ending 

=INFO REPORT==== 17-Sep-2025::02:17:56 ===
           ts_client:(6:<0.437.0>) Stopping transaction tr_fluxo_navegacao (-576460640748540732)

=INFO REPORT==== 17-Sep-2025::02:17:56 ===
           ts_client:(6:<0.437.0>) Session ending 

=INFO REPORT==== 17-Sep-2025::02:17:56 ===
           ts_client:(6:<0.650.0>) Stopping transaction tr_fluxo_navegacao (-576460640332293722)

=INFO REPORT==== 17-Sep-2025::02:17:56 ===
           ts_client:(6:<0.650.0>) Session ending 

=INFO REPORT==== 17-Sep-2025::02:17:56 ===
           ts_client:(6:<0.500.0>) Stopping transaction tr_fluxo_navegacao (-576460640178613304)

=INFO REPORT==== 17-Sep-2025::02:17:56 ===
           ts_client:(6:<0.500.0>) Session ending 

=INFO REPORT==== 17-Sep-2025::02:17:57 ===
           ts_client:(6:<0.537.0>) Stopping transaction tr_fluxo_compra (-576460639934714430)

=INFO REPORT==== 17-Sep-2025::02:17:57 ===
           ts_client:(6:<0.537.0>) Session ending 

=INFO REPORT==== 17-Sep-2025::02:17:58 ===
           ts_client:(6:<0.661.0>) Stopping transaction tr_fluxo_navegacao (-576460638945317743)

=INFO REPORT==== 17-Sep-2025::02:17:58 ===
           ts_client:(6:<0.661.0>) Session ending 

=INFO REPORT==== 17-Sep-2025::02:17:58 ===
           ts_client:(6:<0.651.0>) Stopping transaction tr_fluxo_navegacao (-576460638426782571)

=INFO REPORT==== 17-Sep-2025::02:17:58 ===
           ts_client:(6:<0.651.0>) Session ending 

=INFO REPORT==== 17-Sep-2025::02:17:59 ===
           ts_client:(6:<0.595.0>) Stopping transaction tr_fluxo_navegacao (-576460637103555298)

=INFO REPORT==== 17-Sep-2025::02:17:59 ===
           ts_client:(6:<0.595.0>) Session ending 

=INFO REPORT==== 17-Sep-2025::02:18:01 ===
           ts_client:(6:<0.484.0>) Stopping transaction tr_fluxo_compra (-576460635176094535)

=INFO REPORT==== 17-Sep-2025::02:18:01 ===
           ts_client:(6:<0.484.0>) Session ending 

=INFO REPORT==== 17-Sep-2025::02:18:02 ===
           ts_client:(6:<0.672.0>) Stopping transaction tr_fluxo_navegacao (-576460634906552113)

=INFO REPORT==== 17-Sep-2025::02:18:02 ===
           ts_client:(6:<0.672.0>) Session ending 

=INFO REPORT==== 17-Sep-2025::02:18:03 ===
           ts_client:(6:<0.573.0>) Stopping transaction tr_fluxo_navegacao (-576460633928373865)

=INFO REPORT==== 17-Sep-2025::02:18:03 ===
           ts_client:(6:<0.573.0>) Session ending 

=INFO REPORT==== 17-Sep-2025::02:18:03 ===
           ts_client:(6:<0.452.0>) Stopping transaction tr_fluxo_compra (-576460633418528691)

=INFO REPORT==== 17-Sep-2025::02:18:03 ===
           ts_client:(6:<0.452.0>) Session ending 

=INFO REPORT==== 17-Sep-2025::02:18:04 ===
           ts_client:(6:<0.588.0>) Stopping transaction tr_fluxo_navegacao (-576460632192237845)

=INFO REPORT==== 17-Sep-2025::02:18:04 ===
           ts_client:(6:<0.588.0>) Session ending 

=INFO REPORT==== 17-Sep-2025::02:18:06 ===
           ts_client:(6:<0.521.0>) Stopping transaction tr_fluxo_compra (-576460630391686641)

=INFO REPORT==== 17-Sep-2025::02:18:06 ===
           ts_client:(6:<0.521.0>) Session ending 

=INFO REPORT==== 17-Sep-2025::02:18:07 ===
           ts_client:(6:<0.406.0>) Stopping transaction tr_fluxo_compra (-576460629300461194)

=INFO REPORT==== 17-Sep-2025::02:18:07 ===
           ts_client:(6:<0.406.0>) Session ending 

=INFO REPORT==== 17-Sep-2025::02:18:08 ===
           ts_client:(6:<0.385.0>) Stopping transaction tr_fluxo_compra (-576460628041119929)

=INFO REPORT==== 17-Sep-2025::02:18:08 ===
           ts_client:(6:<0.385.0>) Session ending 

=INFO REPORT==== 17-Sep-2025::02:18:12 ===
           ts_client:(6:<0.458.0>) Stopping transaction tr_fluxo_compra (-576460624441333812)

=INFO REPORT==== 17-Sep-2025::02:18:12 ===
           ts_client:(6:<0.458.0>) Session ending 

=INFO REPORT==== 17-Sep-2025::02:18:13 ===
           ts_client:(6:<0.624.0>) Stopping transaction tr_fluxo_compra (-576460623547555761)

=INFO REPORT==== 17-Sep-2025::02:18:13 ===
           ts_client:(6:<0.624.0>) Session ending 

=INFO REPORT==== 17-Sep-2025::02:18:14 ===
           ts_client:(6:<0.374.0>) Stopping transaction tr_fluxo_compra (-576460622324672957)

=INFO REPORT==== 17-Sep-2025::02:18:14 ===
           ts_client:(6:<0.374.0>) Session ending 

=INFO REPORT==== 17-Sep-2025::02:18:15 ===
           ts_client:(6:<0.645.0>) Stopping transaction tr_fluxo_compra (-576460621345882560)

=INFO REPORT==== 17-Sep-2025::02:18:15 ===
           ts_client:(6:<0.645.0>) Session ending 

=INFO REPORT==== 17-Sep-2025::02:18:16 ===
           ts_client:(6:<0.516.0>) Stopping transaction tr_fluxo_compra (-576460620871074956)

=INFO REPORT==== 17-Sep-2025::02:18:16 ===
           ts_client:(6:<0.516.0>) Session ending 

=INFO REPORT==== 17-Sep-2025::02:18:24 ===
           ts_client:(6:<0.578.0>) Stopping transaction tr_fluxo_compra (-576460612691537771)

=INFO REPORT==== 17-Sep-2025::02:18:24 ===
           ts_client:(6:<0.578.0>) Session ending 

=INFO REPORT==== 17-Sep-2025::02:18:24 ===
           ts_client:(6:<0.630.0>) Stopping transaction tr_fluxo_compra (-576460612487219502)

=INFO REPORT==== 17-Sep-2025::02:18:24 ===
           ts_client:(6:<0.630.0>) Session ending 

=INFO REPORT==== 17-Sep-2025::02:18:25 ===
           ts_client:(6:<0.568.0>) Stopping transaction tr_fluxo_compra (-576460611588509629)

=INFO REPORT==== 17-Sep-2025::02:18:25 ===
           ts_client:(6:<0.568.0>) Session ending 

=INFO REPORT==== 17-Sep-2025::02:18:25 ===
           ts_client:(6:<0.662.0>) Stopping transaction tr_fluxo_compra (-576460610967316231)

=INFO REPORT==== 17-Sep-2025::02:18:25 ===
           ts_client:(6:<0.662.0>) Session ending 

=INFO REPORT==== 17-Sep-2025::02:18:27 ===
           ts_client:(6:<0.523.0>) Stopping transaction tr_fluxo_compra (-576460609071030307)

=INFO REPORT==== 17-Sep-2025::02:18:27 ===
           ts_client:(6:<0.523.0>) Session ending 

=INFO REPORT==== 17-Sep-2025::02:18:28 ===
           ts_client:(6:<0.636.0>) Stopping transaction tr_fluxo_compra (-576460608542631232)

=INFO REPORT==== 17-Sep-2025::02:18:28 ===
           ts_client:(6:<0.636.0>) Session ending 

=INFO REPORT==== 17-Sep-2025::02:18:34 ===
           ts_client:(6:<0.474.0>) Stopping transaction tr_fluxo_compra (-576460602284435417)

=INFO REPORT==== 17-Sep-2025::02:18:34 ===
           ts_client:(6:<0.474.0>) Session ending 

=INFO REPORT==== 17-Sep-2025::02:18:37 ===
     ts_launcher_mgr:(5:<0.183.0>) No more active users tsung_controller@90c4072c0a63 "15"

=INFO REPORT==== 17-Sep-2025::02:18:38 ===
              ts_mon:(6:<0.136.0>) Stop asked, no more users, last launcher stopped, OK to stop
