# stats: dump at 1758075921
stats: users 3 3
stats: {load,"tsung_controller@90c4072c0a63"} 1 0.6796875 0 0.6796875 0.6796875 0 0
stats: {cpu,"tsung_controller@90c4072c0a63"} 1 5.401838480915703 0 5.401838480915703 5.401838480915703 0 0
stats: {freemem,"tsung_controller@90c4072c0a63"} 1 6814.5234375 0 6814.5234375 6814.5234375 0 0
stats: users_count 3 3
stats: finish_users_count 0 0
stats: request 8 483.778375 366.37992754650793 1241.758 135.127 0 0
stats: connect 3 667.0880000000001 309.0190218557212 1103.747 433.402 0 0
stats: page 8 483.778375 366.37992754650793 1241.758 135.127 0 0
stats: 200 8 8
stats: size_rcv 3513 3513
stats: size_sent 595 595
stats: connected 3 3
# stats: dump at 1758075931
stats: users 7 8
stats: {load,"tsung_controller@90c4072c0a63"} 1 0.73046875 0.0 0.73046875 0.6796875 0.6796875 1
stats: {cpu,"tsung_controller@90c4072c0a63"} 1 13.945322297466767 0.0 13.945322297466767 5.401838480915703 5.401838480915703 1
stats: {freemem,"tsung_controller@90c4072c0a63"} 1 6824.2265625 0.0 6824.2265625 6814.5234375 6814.5234375 1
stats: session 1 16475.855 0 16475.855 16475.855 0 0
stats: users_count 5 8
stats: finish_users_count 1 1
stats: request 17 479.4387647058824 404.0744234029361 1489.997 135.127 483.778375 8
stats: connect 5 456.55 21.68835979967134 1103.747 433.402 667.0880000000001 3
stats: page 17 479.4387647058824 404.0744234029361 1489.997 135.127 483.778375 8
stats: 200 17 25
stats: size_rcv 7649 11162
stats: size_sent 1379 1974
stats: connected 5 8
# stats: dump at 1758075941
stats: users 9 10
stats: {load,"tsung_controller@90c4072c0a63"} 1 0.609375 0.0 0.73046875 0.609375 0.705078125 2
stats: {cpu,"tsung_controller@90c4072c0a63"} 1 3.5200605601816806 0.0 13.945322297466767 3.5200605601816806 9.673580389191235 2
stats: {freemem,"tsung_controller@90c4072c0a63"} 1 6819.984375 0.0 6824.2265625 6814.5234375 6819.375 2
stats: session 4 13555.27075 1459.322051686737 16475.855 11935.973 16475.855 1
stats: users_count 6 14
stats: finish_users_count 4 5
stats: request 32 454.56281250000006 393.6772511249251 1868.848 133.948 480.8274400000001 25
stats: connect 6 443.1521666666667 15.83246589992291 1103.747 419.89 535.50175 8
stats: page 32 454.56281250000006 393.6772511249251 1868.848 133.948 480.8274400000001 25
stats: tr_fluxo_navegacao 5 14135.722399999999 1749.0155729351977 16464.564 11934.399 0 0
stats: 200 32 57
stats: size_rcv 15415 26577
stats: size_sent 2650 4624
stats: connected 1 9
# stats: dump at 1758075951
stats: users 10 10
stats: {load,"tsung_controller@90c4072c0a63"} 1 0.51953125 0.0 0.73046875 0.51953125 0.6731770833333334 3
stats: {cpu,"tsung_controller@90c4072c0a63"} 1 3.5142965108955786 0.0 13.945322297466767 3.5142965108955786 7.622407112854717 3
stats: {freemem,"tsung_controller@90c4072c0a63"} 1 6813.12109375 0.0 6824.2265625 6813.12109375 6819.578125 3
stats: session 7 15784.677714285715 6769.3158537860845 25847.241 8369.218 14139.387599999998 5
stats: users_count 8 22
stats: finish_users_count 7 12
stats: request 39 495.1675641025641 398.465920194373 1868.848 133.948 466.08238596491236 57
stats: connect 8 451.76800000000003 23.055877878536737 1103.747 419.89 495.9233571428571 14
stats: page 39 495.1675641025641 398.465920194373 1868.848 133.948 466.08238596491236 57
stats: tr_fluxo_navegacao 7 15782.444857142857 6768.696181423409 25842.858 8367.645 14135.722399999999 5
stats: 200 39 96
stats: size_rcv 19506 46083
stats: size_sent 3336 7960
stats: connected 1 10
# stats: dump at 1758075961
stats: users 14 15
stats: {load,"tsung_controller@90c4072c0a63"} 1 0.76171875 0.0 0.76171875 0.51953125 0.634765625 4
stats: {cpu,"tsung_controller@90c4072c0a63"} 1 5.736981465136805 0.0 13.945322297466767 3.5142965108955786 6.595379462364932 4
stats: {freemem,"tsung_controller@90c4072c0a63"} 1 6807.51953125 0.0 6824.2265625 6807.51953125 6817.9638671875 4
stats: session 2 14328.0945 175.29250000000093 25847.241 8369.218 15099.140166666666 12
stats: users_count 6 28
stats: finish_users_count 2 14
stats: request 44 484.5072045454546 408.5760438423795 1868.848 133.948 477.89823958333335 96
stats: connect 6 451.81016666666665 25.87805787674611 1103.747 419.89 479.86686363636363 22
stats: page 44 484.5072045454546 408.5760438423795 1868.848 133.948 477.89823958333335 96
stats: tr_fluxo_navegacao 2 14325.956 174.90899999999965 25842.858 8367.645 15096.3105 12
stats: 200 44 140
stats: size_rcv 25243 71326
stats: size_sent 4916 12876
stats: connected 4 14
# stats: dump at 1758075971
stats: users 10 15
stats: {load,"tsung_controller@90c4072c0a63"} 1 0.640625 0.0 0.76171875 0.51953125 0.66015625 5
stats: {cpu,"tsung_controller@90c4072c0a63"} 1 4.002013591744274 0.0 13.945322297466767 3.5142965108955786 6.423699862919307 5
stats: {freemem,"tsung_controller@90c4072c0a63"} 1 6808.3125 0.0 6824.2265625 6807.51953125 6815.875 5
stats: session 6 21332.784000000003 5078.364863835669 29771.358 8369.218 14988.990785714284 14
stats: users_count 2 30
stats: finish_users_count 6 20
stats: request 38 518.0297631578948 517.0242548906006 2222.557 133.948 479.97534285714295 140
stats: connect 2 438.472 10.402000000000001 1103.747 419.89 473.8547142857143 28
stats: page 38 518.0297631578948 517.0242548906006 2222.557 133.948 479.97534285714295 140
stats: tr_fluxo_compra 1 29769.393 0 29769.393 29769.393 0 0
stats: 200 38 178
stats: tr_fluxo_navegacao 5 19643.3042 3722.5529114635515 25842.858 8367.645 14986.259857142857 14
stats: size_rcv 21794 93120
stats: size_sent 4512 17388
stats: connected -4 10
# stats: dump at 1758075981
stats: users 28 28
stats: {load,"tsung_controller@90c4072c0a63"} 1 0.5390625 0.0 0.76171875 0.51953125 0.6569010416666666 6
stats: {cpu,"tsung_controller@90c4072c0a63"} 1 3.5997482693517933 0.0 13.945322297466767 3.5142965108955786 6.020085484390134 6
stats: {freemem,"tsung_controller@90c4072c0a63"} 1 6810.03515625 0.0 6824.2265625 6807.51953125 6814.614583333333 6
stats: session 4 19262.17975 5838.584870194505 29771.358 8369.218 16892.12875 20
stats: users_count 22 52
stats: finish_users_count 4 24
stats: request 57 648.1099298245616 560.7610937303999 2666.316 133.948 488.0993202247191 178
stats: tr_fluxo_compra 1 25803.208 0.0 29769.393 25803.208 29769.393 1
stats: connect 20 448.67404999999997 17.045517394538074 1103.747 417.866 471.4958666666667 30
stats: 200 57 235
stats: page 57 648.1099298245616 560.7610937303999 2666.316 133.948 488.0993202247191 178
stats: tr_fluxo_navegacao 3 17079.596999999998 5140.801320736747 25842.858 8367.645 16211.797842105263 19
stats: size_rcv 29673 122793
stats: newphase 1 1
stats: size_sent 5845 23233
stats: connected 16 26
# stats: dump at 1758075992
stats: users 38 38
stats: {load,"tsung_controller@90c4072c0a63"} 1 0.5390625 0.0 0.76171875 0.51953125 0.6400669642857143 7
stats: {cpu,"tsung_controller@90c4072c0a63"} 1 3.774299419338551 0.0 13.945322297466767 3.5142965108955786 5.674323025098943 7
stats: {freemem,"tsung_controller@90c4072c0a63"} 1 6807.2734375 0.0 6824.2265625 6807.2734375 6813.960379464285 7
stats: session 7 22688.958285714285 10225.63063434256 35775.729 8369.218 17287.13725 24
stats: users_count 17 69
stats: finish_users_count 7 31
stats: request 97 524.9734845360825 511.77304540385916 2666.316 133.948 526.9104042553191 235
stats: connect 19 452.7752105263157 21.748330006254296 1103.747 417.866 462.36714 50
stats: page 97 524.9734845360825 511.77304540385916 2666.316 133.948 526.9104042553191 235
stats: tr_fluxo_compra 3 34054.50766666667 1218.2664323081744 35774.161 25803.208 27786.300499999998 2
stats: 200 97 332
stats: tr_fluxo_navegacao 4 14161.744749999998 3505.0008848340094 25842.858 8367.645 16330.134090909089 22
stats: size_rcv 51706 174499
stats: newphase 0 1
stats: size_sent 9922 33155
stats: connected 12 38
# stats: dump at 1758076001
stats: users 45 45
stats: {load,"tsung_controller@90c4072c0a63"} 1 0.4609375 0.0 0.76171875 0.4609375 0.62744140625 8
stats: {cpu,"tsung_controller@90c4072c0a63"} 1 5.458459979736576 0.0 13.945322297466767 3.5142965108955786 5.436820074378894 8
stats: {freemem,"tsung_controller@90c4072c0a63"} 1 6802.19921875 0.0 6824.2265625 6802.19921875 6813.12451171875 8
stats: session 14 19970.635785714287 7139.9570638774685 38213.021 8369.218 18506.90329032258 31
stats: users_count 21 90
stats: finish_users_count 14 45
stats: request 122 533.6000655737706 463.91981737882134 2666.316 133.948 526.3444969879517 332
stats: connect 21 458.01538095238107 23.403134536651052 1103.747 417.866 459.725884057971 69
stats: page 122 533.6000655737706 463.91981737882134 2666.316 133.948 526.3444969879517 332
stats: tr_fluxo_compra 1 33184.197 0.0 35774.161 25803.208 31547.224800000004 5
stats: 200 122 454
stats: tr_fluxo_navegacao 13 18952.23338461539 6358.751067163166 38211.436 8367.645 15996.535730769228 26
stats: size_rcv 65364 239863
stats: newphase 0 1
stats: size_sent 12627 45782
stats: connected 7 45
# stats: dump at 1758076011
stats: users 30 45
stats: {load,"tsung_controller@90c4072c0a63"} 1 0.390625 0.0 0.76171875 0.390625 0.6089409722222222 9
stats: {cpu,"tsung_controller@90c4072c0a63"} 1 5.2105729100796765 0.0 13.945322297466767 3.5142965108955786 5.439224508307525 9
stats: {freemem,"tsung_controller@90c4072c0a63"} 1 6797.76953125 0.0 6824.2265625 6797.76953125 6811.910590277777 9
stats: session 15 19056.16506666666 5864.617340768923 38213.021 8369.218 18962.28673333333 45
stats: users_count 0 90
stats: finish_users_count 15 60
stats: request 97 569.7456701030926 581.654902416146 2734.754 133.948 528.2942312775331 454
stats: connect 0 0 0 1103.747 417.866 459.3267666666667 90
stats: page 97 569.7456701030926 581.654902416146 2734.754 133.948 528.2942312775331 454
stats: tr_fluxo_compra 1 29164.343 0.0 35774.161 25803.208 31820.053499999998 6
stats: 200 97 551
stats: tr_fluxo_navegacao 13 17763.374769230777 5170.792393716329 38211.436 8367.645 16981.768282051282 39
stats: size_rcv 56243 296106
stats: newphase 0 1
stats: size_sent 10460 56242
stats: connected -14 31
# stats: dump at 1758076021
stats: users 13 45
stats: {load,"tsung_controller@90c4072c0a63"} 1 0.80859375 0.0 0.80859375 0.390625 0.587109375 10
stats: {cpu,"tsung_controller@90c4072c0a63"} 1 8.530805687203792 0.0 13.945322297466767 3.5142965108955786 5.4163593484847405 10
stats: {freemem,"tsung_controller@90c4072c0a63"} 1 6785.33203125 0.0 6824.2265625 6785.33203125 6810.496484375 10
stats: session 17 26733.49288235294 7060.3568153146225 41153.278 8369.218 18985.756316666662 60
stats: users_count 0 90
stats: finish_users_count 17 77
stats: connect 0 0 0 1103.747 417.866 459.3267666666667 90
stats: request 52 481.27738461538473 472.01161914793977 2734.754 133.948 535.5914900181488 551
stats: page 52 481.27738461538473 472.01161914793977 2734.754 133.948 535.5914900181488 551
stats: tr_fluxo_compra 7 31301.80457142857 6988.930359067786 41151.024 22182.286 31440.666285714284 7
stats: 200 52 603
stats: tr_fluxo_navegacao 11 23731.36227272727 4873.790490698236 38211.436 8367.645 17177.169903846156 52
stats: size_rcv 31340 327446
stats: newphase 0 1
stats: size_sent 6167 62409
stats: connected -18 13
# stats: dump at 1758076031
stats: users 7 45
stats: {load,"tsung_controller@90c4072c0a63"} 1 0.6796875 0.0 0.80859375 0.390625 0.6072443181818182 11
stats: {cpu,"tsung_controller@90c4072c0a63"} 1 4.461013522052319 0.0 13.945322297466767 3.5142965108955786 5.699490833822836 11
stats: {freemem,"tsung_controller@90c4072c0a63"} 1 6780.41015625 0.0 6824.2265625 6780.41015625 6808.208806818182 11
stats: session 6 31818.426333333333 4633.816206214544 41153.278 8369.218 20696.295558441554 77
stats: users_count 0 90
stats: finish_users_count 6 83
stats: request 21 651.7434761904763 507.2381445731026 2734.754 133.948 530.9076865671641 603
stats: connect 0 0 0 1103.747 417.866 459.3267666666667 90
stats: page 21 651.7434761904763 507.2381445731026 2734.754 133.948 530.9076865671641 603
stats: tr_fluxo_compra 1 39312.717 0.0 41151.024 22182.286 31371.23542857143 14
stats: 200 21 624
stats: tr_fluxo_navegacao 5 30317.1268 3503.928166511717 38211.436 8367.645 18321.5526984127 63
stats: size_rcv 13590 341036
stats: newphase 0 1
stats: size_sent 2656 65065
stats: connected -6 7
# stats: dump at 1758076041
stats: users 3 45
stats: {load,"tsung_controller@90c4072c0a63"} 1 0.578125 0.0 0.80859375 0.390625 0.6132812500000001 12
stats: {cpu,"tsung_controller@90c4072c0a63"} 1 4.723415003788835 0.0 13.945322297466767 3.5142965108955786 5.596284391175293 12
stats: {freemem,"tsung_controller@90c4072c0a63"} 1 6777.6484375 0.0 6824.2265625 6777.6484375 6805.892252604167 12
stats: session 4 40777.292 4150.004448047919 46014.144 8369.218 21500.30501204819 83
stats: users_count 0 90
stats: finish_users_count 4 87
stats: request 15 630.3297333333333 518.8087303020856 2734.754 133.948 534.9742756410257 624
stats: connect 0 0 0 1103.747 417.866 459.3267666666667 90
stats: page 15 630.3297333333333 518.8087303020856 2734.754 133.948 534.9742756410257 624
stats: tr_fluxo_compra 3 42529.88533333333 3263.533891434492 46012.23 22182.286 31900.667533333333 15
stats: 200 15 639
stats: tr_fluxo_navegacao 1 35511.66 0.0 38211.436 8367.645 19203.580205882354 68
stats: size_rcv 10166 351202
stats: newphase 0 1
stats: size_sent 2179 67244
stats: connected -4 3
# stats: dump at 1758076051
stats: users 0 45
stats: {load,"tsung_controller@90c4072c0a63"} 1 0.48828125 0.0 0.80859375 0.390625 0.6105769230769232 13
stats: {cpu,"tsung_controller@90c4072c0a63"} 1 2.9803822937625757 0.0 13.945322297466767 2.9803822937625757 5.529140592145565 13
stats: {freemem,"tsung_controller@90c4072c0a63"} 1 6778.265625 0.0 6824.2265625 6777.6484375 6803.719651442308 13
stats: session 3 59511.579666666665 6479.400961201184 68484.65 8369.218 22386.60326436781 87
stats: users_count 0 90
stats: finish_users_count 3 90
stats: request 6 867.0991666666667 446.0168857735533 2734.754 133.948 537.2126666666667 639
stats: connect 0 0 0 1103.747 417.866 459.3267666666667 90
stats: page 6 867.0991666666667 446.0168857735533 2734.754 133.948 537.2126666666667 639
stats: tr_fluxo_compra 3 59509.60999999999 6479.389769347314 68482.768 22182.286 33672.20383333333 18
stats: 200 6 645
stats: tr_fluxo_navegacao 0 0 0 38211.436 8367.645 19439.929188405797 69
stats: size_rcv 4286 355488
stats: newphase 0 1
stats: size_sent 817 68061
stats: connected -3 0
EndMonitor:{1758,76051,621334}
