# stats: dump at 1758076564
stats: users 7 7
stats: {load,"tsung_controller@90c4072c0a63"} 1 0.37109375 0 0.37109375 0.37109375 0 0
stats: {cpu,"tsung_controller@90c4072c0a63"} 1 5.226329221107596 0 5.226329221107596 5.226329221107596 0 0
stats: {freemem,"tsung_controller@90c4072c0a63"} 1 6819.73046875 0 6819.73046875 6819.73046875 0 0
stats: users_count 7 7
stats: finish_users_count 0 0
stats: request 14 714.1184285714286 570.2934019209154 1894.122 145.621 0 0
stats: page 14 714.1184285714286 570.2934019209154 1894.122 145.621 0 0
stats: 200 13 13
stats: connect 6 586.9363333333334 238.5128957189154 1106.195 445.895 0 0
stats: size_rcv 7316 7316
stats: 502 1 1
stats: size_sent 1415 1415
stats: connected 6 6
# stats: dump at 1758076574
stats: users 8 8
stats: {load,"tsung_controller@90c4072c0a63"} 1 0.390625 0.0 0.390625 0.37109375 0.37109375 1
stats: {cpu,"tsung_controller@90c4072c0a63"} 1 5.1869570691174625 0.0 5.226329221107596 5.1869570691174625 5.226329221107596 1
stats: {freemem,"tsung_controller@90c4072c0a63"} 1 6809.45703125 0.0 6819.73046875 6809.45703125 6819.73046875 1
stats: users_count 1 8
stats: finish_users_count 0 0
stats: request 18 763.2762777777778 837.4267792644989 3646.177 140.873 714.1184285714286 14
stats: page 18 763.2762777777778 837.4267792644989 3646.177 140.873 714.1184285714286 14
stats: 200 18 31
stats: connect 2 443.4065 2.999500000000012 1106.195 440.407 586.9363333333334 6
stats: size_rcv 10978 18294
stats: 502 0 1
stats: size_sent 2283 3698
stats: connected 2 8
# stats: dump at 1758076584
stats: users 9 10
stats: {load,"tsung_controller@90c4072c0a63"} 1 0.328125 0.0 0.390625 0.328125 0.380859375 2
stats: {cpu,"tsung_controller@90c4072c0a63"} 1 2.591194968553459 0.0 5.226329221107596 2.591194968553459 5.20664314511253 2
stats: {freemem,"tsung_controller@90c4072c0a63"} 1 6808.19140625 0.0 6819.73046875 6808.19140625 6814.59375 2
stats: session 3 17248.988333333335 1686.1025508353734 19490.582 15424.021 0 0
stats: users_count 4 12
stats: finish_users_count 3 3
stats: connect 4 451.86474999999996 21.037699332091883 1106.195 436.059 551.0538750000001 8
stats: tr_fluxo_navegacao 3 17247.339 1686.0337198484501 19488.929 15422.612 0 0
stats: request 24 590.8772916666668 624.7413955903061 3646.177 139.906 741.76971875 32
stats: page 24 590.8772916666668 624.7413955903061 3646.177 139.906 741.76971875 32
stats: 200 24 55
stats: size_rcv 14149 32443
stats: 502 0 1
stats: size_sent 2729 6427
stats: connected 1 9
# stats: dump at 1758076594
stats: users 17 17
stats: {load,"tsung_controller@90c4072c0a63"} 1 0.28125 0.0 0.390625 0.28125 0.36328125 3
stats: {cpu,"tsung_controller@90c4072c0a63"} 1 2.3746701846965697 0.0 5.226329221107596 2.3746701846965697 4.334827086259506 3
stats: {freemem,"tsung_controller@90c4072c0a63"} 1 6805.328125 0.0 6819.73046875 6805.328125 6812.459635416667 3
stats: session 1 10179.36 0.0 19490.582 10179.36 17248.988333333335 3
stats: users_count 9 21
stats: finish_users_count 1 4
stats: request 36 498.65161111111087 418.4785740442048 3646.177 138.976 677.1015357142858 56
stats: connect 9 452.86455555555557 21.531376526729606 1106.195 428.462 517.9908333333334 12
stats: tr_fluxo_navegacao 1 10176.509 0.0 19488.929 10176.509 17247.339 3
stats: page 36 498.65161111111087 418.4785740442048 3646.177 138.976 677.1015357142858 56
stats: 200 35 90
stats: size_rcv 19026 51469
stats: 502 1 2
stats: size_sent 3610 10037
stats: connected 8 17
# stats: dump at 1758076604
stats: users 17 21
stats: {load,"tsung_controller@90c4072c0a63"} 1 0.23828125 0.0 0.390625 0.23828125 0.3427734375 4
stats: {cpu,"tsung_controller@90c4072c0a63"} 1 3.4135281521602217 0.0 5.226329221107596 2.3746701846965697 3.844787860868772 4
stats: {freemem,"tsung_controller@90c4072c0a63"} 1 6804.25390625 0.0 6819.73046875 6804.25390625 6810.6767578125 4
stats: session 5 21526.5264 11363.740141789314 41656.346 9421.443 15481.581250000001 4
stats: users_count 5 26
stats: finish_users_count 5 9
stats: request 48 509.0214791666665 467.2615951640022 3646.177 138.976 607.273304347826 92
stats: connect 4 461.33575 12.13329603559972 1106.195 428.462 490.0795714285715 21
stats: page 48 509.0214791666665 467.2615951640022 3646.177 138.976 607.273304347826 92
stats: tr_fluxo_compra 1 41644.458 0 41644.458 41644.458 0 0
stats: 200 48 138
stats: tr_fluxo_navegacao 3 13402.051666666666 2861.304106954302 19488.929 9419.742 15479.6315 4
stats: size_rcv 27739 79208
stats: 502 0 2
stats: size_sent 5649 15686
stats: connected 0 17
# stats: dump at 1758076614
stats: users 13 21
stats: {load,"tsung_controller@90c4072c0a63"} 1 0.359375 0.0 0.390625 0.23828125 0.321875 5
stats: {cpu,"tsung_controller@90c4072c0a63"} 1 3.6405005688282137 0.0 5.226329221107596 2.3746701846965697 3.7585359191270618 5
stats: {freemem,"tsung_controller@90c4072c0a63"} 1 6801.1171875 0.0 6819.73046875 6801.1171875 6809.3921875 5
stats: session 8 27446.093 13400.938780850662 49480.986 9421.443 18839.88411111111 9
stats: users_count 4 30
stats: finish_users_count 8 17
stats: request 39 659.3965641025642 556.8324426255609 3646.177 138.976 573.5869642857141 140
stats: tr_fluxo_compra 3 42242.02466666667 8541.268731704611 49479.248 30248.041 41644.458 1
stats: connect 5 465.8956 11.05585529210651 1106.195 428.462 485.48056000000014 25
stats: page 39 659.3965641025642 556.8324426255609 3646.177 138.976 573.5869642857141 140
stats: 200 39 177
stats: tr_fluxo_navegacao 6 19764.943000000003 5914.4306260653975 28953.875 9419.742 14589.240142857143 7
stats: size_rcv 22515 101723
stats: 502 0 2
stats: size_sent 4390 20076
stats: connected -4 13
# stats: dump at 1758076624
stats: users 27 27
stats: {load,"tsung_controller@90c4072c0a63"} 1 0.30078125 0.0 0.390625 0.23828125 0.328125 6
stats: {cpu,"tsung_controller@90c4072c0a63"} 1 5.585676459462867 0.0 5.585676459462867 2.3746701846965697 3.7388633607439203 6
stats: {freemem,"tsung_controller@90c4072c0a63"} 1 6798.84375 0.0 6819.73046875 6798.84375 6808.013020833333 6
stats: session 6 27217.755 13278.322597521734 54997.008 9421.443 22889.864764705882 17
stats: users_count 20 50
stats: finish_users_count 6 23
stats: request 58 585.1113965517242 636.1858893107976 3646.177 133.95 592.282910614525 179
stats: connect 20 449.14900000000006 19.73866856705385 1106.195 409.808 482.2164000000001 30
stats: page 58 585.1113965517242 636.1858893107976 3646.177 133.95 592.282910614525 179
stats: tr_fluxo_compra 2 42401.1505 12594.184500000001 54995.335 29806.966 42092.633 4
stats: 200 58 235
stats: tr_fluxo_navegacao 4 19622.828 3496.2586226298386 28953.875 9419.742 16978.02607692308 13
stats: size_rcv 29794 131517
stats: 502 0 2
stats: newphase 1 1
stats: size_sent 5585 25661
stats: connected 14 27
# stats: dump at 1758076634
stats: users 44 45
stats: {load,"tsung_controller@90c4072c0a63"} 1 0.26171875 0.0 0.390625 0.23828125 0.32421875 7
stats: {cpu,"tsung_controller@90c4072c0a63"} 1 5.387248066928635 0.0 5.585676459462867 2.3746701846965697 4.0026938034180555 7
stats: {freemem,"tsung_controller@90c4072c0a63"} 1 6799.4453125 0.0 6819.73046875 6798.84375 6806.703125 7
stats: session 6 18715.428833333335 2934.4329457580848 54997.008 9421.443 24018.879608695654 23
stats: users_count 23 73
stats: finish_users_count 6 29
stats: request 125 559.4711120000002 616.9443357683701 4485.241 133.95 590.5278565400844 237
stats: connect 21 451.51328571428576 18.75595561070531 1106.195 409.808 468.98944000000006 50
stats: page 125 559.4711120000002 616.9443357683701 4485.241 133.95 590.5278565400844 237
stats: tr_fluxo_compra 1 23252.218 0.0 54995.335 23252.218 42195.47216666667 6
stats: 200 125 360
stats: tr_fluxo_navegacao 5 17805.821799999998 2321.3884667049933 28953.875 9419.742 17600.33241176471 17
stats: size_rcv 68087 199604
stats: 502 0 2
stats: newphase 0 1
stats: size_sent 13524 39185
stats: connected 15 42
# stats: dump at 1758076644
stats: users 47 51
stats: {load,"tsung_controller@90c4072c0a63"} 1 0.2890625 0.0 0.390625 0.23828125 0.31640625 8
stats: {cpu,"tsung_controller@90c4072c0a63"} 1 5.160390516039052 0.0 5.585676459462867 2.3746701846965697 4.175763086356878 8
stats: {freemem,"tsung_controller@90c4072c0a63"} 1 6795.04296875 0.0 6819.73046875 6795.04296875 6805.7958984375 8
stats: session 14 19510.299714285713 11912.638895585882 54997.008 9293.163 22921.613931034484 29
stats: users_count 17 90
stats: finish_users_count 14 43
stats: request 133 612.6772255639099 571.0582941432898 4485.241 133.95 579.8038425414364 362
stats: connect 19 454.17452631578954 19.34550471207968 1106.195 409.808 463.82043661971835 71
stats: page 133 612.6772255639099 571.0582941432898 4485.241 133.95 579.8038425414364 362
stats: tr_fluxo_compra 2 47533.130999999994 494.4290000000019 54995.335 23252.218 39489.293 7
stats: 200 130 490
stats: tr_fluxo_navegacao 12 14837.647500000001 3579.007590113436 28953.875 9291.189 17647.03454545455 22
stats: size_rcv 72637 272241
stats: 502 3 5
stats: newphase 0 1
stats: size_sent 14739 53924
stats: connected 5 47
# stats: dump at 1758076654
stats: users 24 51
stats: {load,"tsung_controller@90c4072c0a63"} 1 0.328125 0.0 0.390625 0.23828125 0.3133680555555556 9
stats: {cpu,"tsung_controller@90c4072c0a63"} 1 4.524772497472194 0.0 5.585676459462867 2.3746701846965697 4.285166134099342 9
stats: {freemem,"tsung_controller@90c4072c0a63"} 1 6790.23046875 0.0 6819.73046875 6790.23046875 6804.601128472223 9
stats: session 23 20901.704695652174 7479.323445080326 54997.008 8537.964 21810.95348837209 43
stats: users_count 0 90
stats: finish_users_count 23 66
stats: page 107 447.95140186915893 513.8003611798634 4485.241 133.758 588.636488888889 495
stats: request 107 447.95140186915893 513.8003611798634 4485.241 133.758 588.636488888889 495
stats: connect 0 0 0 1106.195 409.808 461.7840777777778 90
stats: tr_fluxo_compra 3 27572.323999999997 2714.667950277652 54995.335 23252.218 41276.81255555555 9
stats: 200 106 596
stats: tr_fluxo_navegacao 20 19898.67794999999 7452.8896106634475 36473.605 8535.902 16655.48617647059 34
stats: size_rcv 62929 335170
stats: 502 1 6
stats: newphase 0 1
stats: size_sent 11920 65844
stats: connected -23 24
# stats: dump at 1758076664
stats: users 11 51
stats: {load,"tsung_controller@90c4072c0a63"} 1 0.28125 0.0 0.390625 0.23828125 0.31484375 10
stats: {cpu,"tsung_controller@90c4072c0a63"} 1 3.7308713797900594 0.0 5.585676459462867 2.3746701846965697 4.3091267704366265 10
stats: {freemem,"tsung_controller@90c4072c0a63"} 1 6792.14453125 0.0 6819.73046875 6790.23046875 6803.1640625 10
stats: session 13 35565.342000000004 16725.81974649328 89561.103 8537.964 21494.09406060606 66
stats: users_count 0 90
stats: finish_users_count 13 79
stats: request 46 575.7055217391304 557.5489426653108 4485.241 133.758 563.6310000000001 602
stats: connect 0 0 0 1106.195 409.808 461.7840777777778 90
stats: page 46 575.7055217391304 557.5489426653108 4485.241 133.758 563.6310000000001 602
stats: tr_fluxo_compra 7 42242.53528571429 20005.64049790344 89559.16 22983.65 37850.690416666665 12
stats: 200 46 642
stats: tr_fluxo_navegacao 6 27770.81183333333 5141.195917033228 38241.523 8535.902 17856.66831481481 54
stats: size_rcv 30315 365485
stats: 502 0 6
stats: newphase 0 1
stats: size_sent 6208 72052
stats: connected -13 11
# stats: dump at 1758076674
stats: users 6 51
stats: {load,"tsung_controller@90c4072c0a63"} 1 0.23046875 0.0 0.390625 0.23046875 0.3117897727272727 11
stats: {cpu,"tsung_controller@90c4072c0a63"} 1 2.943026034461074 0.0 5.585676459462867 2.3746701846965697 4.256558098559666 11
stats: {freemem,"tsung_controller@90c4072c0a63"} 1 6790.421875 0.0 6819.73046875 6790.23046875 6802.162286931818 11
stats: session 5 39649.590000000004 7228.666742115975 89561.103 8537.964 23809.615873417722 79
stats: users_count 0 90
stats: finish_users_count 5 84
stats: connect 0 0 0 1106.195 409.808 461.7840777777778 90
stats: page 22 561.2881363636363 465.3037581350191 4485.241 133.758 564.4881419753086 648
stats: tr_fluxo_compra 4 41789.98075 6509.412405070921 89559.16 22983.65 39468.73852631579 19
stats: 200 21 663
stats: request 22 561.2881363636363 465.3037581350191 4485.241 133.758 564.4881419753086 648
stats: tr_fluxo_navegacao 1 31079.103 0.0 38241.523 8535.902 18848.08266666666 60
stats: size_rcv 15099 380584
stats: 502 1 7
stats: newphase 0 1
stats: size_sent 3167 75219
stats: connected -5 6
# stats: dump at 1758076684
stats: users 4 51
stats: {load,"tsung_controller@90c4072c0a63"} 1 0.19921875 0.0 0.390625 0.19921875 0.3050130208333333 12
stats: {cpu,"tsung_controller@90c4072c0a63"} 1 4.951493007433539 0.0 5.585676459462867 2.3746701846965697 4.147097093218117 12
stats: {freemem,"tsung_controller@90c4072c0a63"} 1 6783.83984375 0.0 6819.73046875 6783.83984375 6801.183919270833 12
stats: session 2 50254.6455 4447.416499999999 89561.103 8537.964 24752.471476190476 84
stats: users_count 0 90
stats: finish_users_count 2 86
stats: request 3 215.68366666666665 106.88040065211001 4485.241 133.758 564.383067164179 670
stats: page 3 215.68366666666665 106.88040065211001 4485.241 133.758 564.383067164179 670
stats: 200 3 666
stats: connect 0 0 0 1106.195 409.808 461.7840777777778 90
stats: tr_fluxo_compra 2 50252.442500000005 4447.8055 89559.16 22983.65 39872.43282608696 23
stats: size_rcv 1968 382552
stats: tr_fluxo_navegacao 0 0 0 38241.523 8535.902 19048.591196721307 61
stats: 502 0 7
stats: newphase 0 1
stats: size_sent 415 75634
stats: connected -2 4
# stats: dump at 1758076694
stats: users 3 51
stats: {load,"tsung_controller@90c4072c0a63"} 1 0.171875 0.0 0.390625 0.171875 0.296875 13
stats: {cpu,"tsung_controller@90c4072c0a63"} 1 3.902807503462168 0.0 5.585676459462867 2.3746701846965697 4.208973702003918 13
stats: {freemem,"tsung_controller@90c4072c0a63"} 1 6785.23828125 0.0 6819.73046875 6783.83984375 6799.849759615385 13
stats: session 1 54641.553 0.0 89561.103 8537.964 25345.545290697675 86
stats: users_count 0 90
stats: finish_users_count 1 87
stats: connect 0 0 0 1106.195 409.808 461.7840777777778 90
stats: page 3 825.5396666666666 78.4665812191548 4485.241 133.758 562.8286864784545 673
stats: 200 3 669
stats: request 3 825.5396666666666 78.4665812191548 4485.241 133.758 562.8286864784545 673
stats: tr_fluxo_compra 1 54639.574 0.0 89559.16 22983.65 40702.833600000005 25
stats: size_rcv 1811 384363
stats: tr_fluxo_navegacao 0 0 0 38241.523 8535.902 19048.591196721307 61
stats: 502 0 7
stats: newphase 0 1
stats: size_sent 348 75982
stats: connected -1 3
# stats: dump at 1758076701
stats: users 0 51
stats: {load,"tsung_controller@90c4072c0a63"} 1 0.140625 0.0 0.390625 0.140625 0.28794642857142855 14
stats: {cpu,"tsung_controller@90c4072c0a63"} 1 3.2904689863842664 0.0 5.585676459462867 2.3746701846965697 4.187104687822365 14
stats: {freemem,"tsung_controller@90c4072c0a63"} 1 6785.26953125 0.0 6819.73046875 6783.83984375 6798.806082589285 14
stats: session 3 62830.767 6043.448672324163 89561.103 8537.964 25682.28101149425 87
stats: users_count 0 90
stats: finish_users_count 3 90
stats: request 4 258.841 117.74523100745948 4485.241 133.758 563.9945636094673 676
stats: connect 0 0 0 1106.195 409.808 461.7840777777778 90
stats: page 4 258.841 117.74523100745948 4485.241 133.758 563.9945636094673 676
stats: tr_fluxo_compra 2 66682.7965 3197.083499999997 89559.16 22983.65 41238.862076923084 26
stats: 200 4 673
stats: tr_fluxo_navegacao 1 55120.527 0.0 55120.527 8535.902 19048.591196721307 61
stats: size_rcv 2463 386826
stats: 502 0 7
stats: newphase 0 1
stats: size_sent 486 76468
stats: connected -3 0
EndMonitor:{1758,76701,467673}
