# stats: dump at 1758074962
stats: users 7 7
stats: {freemem,"tsung_controller@3e43ea4093fb"} 1 6811.0703125 0 6811.0703125 6811.0703125 0 0
stats: {load,"tsung_controller@3e43ea4093fb"} 1 0.12109375 0 0.12109375 0.12109375 0 0
stats: {cpu,"tsung_controller@3e43ea4093fb"} 1 5.752643255376691 0 5.752643255376691 5.752643255376691 0 0
stats: users_count 7 7
stats: finish_users_count 0 0
stats: request 6 571.4441666666667 324.4515688889055 968.649 139.551 0 0
stats: connect 5 526.4784000000001 148.82341651044032 823.677 436.675 0 0
stats: page 6 571.4441666666667 324.4515688889055 968.649 139.551 0 0
stats: 200 6 6
stats: size_rcv 2630 2630
stats: size_sent 458 458
stats: connected 5 5
# stats: dump at 1758074972
stats: users 12 12
stats: {freemem,"tsung_controller@3e43ea4093fb"} 1 6805.09375 0.0 6811.0703125 6805.09375 6811.0703125 1
stats: {load,"tsung_controller@3e43ea4093fb"} 1 0.171875 0.0 0.171875 0.12109375 0.12109375 1
stats: {cpu,"tsung_controller@3e43ea4093fb"} 1 3.911457678279462 0.0 5.752643255376691 3.911457678279462 5.752643255376691 1
stats: users_count 5 12
stats: finish_users_count 0 0
stats: page 31 490.438322580645 425.42135274461384 1778.495 136.312 571.4441666666667 6
stats: request 31 490.438322580645 425.42135274461384 1778.495 136.312 571.4441666666667 6
stats: connect 7 459.651 34.34698953745022 823.677 419.655 526.4784000000001 5
stats: 200 31 37
stats: size_rcv 15632 18262
stats: size_sent 3266 3724
stats: connected 7 12
# stats: dump at 1758074982
stats: users 15 15
stats: {freemem,"tsung_controller@3e43ea4093fb"} 1 6804.36328125 0.0 6811.0703125 6804.36328125 6808.08203125 2
stats: {load,"tsung_controller@3e43ea4093fb"} 1 0.140625 0.0 0.171875 0.12109375 0.146484375 2
stats: {cpu,"tsung_controller@3e43ea4093fb"} 1 3.109656301145663 0.0 5.752643255376691 3.109656301145663 4.832050466828076 2
stats: session 3 16378.131 4708.239342012539 22945.139 12142.219 0 0
stats: users_count 6 18
stats: finish_users_count 3 3
stats: request 41 555.2775121951217 493.8952279101762 1778.495 134.575 503.57440540540523 37
stats: connect 4 444.67175000000003 23.950407808375605 823.677 415.871 487.49575000000004 12
stats: page 41 555.2775121951217 493.8952279101762 1778.495 134.575 503.57440540540523 37
stats: tr_fluxo_navegacao 3 16375.476333333332 4707.2346319752205 22941.136 12140.716 0 0
stats: 200 41 78
stats: size_rcv 24378 42640
stats: size_sent 4876 8600
stats: connected 1 13
# stats: dump at 1758074992
stats: users 15 16
stats: {freemem,"tsung_controller@3e43ea4093fb"} 1 6802.88671875 0.0 6811.0703125 6802.88671875 6806.842447916667 3
stats: {load,"tsung_controller@3e43ea4093fb"} 1 0.12109375 0.0 0.171875 0.12109375 0.14453125 3
stats: {cpu,"tsung_controller@3e43ea4093fb"} 1 2.994087306579444 0.0 5.752643255376691 2.994087306579444 4.257919078267272 3
stats: session 6 22745.600833333334 3172.385360033804 27206.563 12142.219 16378.131 3
stats: users_count 6 24
stats: finish_users_count 6 9
stats: tr_fluxo_compra 1 24499.348 0 24499.348 24499.348 0 0
stats: request 42 607.4441190476189 564.4812467512688 2246.883 133.823 530.7516794871792 78
stats: connect 7 474.1861428571429 40.77749386059691 823.677 415.871 476.78975 16
stats: page 42 607.4441190476189 564.4812467512688 2246.883 133.823 530.7516794871792 78
stats: 200 42 120
stats: tr_fluxo_navegacao 5 22391.6846 3367.5756185759865 27204.993 12140.716 16375.476333333332 3
stats: size_rcv 23065 65705
stats: size_sent 4315 12915
stats: connected 1 14
# stats: dump at 1758075002
stats: users 15 17
stats: {freemem,"tsung_controller@3e43ea4093fb"} 1 6804.64453125 0.0 6811.0703125 6802.88671875 6805.853515625 4
stats: {load,"tsung_controller@3e43ea4093fb"} 1 0.1015625 0.0 0.171875 0.1015625 0.138671875 4
stats: {cpu,"tsung_controller@3e43ea4093fb"} 1 4.723516815719863 0.0 5.752643255376691 2.994087306579444 3.9419611353453154 4
stats: session 5 18416.2736 8095.803841290983 32959.02 10889.512 20623.110888888892 9
stats: users_count 5 29
stats: finish_users_count 5 14
stats: request 44 537.3976590909089 521.5370211415285 2381.303 132.596 557.5940333333331 120
stats: connect 4 737.2330000000001 459.77310751989404 1532.163 415.871 475.997347826087 23
stats: page 44 537.3976590909089 521.5370211415285 2381.303 132.596 557.5940333333331 120
stats: tr_fluxo_compra 0 0 0 24499.348 24499.348 24499.348 1
stats: 200 44 164
stats: tr_fluxo_navegacao 5 18414.4264 8095.8850862667905 32957.225 10887.774 20135.6065 8
stats: size_rcv 25018 90723
stats: size_sent 5085 18000
stats: connected -1 13
# stats: dump at 1758075012
stats: users 7 17
stats: {freemem,"tsung_controller@3e43ea4093fb"} 1 6807.984375 0.0 6811.0703125 6802.88671875 6805.61171875 5
stats: {load,"tsung_controller@3e43ea4093fb"} 1 0.16015625 0.0 0.171875 0.1015625 0.13125 5
stats: {cpu,"tsung_controller@3e43ea4093fb"} 1 4.200302724520686 0.0 5.752643255376691 2.994087306579444 4.0982722714202255 5
stats: session 9 31182.54744444444 13087.75445950015 53329.794 10889.512 19834.954714285715 14
stats: users_count 1 30
stats: finish_users_count 9 23
stats: request 36 704.9036388888888 651.4971273890858 2867.35 132.596 552.1754939024388 164
stats: connect 3 477.10533333333336 28.089173529236408 1532.163 415.871 514.698925925926 27
stats: page 36 704.9036388888888 651.4971273890858 2867.35 132.596 552.1754939024388 164
stats: tr_fluxo_compra 5 37462.967599999996 13372.187724896905 53328.156 18262.182 24499.348 1
stats: 200 35 199
stats: tr_fluxo_navegacao 3 24274.686666666665 8015.951330760617 32957.225 10887.774 19473.614153846152 13
stats: size_rcv 19494 110217
stats: 502 1 1
stats: size_sent 3555 21555
stats: connected -5 8
# stats: dump at 1758075022
stats: users 13 17
stats: {freemem,"tsung_controller@3e43ea4093fb"} 1 6804.3203125 0.0 6811.0703125 6802.88671875 6806.007161458333 6
stats: {load,"tsung_controller@3e43ea4093fb"} 1 0.140625 0.0 0.171875 0.1015625 0.13606770833333334 6
stats: {cpu,"tsung_controller@3e43ea4093fb"} 1 2.9056603773584904 0.0 5.752643255376691 2.9056603773584904 4.115277346936969 6
stats: session 4 24512.46075 10000.38642058084 53329.794 10889.512 24275.317086956526 23
stats: users_count 10 40
stats: finish_users_count 4 27
stats: request 19 793.5014736842107 777.0972708559901 3465.969 132.596 579.6665599999998 200
stats: connect 7 455.5637142857143 21.11684493962302 1532.163 415.871 510.9395666666668 30
stats: page 19 793.5014736842107 777.0972708559901 3465.969 132.596 579.6665599999998 200
stats: tr_fluxo_compra 1 33890.18 0.0 53328.156 18262.182 35302.36433333333 6
stats: 200 19 218
stats: tr_fluxo_navegacao 4 21160.182500000003 8416.23030465937 34737.157 10887.774 20373.81525 16
stats: size_rcv 8684 118901
stats: 502 0 1
stats: newphase 1 1
stats: size_sent 1511 23066
stats: connected 2 10
# stats: dump at 1758075032
stats: users 34 34
stats: {freemem,"tsung_controller@3e43ea4093fb"} 1 6799.30859375 0.0 6811.0703125 6799.30859375 6805.766183035715 7
stats: {load,"tsung_controller@3e43ea4093fb"} 1 0.109375 0.0 0.171875 0.1015625 0.13671875 7
stats: {cpu,"tsung_controller@3e43ea4093fb"} 1 2.9715436917652984 0.0 5.752643255376691 2.9056603773584904 3.942474922711472 7
stats: session 2 27527.413500000002 468.89150000000063 53329.794 10889.512 24310.449481481483 27
stats: users_count 23 63
stats: finish_users_count 2 29
stats: request 76 725.1104868421054 590.028455876416 3465.969 132.596 598.2184474885843 219
stats: connect 25 452.42499999999995 19.10792145053981 1532.163 409.451 500.4630540540541 37
stats: page 76 725.1104868421054 590.028455876416 3465.969 132.596 598.2184474885843 219
stats: tr_fluxo_compra 0 0 0 53328.156 18262.182 35100.62371428571 7
stats: 200 76 294
stats: tr_fluxo_navegacao 2 27525.8655 469.0095000000001 34737.157 10887.774 20531.0887 20
stats: size_rcv 38744 157645
stats: 502 0 1
stats: newphase 0 1
stats: size_sent 7211 30277
stats: connected 23 33
# stats: dump at 1758075042
stats: users 38 41
stats: {freemem,"tsung_controller@3e43ea4093fb"} 1 6793.15625 0.0 6811.0703125 6793.15625 6804.958984375 8
stats: {load,"tsung_controller@3e43ea4093fb"} 1 0.1015625 0.0 0.171875 0.1015625 0.13330078125 8
stats: {cpu,"tsung_controller@3e43ea4093fb"} 1 5.73562927323373 0.0 5.752643255376691 2.9056603773584904 3.8211085188432 8
stats: session 14 15504.46592857143 6447.5640209267 53329.794 9344.936 24532.309068965522 29
stats: users_count 18 81
stats: finish_users_count 14 43
stats: connect 19 467.1037894736842 48.32787994040942 1532.163 409.451 481.092870967742 62
stats: page 121 518.8138760330579 456.3727674475061 3465.969 132.596 630.9092779661016 295
stats: tr_fluxo_compra 0 0 0 53328.156 18262.182 35100.62371428571 7
stats: 200 120 414
stats: request 121 518.8138760330579 456.3727674475061 3465.969 132.596 630.9092779661016 295
stats: tr_fluxo_navegacao 14 15502.329785714286 6447.568160340369 36561.025 9343.162 21166.9775 22
stats: size_rcv 61965 219610
stats: 502 1 2
stats: newphase 0 1
stats: size_sent 11552 41829
stats: connected 5 38
# stats: dump at 1758075052
stats: users 29 41
stats: {freemem,"tsung_controller@3e43ea4093fb"} 1 6792.69140625 0.0 6811.0703125 6792.69140625 6803.647569444444 9
stats: {load,"tsung_controller@3e43ea4093fb"} 1 0.23828125 0.0 0.23828125 0.1015625 0.12977430555555555 9
stats: {cpu,"tsung_controller@3e43ea4093fb"} 1 5.5190704723415 0.0 5.752643255376691 2.9056603773584904 4.033833047108814 9
stats: session 14 18100.88085714286 7113.933513650567 53329.794 6691.804 21593.011302325584 43
stats: users_count 5 86
stats: finish_users_count 14 57
stats: request 110 542.5289090909089 525.3305160796918 3465.969 132.596 598.3046057692308 416
stats: connect 5 437.81940000000003 20.061414173482422 1532.163 409.451 477.8114814814815 81
stats: page 110 542.5289090909089 525.3305160796918 3465.969 132.596 598.3046057692308 416
stats: tr_fluxo_compra 1 30024.199 0.0 53328.156 18262.182 35100.62371428571 7
stats: 200 110 524
stats: tr_fluxo_navegacao 13 17181.30546153846 6536.036239604087 36561.025 6689.705 18964.058944444445 36
stats: size_rcv 63635 283245
stats: 502 0 2
stats: newphase 0 1
stats: size_sent 12303 54132
stats: connected -9 29
# stats: dump at 1758075062
stats: users 16 41
stats: {freemem,"tsung_controller@3e43ea4093fb"} 1 6791.921875 0.0 6811.0703125 6791.921875 6802.551953125 10
stats: {load,"tsung_controller@3e43ea4093fb"} 1 0.19921875 0.0 0.23828125 0.1015625 0.140625 10
stats: {cpu,"tsung_controller@3e43ea4093fb"} 1 5.999492643328259 0.0 5.999492643328259 2.9056603773584904 4.182356789632083 10
stats: session 13 21152.051692307694 6064.139882889138 53329.794 6691.804 20735.29505263158 57
stats: users_count 0 86
stats: finish_users_count 13 70
stats: request 55 497.4785090909092 466.5493333715631 3465.969 132.596 586.6404866920151 526
stats: connect 0 0 0 1532.163 409.451 475.4863604651163 86
stats: page 55 497.4785090909092 466.5493333715631 3465.969 132.596 586.6404866920151 526
stats: 200 54 578
stats: tr_fluxo_compra 2 29535.556 3183.5329999999994 53328.156 18262.182 34466.070625 8
stats: size_rcv 34756 318001
stats: tr_fluxo_navegacao 11 19625.294363636363 5148.290182681594 36561.025 6689.705 18491.083530612246 49
stats: 502 1 3
stats: newphase 0 1
stats: size_sent 7127 61259
stats: connected -13 16
# stats: dump at 1758075072
stats: users 5 41
stats: {freemem,"tsung_controller@3e43ea4093fb"} 1 6784.56640625 0.0 6811.0703125 6784.56640625 6801.585582386364 11
stats: {load,"tsung_controller@3e43ea4093fb"} 1 0.328125 0.0 0.328125 0.1015625 0.14595170454545456 11
stats: {cpu,"tsung_controller@3e43ea4093fb"} 1 4.269521410579345 0.0 5.999492643328259 2.9056603773584904 4.347550958149917 11
stats: session 11 39931.465818181816 7207.166038416522 53329.794 6691.804 20812.692714285713 70
stats: users_count 0 86
stats: finish_users_count 11 81
stats: request 40 490.63935000000004 548.7568903701597 3465.969 132.596 578.2000240963855 581
stats: connect 0 0 0 1532.163 409.451 475.4863604651163 86
stats: page 40 490.63935000000004 548.7568903701597 3465.969 132.596 578.2000240963855 581
stats: tr_fluxo_compra 8 43586.934499999996 4215.475899036222 53328.156 18262.182 33479.9677 10
stats: 200 40 618
stats: tr_fluxo_navegacao 3 30176.969333333338 3506.0903120676858 36561.025 6689.705 18699.022183333338 60
stats: size_rcv 26553 344554
stats: 502 0 3
stats: newphase 0 1
stats: size_sent 5783 67042
stats: connected -11 5
# stats: dump at 1758075082
stats: users 0 41
stats: {freemem,"tsung_controller@3e43ea4093fb"} 1 6789.66796875 0.0 6811.0703125 6784.56640625 6800.167317708333 12
stats: {load,"tsung_controller@3e43ea4093fb"} 1 0.28125 0.0 0.328125 0.1015625 0.16113281250000003 12
stats: {cpu,"tsung_controller@3e43ea4093fb"} 1 3.7429111531190924 0.0 5.999492643328259 2.9056603773584904 4.341048495852369 12
stats: session 5 38323.046599999994 8012.931461076769 53329.794 6691.804 23409.069308641978 81
stats: users_count 0 86
stats: finish_users_count 5 86
stats: request 5 870.9346000000002 412.7042531831239 3465.969 132.596 572.5600450885669 621
stats: connect 0 0 0 1532.163 409.451 475.4863604651163 86
stats: page 5 870.9346000000002 412.7042531831239 3465.969 132.596 572.5600450885669 621
stats: tr_fluxo_compra 4 40833.30575 6977.83240499585 53328.156 18262.182 37971.95294444444 18
stats: 200 5 623
stats: tr_fluxo_navegacao 1 28271.464 0.0 36561.025 6689.705 19245.5910952381 63
stats: size_rcv 3307 347861
stats: 502 0 3
stats: newphase 0 1
stats: size_sent 316 67358
stats: connected -5 0
# stats: dump at 1758075084
stats: users 0 41
stats: {freemem,"tsung_controller@3e43ea4093fb"} 1 6783.48828125 0.0 6811.0703125 6783.48828125 6799.3596754807695 13
stats: {load,"tsung_controller@3e43ea4093fb"} 1 0.23828125 0.0 0.328125 0.1015625 0.1703725961538462 13
stats: {cpu,"tsung_controller@3e43ea4093fb"} 1 3.4430571320469165 0.0 5.999492643328259 2.9056603773584904 4.295037931026732 13
stats: session 0 0 0 53329.794 6691.804 24276.16101162791 86
stats: users_count 0 86
stats: finish_users_count 0 86
stats: request 0 0 0 3465.969 132.596 574.9432284345049 626
stats: connect 0 0 0 1532.163 409.451 475.4863604651163 86
stats: page 0 0 0 3465.969 132.596 574.9432284345049 626
stats: tr_fluxo_compra 0 0 0 53328.156 18262.182 38492.198909090905 22
stats: 200 0 623
stats: tr_fluxo_navegacao 0 0 0 36561.025 6689.705 19386.620359375003 64
stats: size_rcv 0 347861
stats: 502 0 3
stats: newphase 0 1
stats: size_sent 0 67358
stats: connected 0 0
EndMonitor:{1758,75084,834741}
