
=INFO REPORT==== 17-Sep-2025::02:09:11 ===
    ts_config_server:(5:<0.135.0>) Config server started, logdir is "/root/.tsung/log/20250917-0209"
 
=INFO REPORT==== 17-Sep-2025::02:09:11 ===
              ts_mon:(5:<0.118.0>) starting monitor, global 

=INFO REPORT==== 17-Sep-2025::02:09:11 ===
           ts_config:(5:<0.135.0>) Reading config file: /config/test.xml

=INFO REPORT==== 17-Sep-2025::02:09:11 ===
           ts_config:(4:<0.135.0>) Unknown option "maxusers" !

=INFO REPORT==== 17-Sep-2025::02:09:11 ===
           ts_config:(5:<0.135.0>) Session name for id 1 is "navegacao_produtos"

=INFO REPORT==== 17-Sep-2025::02:09:12 ===
           ts_config:(5:<0.135.0>) Session name for id 2 is "processo_compra"

=INFO REPORT==== 17-Sep-2025::02:09:12 ===
    ts_config_server:(4:<0.135.0>) SYSINFO:Tsung version: 1.7.0

=INFO REPORT==== 17-Sep-2025::02:09:12 ===
    ts_config_server:(4:<0.135.0>) SYSINFO:Erlang version: Erlang/OTP 25 [erts-13.1.5] [source] [64-bit] [smp:8:8] [ds:8:8:10] [async-threads:8] [jit:ns]


=INFO REPORT==== 17-Sep-2025::02:09:12 ===
    ts_config_server:(4:<0.135.0>) SYSINFO:System architecture x86_64-pc-linux-gnu

=INFO REPORT==== 17-Sep-2025::02:09:12 ===
    ts_config_server:(4:<0.135.0>) SYSINFO:Current path: /usr/lib/x86_64-linux-gnu/tsung/tsung-1.7.0/ebin/tsung.beam

=INFO REPORT==== 17-Sep-2025::02:09:12 ===
       ts_job_notify:(6:<0.148.0>) No listen port defined, can't open listening socket (don't worry: it's normal if you don't use job notifications) 

=INFO REPORT==== 17-Sep-2025::02:09:12 ===
    ts_os_mon_erlang:(6:<0.157.0>) Running os_mon on the same host as the controller, use the same beam

=INFO REPORT==== 17-Sep-2025::02:09:12 ===
              ts_mon:(5:<0.136.0>) Activate clients with text backend

=INFO REPORT==== 17-Sep-2025::02:09:12 ===
              ts_mon:(5:<0.136.0>) Starting tsung clients on hosts: [localhost]

=INFO REPORT==== 17-Sep-2025::02:09:12 ===
    ts_config_server:(5:<0.135.0>) Start a launcher on the controller beam localhost

=INFO REPORT==== 17-Sep-2025::02:09:12 ===
              ts_sup:(6:<0.180.0>) starting supervisor ...

=INFO REPORT==== 17-Sep-2025::02:09:12 ===
              ts_sup:(6:<0.181.0>) starting
=INFO REPORT==== 17-Sep-2025::02:09:12 ===
          ts_ip_scan:(6:<0.182.0>) Starting 

=INFO REPORT==== 17-Sep-2025::02:09:12 ===
     ts_launcher_mgr:(6:<0.183.0>) starting
=INFO REPORT==== 17-Sep-2025::02:09:12 ===
    ts_session_cache:(6:<0.181.0>) Starting

=INFO REPORT==== 17-Sep-2025::02:09:12 ===
        ts_mon_cache:(6:<0.181.0>) Starting

=INFO REPORT==== 17-Sep-2025::02:09:12 ===
        ts_local_mon:(6:<0.181.0>) Starting

=INFO REPORT==== 17-Sep-2025::02:09:12 ===
       ts_client_sup:(6:<0.188.0>) Starting 

=INFO REPORT==== 17-Sep-2025::02:09:12 ===
  ts_launcher_static:(6:<0.181.0>) starting 

=INFO REPORT==== 17-Sep-2025::02:09:12 ===
         ts_launcher:(6:<0.181.0>) starting 

=INFO REPORT==== 17-Sep-2025::02:09:12 ===
    ts_config_server:(6:<0.135.0>) Application started, activate launcher, 

=INFO REPORT==== 17-Sep-2025::02:09:12 ===
  ts_launcher_static:(6:<0.135.0>) starting on node [tsung_controller@3e43ea4093fb]

=INFO REPORT==== 17-Sep-2025::02:09:12 ===
         ts_launcher:(6:<0.135.0>) starting on node [tsung_controller@3e43ea4093fb]

=INFO REPORT==== 17-Sep-2025::02:09:12 ===
  ts_launcher_static:(5:<0.189.0>) Launch msg receive ("localhost")

=INFO REPORT==== 17-Sep-2025::02:09:12 ===
         ts_launcher:(5:<0.190.0>) Launch msg receive ("localhost")

=INFO REPORT==== 17-Sep-2025::02:09:12 ===
     ts_launcher_mgr:(6:<0.183.0>) syncing already done, skip

=INFO REPORT==== 17-Sep-2025::02:09:12 ===
              ts_mon:(6:<0.136.0>) A launcher has started

=INFO REPORT==== 17-Sep-2025::02:09:12 ===
  ts_launcher_static:(6:<0.189.0>) No static users, stop
=INFO REPORT==== 17-Sep-2025::02:09:12 ===
  ts_launcher_static:(6:<0.189.0>) launcher terminating for reason normal

=INFO REPORT==== 17-Sep-2025::02:09:12 ===
    ts_config_server:(5:<0.135.0>) New arrival phase 1 for client "localhost" (last ? true): will start 30 users

=INFO REPORT==== 17-Sep-2025::02:09:12 ===
    ts_config_server:(5:<0.135.0>) New arrival phase 2 for client "localhost" (last ? true): will start 60 users

=INFO REPORT==== 17-Sep-2025::02:09:12 ===
         ts_launcher:(5:<0.190.0>) Expected duration of first phase: 60.0 sec (30 users) 

=INFO REPORT==== 17-Sep-2025::02:09:12 ===
         ts_launcher:(5:<0.190.0>) Activate launcher (30 users) in 2587 msec 

=INFO REPORT==== 17-Sep-2025::02:09:13 ===
    ts_os_mon_erlang:(6:<0.157.0>) Spawn monitoring process on localhost (<0.191.0>)

=INFO REPORT==== 17-Sep-2025::02:09:14 ===
    ts_config_server:(6:<0.135.0>) Session 1 chosen

=INFO REPORT==== 17-Sep-2025::02:09:14 ===
           ts_client:(6:<0.192.0>) Starting new transaction tr_fluxo_navegacao (now-576460748224837251)

=INFO REPORT==== 17-Sep-2025::02:09:16 ===
    ts_config_server:(6:<0.135.0>) Session 2 chosen

=INFO REPORT==== 17-Sep-2025::02:09:16 ===
           ts_client:(6:<0.201.0>) Starting new transaction tr_fluxo_compra (now-576460746635617861)

=INFO REPORT==== 17-Sep-2025::02:09:18 ===
    ts_config_server:(6:<0.135.0>) Session 1 chosen

=INFO REPORT==== 17-Sep-2025::02:09:18 ===
           ts_client:(6:<0.206.0>) Starting new transaction tr_fluxo_navegacao (now-576460745024838852)

=INFO REPORT==== 17-Sep-2025::02:09:20 ===
    ts_config_server:(6:<0.135.0>) Session 2 chosen

=INFO REPORT==== 17-Sep-2025::02:09:20 ===
           ts_client:(6:<0.211.0>) Starting new transaction tr_fluxo_compra (now-576460742468851048)

=INFO REPORT==== 17-Sep-2025::02:09:21 ===
    ts_config_server:(6:<0.135.0>) Session 1 chosen

=INFO REPORT==== 17-Sep-2025::02:09:21 ===
           ts_client:(6:<0.216.0>) Starting new transaction tr_fluxo_navegacao (now-576460742021653728)

=INFO REPORT==== 17-Sep-2025::02:09:21 ===
    ts_config_server:(6:<0.135.0>) Session 2 chosen

=INFO REPORT==== 17-Sep-2025::02:09:21 ===
           ts_client:(6:<0.221.0>) Starting new transaction tr_fluxo_compra (now-576460741593731594)

=INFO REPORT==== 17-Sep-2025::02:09:21 ===
    ts_config_server:(6:<0.135.0>) Session 1 chosen

=INFO REPORT==== 17-Sep-2025::02:09:21 ===
           ts_client:(6:<0.226.0>) Starting new transaction tr_fluxo_navegacao (now-576460741110746715)

=INFO REPORT==== 17-Sep-2025::02:09:22 ===
    ts_config_server:(6:<0.135.0>) Session 1 chosen

=INFO REPORT==== 17-Sep-2025::02:09:22 ===
           ts_client:(6:<0.232.0>) Starting new transaction tr_fluxo_navegacao (now-576460740334626889)

=INFO REPORT==== 17-Sep-2025::02:09:23 ===
    ts_config_server:(6:<0.135.0>) Session 1 chosen

=INFO REPORT==== 17-Sep-2025::02:09:23 ===
           ts_client:(6:<0.237.0>) Starting new transaction tr_fluxo_navegacao (now-576460739487754438)

=INFO REPORT==== 17-Sep-2025::02:09:23 ===
    ts_config_server:(6:<0.135.0>) Session 1 chosen

=INFO REPORT==== 17-Sep-2025::02:09:23 ===
           ts_client:(6:<0.238.0>) Starting new transaction tr_fluxo_navegacao (now-576460739277861633)

=INFO REPORT==== 17-Sep-2025::02:09:25 ===
    ts_config_server:(6:<0.135.0>) Session 2 chosen

=INFO REPORT==== 17-Sep-2025::02:09:25 ===
           ts_client:(6:<0.247.0>) Starting new transaction tr_fluxo_compra (now-576460738024715504)

=INFO REPORT==== 17-Sep-2025::02:09:26 ===
    ts_config_server:(6:<0.135.0>) Session 1 chosen

=INFO REPORT==== 17-Sep-2025::02:09:26 ===
           ts_client:(6:<0.252.0>) Starting new transaction tr_fluxo_navegacao (now-576460736477531492)

=INFO REPORT==== 17-Sep-2025::02:09:34 ===
           ts_client:(6:<0.226.0>) Stopping transaction tr_fluxo_navegacao (-576460728970030667)

=INFO REPORT==== 17-Sep-2025::02:09:34 ===
           ts_client:(6:<0.226.0>) Session ending 

=INFO REPORT==== 17-Sep-2025::02:09:34 ===
    ts_config_server:(6:<0.135.0>) Session 1 chosen

=INFO REPORT==== 17-Sep-2025::02:09:34 ===
           ts_client:(6:<0.258.0>) Starting new transaction tr_fluxo_navegacao (now-576460728648906860)

=INFO REPORT==== 17-Sep-2025::02:09:35 ===
           ts_client:(6:<0.216.0>) Stopping transaction tr_fluxo_navegacao (-576460727977076087)

=INFO REPORT==== 17-Sep-2025::02:09:35 ===
           ts_client:(6:<0.216.0>) Session ending 

=INFO REPORT==== 17-Sep-2025::02:09:36 ===
    ts_config_server:(6:<0.135.0>) Session 1 chosen

=INFO REPORT==== 17-Sep-2025::02:09:36 ===
           ts_client:(6:<0.263.0>) Starting new transaction tr_fluxo_navegacao (now-576460726343770372)

=INFO REPORT==== 17-Sep-2025::02:09:37 ===
           ts_client:(6:<0.192.0>) Stopping transaction tr_fluxo_navegacao (-576460725283700974)

=INFO REPORT==== 17-Sep-2025::02:09:37 ===
           ts_client:(6:<0.192.0>) Session ending 

=INFO REPORT==== 17-Sep-2025::02:09:37 ===
    ts_config_server:(6:<0.135.0>) Session 1 chosen

=INFO REPORT==== 17-Sep-2025::02:09:37 ===
           ts_client:(6:<0.268.0>) Starting new transaction tr_fluxo_navegacao (now-576460725140850972)

=INFO REPORT==== 17-Sep-2025::02:09:40 ===
    ts_config_server:(6:<0.135.0>) Session 1 chosen

=INFO REPORT==== 17-Sep-2025::02:09:40 ===
           ts_client:(6:<0.273.0>) Starting new transaction tr_fluxo_navegacao (now-576460723027801776)

=INFO REPORT==== 17-Sep-2025::02:09:41 ===
    ts_config_server:(6:<0.135.0>) Session 2 chosen

=INFO REPORT==== 17-Sep-2025::02:09:41 ===
           ts_client:(6:<0.278.0>) Starting new transaction tr_fluxo_compra (now-576460721203872573)

=INFO REPORT==== 17-Sep-2025::02:09:42 ===
    ts_config_server:(6:<0.135.0>) Session 1 chosen

=INFO REPORT==== 17-Sep-2025::02:09:42 ===
           ts_client:(6:<0.283.0>) Starting new transaction tr_fluxo_navegacao (now-576460720995810519)

=INFO REPORT==== 17-Sep-2025::02:09:42 ===
    ts_config_server:(6:<0.135.0>) Session 2 chosen

=INFO REPORT==== 17-Sep-2025::02:09:42 ===
           ts_client:(6:<0.285.0>) Starting new transaction tr_fluxo_compra (now-576460720917738018)

=INFO REPORT==== 17-Sep-2025::02:09:43 ===
           ts_client:(6:<0.232.0>) Stopping transaction tr_fluxo_navegacao (-576460719277755481)

=INFO REPORT==== 17-Sep-2025::02:09:43 ===
           ts_client:(6:<0.232.0>) Session ending 

=INFO REPORT==== 17-Sep-2025::02:09:45 ===
           ts_client:(6:<0.206.0>) Stopping transaction tr_fluxo_navegacao (-576460717819845204)

=INFO REPORT==== 17-Sep-2025::02:09:45 ===
           ts_client:(6:<0.206.0>) Session ending 

=INFO REPORT==== 17-Sep-2025::02:09:45 ===
    ts_config_server:(6:<0.135.0>) Session 1 chosen

=INFO REPORT==== 17-Sep-2025::02:09:45 ===
           ts_client:(6:<0.294.0>) Starting new transaction tr_fluxo_navegacao (now-576460717686904134)

=INFO REPORT==== 17-Sep-2025::02:09:45 ===
           ts_client:(6:<0.221.0>) Stopping transaction tr_fluxo_compra (-576460717094383003)

=INFO REPORT==== 17-Sep-2025::02:09:45 ===
           ts_client:(6:<0.221.0>) Session ending 

=INFO REPORT==== 17-Sep-2025::02:09:46 ===
           ts_client:(6:<0.238.0>) Stopping transaction tr_fluxo_navegacao (-576460716246242473)

=INFO REPORT==== 17-Sep-2025::02:09:46 ===
           ts_client:(6:<0.238.0>) Session ending 

=INFO REPORT==== 17-Sep-2025::02:09:49 ===
    ts_config_server:(6:<0.135.0>) Session 1 chosen

=INFO REPORT==== 17-Sep-2025::02:09:49 ===
           ts_client:(6:<0.299.0>) Starting new transaction tr_fluxo_navegacao (now-576460714057833135)

=INFO REPORT==== 17-Sep-2025::02:09:49 ===
    ts_config_server:(6:<0.135.0>) Session 1 chosen

=INFO REPORT==== 17-Sep-2025::02:09:49 ===
           ts_client:(6:<0.300.0>) Starting new transaction tr_fluxo_navegacao (now-576460713942826157)

=INFO REPORT==== 17-Sep-2025::02:09:49 ===
    ts_config_server:(6:<0.135.0>) Session 2 chosen

=INFO REPORT==== 17-Sep-2025::02:09:49 ===
           ts_client:(6:<0.309.0>) Starting new transaction tr_fluxo_compra (now-576460713269740576)

=INFO REPORT==== 17-Sep-2025::02:09:50 ===
           ts_client:(6:<0.252.0>) Stopping transaction tr_fluxo_navegacao (-576460712764016889)

=INFO REPORT==== 17-Sep-2025::02:09:50 ===
           ts_client:(6:<0.252.0>) Session ending 

=INFO REPORT==== 17-Sep-2025::02:09:51 ===
           ts_client:(6:<0.258.0>) Stopping transaction tr_fluxo_navegacao (-576460711697480088)

=INFO REPORT==== 17-Sep-2025::02:09:51 ===
           ts_client:(6:<0.258.0>) Session ending 

=INFO REPORT==== 17-Sep-2025::02:09:51 ===
    ts_config_server:(6:<0.135.0>) Session 1 chosen

=INFO REPORT==== 17-Sep-2025::02:09:51 ===
           ts_client:(6:<0.314.0>) Starting new transaction tr_fluxo_navegacao (now-576460711618819736)

=INFO REPORT==== 17-Sep-2025::02:09:52 ===
    ts_config_server:(6:<0.135.0>) Session 1 chosen

=INFO REPORT==== 17-Sep-2025::02:09:52 ===
           ts_client:(6:<0.320.0>) Starting new transaction tr_fluxo_navegacao (now-576460710211809412)

=INFO REPORT==== 17-Sep-2025::02:09:55 ===
    ts_config_server:(6:<0.135.0>) Session 1 chosen

=INFO REPORT==== 17-Sep-2025::02:09:55 ===
           ts_client:(6:<0.325.0>) Starting new transaction tr_fluxo_navegacao (now-576460707458840734)

=INFO REPORT==== 17-Sep-2025::02:09:56 ===
           ts_client:(6:<0.237.0>) Stopping transaction tr_fluxo_navegacao (-576460706530528776)

=INFO REPORT==== 17-Sep-2025::02:09:56 ===
           ts_client:(6:<0.237.0>) Session ending 

=INFO REPORT==== 17-Sep-2025::02:09:57 ===
           ts_client:(6:<0.263.0>) Stopping transaction tr_fluxo_navegacao (-576460705817757371)

=INFO REPORT==== 17-Sep-2025::02:09:57 ===
           ts_client:(6:<0.263.0>) Session ending 

=INFO REPORT==== 17-Sep-2025::02:09:58 ===
           ts_client:(6:<0.283.0>) Stopping transaction tr_fluxo_navegacao (-576460704551339754)

=INFO REPORT==== 17-Sep-2025::02:09:58 ===
           ts_client:(6:<0.283.0>) Session ending 

=INFO REPORT==== 17-Sep-2025::02:09:59 ===
           ts_client:(6:<0.299.0>) Stopping transaction tr_fluxo_navegacao (-576460703170058197)

=INFO REPORT==== 17-Sep-2025::02:09:59 ===
           ts_client:(6:<0.299.0>) Session ending 

=INFO REPORT==== 17-Sep-2025::02:10:00 ===
    ts_config_server:(6:<0.135.0>) Session 1 chosen

=INFO REPORT==== 17-Sep-2025::02:10:00 ===
           ts_client:(6:<0.330.0>) Starting new transaction tr_fluxo_navegacao (now-576460702917841750)

=INFO REPORT==== 17-Sep-2025::02:10:00 ===
           ts_client:(6:<0.300.0>) Stopping transaction tr_fluxo_navegacao (-576460702686175680)

=INFO REPORT==== 17-Sep-2025::02:10:00 ===
           ts_client:(6:<0.300.0>) Session ending 

=INFO REPORT==== 17-Sep-2025::02:10:01 ===
    ts_config_server:(6:<0.135.0>) Session 1 chosen

=INFO REPORT==== 17-Sep-2025::02:10:01 ===
           ts_client:(6:<0.335.0>) Starting new transaction tr_fluxo_navegacao (now-576460701495835981)

=INFO REPORT==== 17-Sep-2025::02:10:02 ===
    ts_config_server:(6:<0.135.0>) Session 1 chosen

=INFO REPORT==== 17-Sep-2025::02:10:02 ===
           ts_client:(6:<0.340.0>) Starting new transaction tr_fluxo_navegacao (now-576460701044813904)

=INFO REPORT==== 17-Sep-2025::02:10:02 ===
    ts_config_server:(6:<0.135.0>) Session 1 chosen

=INFO REPORT==== 17-Sep-2025::02:10:02 ===
         ts_launcher:(4:<0.190.0>) Need to wait 11.98 sec before changing phase, going to sleep

=INFO REPORT==== 17-Sep-2025::02:10:02 ===
           ts_client:(6:<0.346.0>) Starting new transaction tr_fluxo_navegacao (now-576460700802303632)

=INFO REPORT==== 17-Sep-2025::02:10:05 ===
           ts_client:(6:<0.320.0>) Stopping transaction tr_fluxo_navegacao (-576460697271694314)

=INFO REPORT==== 17-Sep-2025::02:10:05 ===
           ts_client:(6:<0.320.0>) Session ending 

=INFO REPORT==== 17-Sep-2025::02:10:06 ===
           ts_client:(6:<0.247.0>) Stopping transaction tr_fluxo_compra (-576460696274060726)

=INFO REPORT==== 17-Sep-2025::02:10:06 ===
           ts_client:(6:<0.247.0>) Session ending 

=INFO REPORT==== 17-Sep-2025::02:10:07 ===
           ts_client:(6:<0.268.0>) Stopping transaction tr_fluxo_navegacao (-576460695368664836)

=INFO REPORT==== 17-Sep-2025::02:10:07 ===
           ts_client:(6:<0.268.0>) Session ending 

=INFO REPORT==== 17-Sep-2025::02:10:07 ===
           ts_client:(6:<0.285.0>) Stopping transaction tr_fluxo_compra (-576460695219418267)

=INFO REPORT==== 17-Sep-2025::02:10:07 ===
           ts_client:(6:<0.285.0>) Session ending 

=INFO REPORT==== 17-Sep-2025::02:10:08 ===
           ts_client:(6:<0.309.0>) Stopping transaction tr_fluxo_compra (-576460695007557674)

=INFO REPORT==== 17-Sep-2025::02:10:08 ===
           ts_client:(6:<0.309.0>) Session ending 

=INFO REPORT==== 17-Sep-2025::02:10:08 ===
           ts_client:(6:<0.211.0>) Stopping transaction tr_fluxo_compra (-576460694193323320)

=INFO REPORT==== 17-Sep-2025::02:10:08 ===
           ts_client:(6:<0.211.0>) Session ending 

=INFO REPORT==== 17-Sep-2025::02:10:09 ===
           ts_client:(6:<0.201.0>) Stopping transaction tr_fluxo_compra (-576460693307461158)

=INFO REPORT==== 17-Sep-2025::02:10:09 ===
           ts_client:(6:<0.201.0>) Session ending 

=INFO REPORT==== 17-Sep-2025::02:10:10 ===
           ts_client:(6:<0.273.0>) Stopping transaction tr_fluxo_navegacao (-576460692916042693)

=INFO REPORT==== 17-Sep-2025::02:10:10 ===
           ts_client:(6:<0.273.0>) Session ending 

=INFO REPORT==== 17-Sep-2025::02:10:11 ===
           ts_client:(6:<0.314.0>) Stopping transaction tr_fluxo_navegacao (-576460691131508174)

=INFO REPORT==== 17-Sep-2025::02:10:11 ===
           ts_client:(6:<0.314.0>) Session ending 

=INFO REPORT==== 17-Sep-2025::02:10:13 ===
           ts_client:(6:<0.340.0>) Stopping transaction tr_fluxo_navegacao (-576460689101352213)

=INFO REPORT==== 17-Sep-2025::02:10:13 ===
           ts_client:(6:<0.340.0>) Session ending 

=INFO REPORT==== 17-Sep-2025::02:10:14 ===
         ts_launcher:(5:<0.190.0>) Waking up

=INFO REPORT==== 17-Sep-2025::02:10:14 ===
         ts_launcher:(5:<0.190.0>) Start a new arrival phase (60 users, 0.002); expected duration=30.0 sec

=INFO REPORT==== 17-Sep-2025::02:10:15 ===
           ts_client:(6:<0.278.0>) Stopping transaction tr_fluxo_compra (-576460687313691958)

=INFO REPORT==== 17-Sep-2025::02:10:15 ===
           ts_client:(6:<0.278.0>) Session ending 

=INFO REPORT==== 17-Sep-2025::02:10:17 ===
    ts_config_server:(6:<0.135.0>) Session 1 chosen

=INFO REPORT==== 17-Sep-2025::02:10:17 ===
           ts_client:(6:<0.352.0>) Starting new transaction tr_fluxo_navegacao (now-576460685517769903)

=INFO REPORT==== 17-Sep-2025::02:10:17 ===
           ts_client:(6:<0.330.0>) Stopping transaction tr_fluxo_navegacao (-576460685445040576)

=INFO REPORT==== 17-Sep-2025::02:10:17 ===
           ts_client:(6:<0.330.0>) Session ending 

=INFO REPORT==== 17-Sep-2025::02:10:17 ===
    ts_config_server:(6:<0.135.0>) Session 1 chosen

=INFO REPORT==== 17-Sep-2025::02:10:17 ===
           ts_client:(6:<0.357.0>) Starting new transaction tr_fluxo_navegacao (now-576460685174767316)

=INFO REPORT==== 17-Sep-2025::02:10:18 ===
    ts_config_server:(6:<0.135.0>) Session 1 chosen

=INFO REPORT==== 17-Sep-2025::02:10:18 ===
           ts_client:(6:<0.362.0>) Starting new transaction tr_fluxo_navegacao (now-576460684253619512)

=INFO REPORT==== 17-Sep-2025::02:10:20 ===
    ts_config_server:(6:<0.135.0>) Session 1 chosen

=INFO REPORT==== 17-Sep-2025::02:10:20 ===
           ts_client:(6:<0.294.0>) Stopping transaction tr_fluxo_navegacao (-576460682949746491)

=INFO REPORT==== 17-Sep-2025::02:10:20 ===
           ts_client:(6:<0.294.0>) Session ending 

=INFO REPORT==== 17-Sep-2025::02:10:20 ===
           ts_client:(6:<0.367.0>) Starting new transaction tr_fluxo_navegacao (now-576460682947338228)

=INFO REPORT==== 17-Sep-2025::02:10:20 ===
    ts_config_server:(6:<0.135.0>) Session 1 chosen

=INFO REPORT==== 17-Sep-2025::02:10:20 ===
           ts_client:(6:<0.372.0>) Starting new transaction tr_fluxo_navegacao (now-576460682439739900)

=INFO REPORT==== 17-Sep-2025::02:10:21 ===
    ts_config_server:(6:<0.135.0>) Session 1 chosen

=INFO REPORT==== 17-Sep-2025::02:10:21 ===
           ts_client:(6:<0.377.0>) Starting new transaction tr_fluxo_navegacao (now-576460681977862156)

=INFO REPORT==== 17-Sep-2025::02:10:21 ===
    ts_config_server:(6:<0.135.0>) Session 1 chosen

=INFO REPORT==== 17-Sep-2025::02:10:21 ===
           ts_client:(6:<0.378.0>) Starting new transaction tr_fluxo_navegacao (now-576460681917394165)

=INFO REPORT==== 17-Sep-2025::02:10:21 ===
    ts_config_server:(6:<0.135.0>) Session 1 chosen

=INFO REPORT==== 17-Sep-2025::02:10:21 ===
           ts_client:(6:<0.387.0>) Starting new transaction tr_fluxo_navegacao (now-576460681691841680)

=INFO REPORT==== 17-Sep-2025::02:10:21 ===
    ts_config_server:(6:<0.135.0>) Session 1 chosen

=INFO REPORT==== 17-Sep-2025::02:10:21 ===
           ts_client:(6:<0.392.0>) Starting new transaction tr_fluxo_navegacao (now-576460681457871377)

=INFO REPORT==== 17-Sep-2025::02:10:21 ===
    ts_config_server:(6:<0.135.0>) Session 2 chosen

=INFO REPORT==== 17-Sep-2025::02:10:21 ===
           ts_client:(6:<0.393.0>) Starting new transaction tr_fluxo_compra (now-576460681398874646)

=INFO REPORT==== 17-Sep-2025::02:10:22 ===
    ts_config_server:(6:<0.135.0>) Session 1 chosen

=INFO REPORT==== 17-Sep-2025::02:10:22 ===
           ts_client:(6:<0.403.0>) Starting new transaction tr_fluxo_navegacao (now-576460680236777753)

=INFO REPORT==== 17-Sep-2025::02:10:23 ===
    ts_config_server:(6:<0.135.0>) Session 2 chosen

=INFO REPORT==== 17-Sep-2025::02:10:23 ===
           ts_client:(6:<0.408.0>) Starting new transaction tr_fluxo_compra (now-576460679772959910)

=INFO REPORT==== 17-Sep-2025::02:10:23 ===
    ts_config_server:(6:<0.135.0>) Session 1 chosen

=INFO REPORT==== 17-Sep-2025::02:10:23 ===
           ts_client:(6:<0.409.0>) Starting new transaction tr_fluxo_navegacao (now-576460679699435966)

=INFO REPORT==== 17-Sep-2025::02:10:23 ===
    ts_config_server:(6:<0.135.0>) Session 2 chosen

=INFO REPORT==== 17-Sep-2025::02:10:23 ===
           ts_client:(6:<0.410.0>) Starting new transaction tr_fluxo_compra (now-576460679634761590)

=INFO REPORT==== 17-Sep-2025::02:10:23 ===
           ts_client:(6:<0.325.0>) Stopping transaction tr_fluxo_navegacao (-576460679463965204)

=INFO REPORT==== 17-Sep-2025::02:10:23 ===
           ts_client:(6:<0.325.0>) Session ending 

=INFO REPORT==== 17-Sep-2025::02:10:23 ===
    ts_config_server:(6:<0.135.0>) Session 2 chosen

=INFO REPORT==== 17-Sep-2025::02:10:23 ===
           ts_client:(6:<0.423.0>) Starting new transaction tr_fluxo_compra (now-576460679099605842)

=INFO REPORT==== 17-Sep-2025::02:10:24 ===
    ts_config_server:(6:<0.135.0>) Session 2 chosen

=INFO REPORT==== 17-Sep-2025::02:10:24 ===
           ts_client:(6:<0.424.0>) Starting new transaction tr_fluxo_compra (now-576460679038893800)

=INFO REPORT==== 17-Sep-2025::02:10:24 ===
    ts_config_server:(6:<0.135.0>) Session 2 chosen

=INFO REPORT==== 17-Sep-2025::02:10:24 ===
           ts_client:(6:<0.433.0>) Starting new transaction tr_fluxo_compra (now-576460678521893538)

=INFO REPORT==== 17-Sep-2025::02:10:24 ===
    ts_config_server:(6:<0.135.0>) Session 2 chosen

=INFO REPORT==== 17-Sep-2025::02:10:24 ===
           ts_client:(6:<0.434.0>) Starting new transaction tr_fluxo_compra (now-576460678501790439)

=INFO REPORT==== 17-Sep-2025::02:10:24 ===
    ts_config_server:(6:<0.135.0>) Session 2 chosen

=INFO REPORT==== 17-Sep-2025::02:10:24 ===
           ts_client:(6:<0.443.0>) Starting new transaction tr_fluxo_compra (now-576460678263822405)

=INFO REPORT==== 17-Sep-2025::02:10:24 ===
    ts_config_server:(6:<0.135.0>) Session 2 chosen

=INFO REPORT==== 17-Sep-2025::02:10:24 ===
           ts_client:(6:<0.444.0>) Starting new transaction tr_fluxo_compra (now-576460678204831551)

=INFO REPORT==== 17-Sep-2025::02:10:25 ===
    ts_config_server:(6:<0.135.0>) Session 1 chosen

=INFO REPORT==== 17-Sep-2025::02:10:25 ===
           ts_client:(6:<0.453.0>) Starting new transaction tr_fluxo_navegacao (now-576460677951766065)

=INFO REPORT==== 17-Sep-2025::02:10:25 ===
    ts_config_server:(6:<0.135.0>) Session 1 chosen

=INFO REPORT==== 17-Sep-2025::02:10:25 ===
           ts_client:(6:<0.458.0>) Starting new transaction tr_fluxo_navegacao (now-576460677193648124)

=INFO REPORT==== 17-Sep-2025::02:10:25 ===
    ts_config_server:(6:<0.135.0>) Session 1 chosen

=INFO REPORT==== 17-Sep-2025::02:10:25 ===
           ts_client:(6:<0.459.0>) Starting new transaction tr_fluxo_navegacao (now-576460677070805884)

=INFO REPORT==== 17-Sep-2025::02:10:26 ===
    ts_config_server:(6:<0.135.0>) Session 1 chosen

=INFO REPORT==== 17-Sep-2025::02:10:26 ===
           ts_client:(6:<0.464.0>) Starting new transaction tr_fluxo_navegacao (now-576460676963746172)

=INFO REPORT==== 17-Sep-2025::02:10:27 ===
    ts_config_server:(6:<0.135.0>) Session 1 chosen

=INFO REPORT==== 17-Sep-2025::02:10:27 ===
           ts_client:(6:<0.473.0>) Starting new transaction tr_fluxo_navegacao (now-576460675614862899)

=INFO REPORT==== 17-Sep-2025::02:10:27 ===
    ts_config_server:(6:<0.135.0>) Session 2 chosen

=INFO REPORT==== 17-Sep-2025::02:10:27 ===
           ts_client:(6:<0.478.0>) Starting new transaction tr_fluxo_compra (now-576460675291827258)

=INFO REPORT==== 17-Sep-2025::02:10:28 ===
    ts_config_server:(6:<0.135.0>) Session 1 chosen

=INFO REPORT==== 17-Sep-2025::02:10:28 ===
           ts_client:(6:<0.483.0>) Starting new transaction tr_fluxo_navegacao (now-576460674484626047)

=INFO REPORT==== 17-Sep-2025::02:10:28 ===
           ts_client:(6:<0.335.0>) Stopping transaction tr_fluxo_navegacao (-576460674438979153)

=INFO REPORT==== 17-Sep-2025::02:10:28 ===
           ts_client:(6:<0.335.0>) Session ending 

=INFO REPORT==== 17-Sep-2025::02:10:29 ===
    ts_config_server:(6:<0.135.0>) Session 1 chosen

=INFO REPORT==== 17-Sep-2025::02:10:29 ===
           ts_client:(6:<0.488.0>) Starting new transaction tr_fluxo_navegacao (now-576460674041868608)

=INFO REPORT==== 17-Sep-2025::02:10:29 ===
    ts_config_server:(6:<0.135.0>) Session 1 chosen

=INFO REPORT==== 17-Sep-2025::02:10:29 ===
           ts_client:(6:<0.493.0>) Starting new transaction tr_fluxo_navegacao (now-576460673468760408)

=INFO REPORT==== 17-Sep-2025::02:10:29 ===
    ts_config_server:(6:<0.135.0>) Session 1 chosen

=INFO REPORT==== 17-Sep-2025::02:10:29 ===
           ts_client:(6:<0.494.0>) Starting new transaction tr_fluxo_navegacao (now-576460673304973789)

=INFO REPORT==== 17-Sep-2025::02:10:30 ===
    ts_config_server:(6:<0.135.0>) Session 1 chosen

=INFO REPORT==== 17-Sep-2025::02:10:30 ===
           ts_client:(6:<0.503.0>) Starting new transaction tr_fluxo_navegacao (now-576460672483860164)

=INFO REPORT==== 17-Sep-2025::02:10:30 ===
    ts_config_server:(6:<0.135.0>) Session 1 chosen

=INFO REPORT==== 17-Sep-2025::02:10:30 ===
           ts_client:(6:<0.504.0>) Starting new transaction tr_fluxo_navegacao (now-576460672475341833)

=INFO REPORT==== 17-Sep-2025::02:10:31 ===
    ts_config_server:(6:<0.135.0>) Session 2 chosen

=INFO REPORT==== 17-Sep-2025::02:10:31 ===
           ts_client:(6:<0.513.0>) Starting new transaction tr_fluxo_compra (now-576460671212874105)

=INFO REPORT==== 17-Sep-2025::02:10:32 ===
    ts_config_server:(6:<0.135.0>) Session 1 chosen

=INFO REPORT==== 17-Sep-2025::02:10:32 ===
           ts_client:(6:<0.519.0>) Starting new transaction tr_fluxo_navegacao (now-576460670545633908)

=INFO REPORT==== 17-Sep-2025::02:10:32 ===
    ts_config_server:(6:<0.135.0>) Session 1 chosen

=INFO REPORT==== 17-Sep-2025::02:10:32 ===
           ts_client:(6:<0.520.0>) Starting new transaction tr_fluxo_navegacao (now-576460670416397988)

=INFO REPORT==== 17-Sep-2025::02:10:32 ===
    ts_config_server:(6:<0.135.0>) Session 1 chosen

=INFO REPORT==== 17-Sep-2025::02:10:32 ===
           ts_client:(6:<0.529.0>) Starting new transaction tr_fluxo_navegacao (now-576460670148654637)

=INFO REPORT==== 17-Sep-2025::02:10:33 ===
    ts_config_server:(6:<0.135.0>) Session 1 chosen

=INFO REPORT==== 17-Sep-2025::02:10:33 ===
           ts_client:(6:<0.532.0>) Starting new transaction tr_fluxo_navegacao (now-576460669970246945)

=INFO REPORT==== 17-Sep-2025::02:10:33 ===
    ts_config_server:(6:<0.135.0>) Session 1 chosen

=INFO REPORT==== 17-Sep-2025::02:10:33 ===
           ts_client:(6:<0.535.0>) Starting new transaction tr_fluxo_navegacao (now-576460669949358363)

=INFO REPORT==== 17-Sep-2025::02:10:33 ===
    ts_config_server:(6:<0.135.0>) Session 1 chosen

=INFO REPORT==== 17-Sep-2025::02:10:33 ===
           ts_client:(6:<0.536.0>) Starting new transaction tr_fluxo_navegacao (now-576460669889687644)

=INFO REPORT==== 17-Sep-2025::02:10:33 ===
           ts_client:(6:<0.357.0>) Stopping transaction tr_fluxo_navegacao (-576460669701132944)

=INFO REPORT==== 17-Sep-2025::02:10:33 ===
           ts_client:(6:<0.357.0>) Session ending 

=INFO REPORT==== 17-Sep-2025::02:10:34 ===
    ts_config_server:(6:<0.135.0>) Session 2 chosen

=INFO REPORT==== 17-Sep-2025::02:10:34 ===
           ts_client:(6:<0.549.0>) Starting new transaction tr_fluxo_compra (now-576460668952733380)

=INFO REPORT==== 17-Sep-2025::02:10:34 ===
    ts_config_server:(6:<0.135.0>) Session 1 chosen

=INFO REPORT==== 17-Sep-2025::02:10:34 ===
           ts_client:(6:<0.554.0>) Starting new transaction tr_fluxo_navegacao (now-576460668625817563)

=INFO REPORT==== 17-Sep-2025::02:10:34 ===
           ts_client:(6:<0.453.0>) Stopping transaction tr_fluxo_navegacao (-576460668608603383)

=INFO REPORT==== 17-Sep-2025::02:10:34 ===
           ts_client:(6:<0.453.0>) Session ending 

=INFO REPORT==== 17-Sep-2025::02:10:34 ===
           ts_client:(6:<0.352.0>) Stopping transaction tr_fluxo_navegacao (-576460668422766980)

=INFO REPORT==== 17-Sep-2025::02:10:34 ===
           ts_client:(6:<0.352.0>) Session ending 

=INFO REPORT==== 17-Sep-2025::02:10:34 ===
    ts_config_server:(6:<0.135.0>) Session 2 chosen

=INFO REPORT==== 17-Sep-2025::02:10:34 ===
           ts_client:(6:<0.559.0>) Starting new transaction tr_fluxo_compra (now-576460668245240684)

=INFO REPORT==== 17-Sep-2025::02:10:35 ===
    ts_config_server:(6:<0.135.0>) Session 1 chosen

=INFO REPORT==== 17-Sep-2025::02:10:35 ===
           ts_client:(6:<0.564.0>) Starting new transaction tr_fluxo_navegacao (now-576460667488313388)

=INFO REPORT==== 17-Sep-2025::02:10:35 ===
           ts_client:(6:<0.362.0>) Stopping transaction tr_fluxo_navegacao (-576460667205098546)

=INFO REPORT==== 17-Sep-2025::02:10:35 ===
           ts_client:(6:<0.362.0>) Session ending 

=INFO REPORT==== 17-Sep-2025::02:10:36 ===
           ts_client:(6:<0.464.0>) Stopping transaction tr_fluxo_navegacao (-576460666878026113)

=INFO REPORT==== 17-Sep-2025::02:10:36 ===
           ts_client:(6:<0.464.0>) Session ending 

=INFO REPORT==== 17-Sep-2025::02:10:36 ===
    ts_config_server:(6:<0.135.0>) Session 1 chosen

=INFO REPORT==== 17-Sep-2025::02:10:36 ===
           ts_client:(6:<0.569.0>) Starting new transaction tr_fluxo_navegacao (now-576460666743560922)

=INFO REPORT==== 17-Sep-2025::02:10:37 ===
           ts_client:(6:<0.387.0>) Stopping transaction tr_fluxo_navegacao (-576460665202645374)

=INFO REPORT==== 17-Sep-2025::02:10:37 ===
           ts_client:(6:<0.387.0>) Session ending 

=INFO REPORT==== 17-Sep-2025::02:10:38 ===
           ts_client:(6:<0.378.0>) Stopping transaction tr_fluxo_navegacao (-576460664951617048)

=INFO REPORT==== 17-Sep-2025::02:10:38 ===
           ts_client:(6:<0.378.0>) Session ending 

=INFO REPORT==== 17-Sep-2025::02:10:38 ===
           ts_client:(6:<0.458.0>) Stopping transaction tr_fluxo_navegacao (-576460664313924394)

=INFO REPORT==== 17-Sep-2025::02:10:38 ===
           ts_client:(6:<0.458.0>) Session ending 

=INFO REPORT==== 17-Sep-2025::02:10:38 ===
           ts_client:(6:<0.346.0>) Stopping transaction tr_fluxo_navegacao (-576460664241277808)

=INFO REPORT==== 17-Sep-2025::02:10:38 ===
           ts_client:(6:<0.346.0>) Session ending 

=INFO REPORT==== 17-Sep-2025::02:10:38 ===
    ts_config_server:(6:<0.135.0>) Session 2 chosen

=INFO REPORT==== 17-Sep-2025::02:10:38 ===
           ts_client:(6:<0.574.0>) Starting new transaction tr_fluxo_compra (now-576460664182762433)

=INFO REPORT==== 17-Sep-2025::02:10:38 ===
    ts_config_server:(6:<0.135.0>) Session 1 chosen

=INFO REPORT==== 17-Sep-2025::02:10:38 ===
           ts_client:(6:<0.575.0>) Starting new transaction tr_fluxo_navegacao (now-576460664087827510)

=INFO REPORT==== 17-Sep-2025::02:10:39 ===
           ts_client:(6:<0.403.0>) Stopping transaction tr_fluxo_navegacao (-576460663738472275)

=INFO REPORT==== 17-Sep-2025::02:10:39 ===
           ts_client:(6:<0.403.0>) Session ending 

=INFO REPORT==== 17-Sep-2025::02:10:39 ===
           ts_client:(6:<0.483.0>) Stopping transaction tr_fluxo_navegacao (-576460663574277784)

=INFO REPORT==== 17-Sep-2025::02:10:39 ===
           ts_client:(6:<0.483.0>) Session ending 

=INFO REPORT==== 17-Sep-2025::02:10:39 ===
    ts_config_server:(6:<0.135.0>) Session 1 chosen

=INFO REPORT==== 17-Sep-2025::02:10:39 ===
           ts_client:(6:<0.584.0>) Starting new transaction tr_fluxo_navegacao (now-576460663490869703)

=INFO REPORT==== 17-Sep-2025::02:10:39 ===
    ts_config_server:(6:<0.135.0>) Session 1 chosen

=INFO REPORT==== 17-Sep-2025::02:10:39 ===
           ts_client:(6:<0.589.0>) Starting new transaction tr_fluxo_navegacao (now-576460663320817734)

=INFO REPORT==== 17-Sep-2025::02:10:40 ===
    ts_config_server:(6:<0.135.0>) Session 1 chosen

=INFO REPORT==== 17-Sep-2025::02:10:40 ===
           ts_client:(6:<0.594.0>) Starting new transaction tr_fluxo_navegacao (now-576460662910861690)

=INFO REPORT==== 17-Sep-2025::02:10:40 ===
    ts_config_server:(6:<0.135.0>) Session 1 chosen

=INFO REPORT==== 17-Sep-2025::02:10:40 ===
           ts_client:(6:<0.595.0>) Starting new transaction tr_fluxo_navegacao (now-576460662785735819)

=INFO REPORT==== 17-Sep-2025::02:10:40 ===
           ts_client:(6:<0.494.0>) Stopping transaction tr_fluxo_navegacao (-576460662559762244)

=INFO REPORT==== 17-Sep-2025::02:10:40 ===
           ts_client:(6:<0.494.0>) Session ending 

=INFO REPORT==== 17-Sep-2025::02:10:40 ===
           ts_client:(6:<0.459.0>) Stopping transaction tr_fluxo_navegacao (-576460662308271822)

=INFO REPORT==== 17-Sep-2025::02:10:40 ===
           ts_client:(6:<0.459.0>) Session ending 

=INFO REPORT==== 17-Sep-2025::02:10:41 ===
    ts_config_server:(6:<0.135.0>) Session 1 chosen

=INFO REPORT==== 17-Sep-2025::02:10:41 ===
           ts_client:(6:<0.604.0>) Starting new transaction tr_fluxo_navegacao (now-576460661987709344)

=INFO REPORT==== 17-Sep-2025::02:10:41 ===
           ts_client:(6:<0.488.0>) Stopping transaction tr_fluxo_navegacao (-576460661867408584)

=INFO REPORT==== 17-Sep-2025::02:10:41 ===
           ts_client:(6:<0.488.0>) Session ending 

=INFO REPORT==== 17-Sep-2025::02:10:42 ===
    ts_config_server:(6:<0.135.0>) Session 2 chosen

=INFO REPORT==== 17-Sep-2025::02:10:42 ===
           ts_client:(6:<0.610.0>) Starting new transaction tr_fluxo_compra (now-576460660906811421)

=INFO REPORT==== 17-Sep-2025::02:10:43 ===
           ts_client:(6:<0.377.0>) Stopping transaction tr_fluxo_navegacao (-576460659971935318)

=INFO REPORT==== 17-Sep-2025::02:10:43 ===
           ts_client:(6:<0.377.0>) Session ending 

=INFO REPORT==== 17-Sep-2025::02:10:43 ===
    ts_config_server:(6:<0.135.0>) Session 1 chosen

=INFO REPORT==== 17-Sep-2025::02:10:43 ===
           ts_client:(6:<0.615.0>) Starting new transaction tr_fluxo_navegacao (now-576460659823617406)

=INFO REPORT==== 17-Sep-2025::02:10:43 ===
           ts_client:(6:<0.554.0>) Stopping transaction tr_fluxo_navegacao (-576460659204020585)

=INFO REPORT==== 17-Sep-2025::02:10:43 ===
           ts_client:(6:<0.554.0>) Session ending 

=INFO REPORT==== 17-Sep-2025::02:10:44 ===
    ts_config_server:(6:<0.135.0>) Session 1 chosen

=INFO REPORT==== 17-Sep-2025::02:10:44 ===
           ts_client:(6:<0.620.0>) Starting new transaction tr_fluxo_navegacao (now-576460659028581568)

=INFO REPORT==== 17-Sep-2025::02:10:44 ===
    ts_config_server:(6:<0.135.0>) Session 1 chosen

=INFO REPORT==== 17-Sep-2025::02:10:44 ===
           ts_client:(6:<0.621.0>) Starting new transaction tr_fluxo_navegacao (now-576460658984714838)

=INFO REPORT==== 17-Sep-2025::02:10:44 ===
           ts_client:(6:<0.503.0>) Stopping transaction tr_fluxo_navegacao (-576460658836968408)

=INFO REPORT==== 17-Sep-2025::02:10:44 ===
           ts_client:(6:<0.503.0>) Session ending 

=INFO REPORT==== 17-Sep-2025::02:10:44 ===
    ts_config_server:(6:<0.135.0>) Session 1 chosen

=INFO REPORT==== 17-Sep-2025::02:10:44 ===
         ts_launcher:(5:<0.190.0>) Phase duration exceeded, but not all users were launched (4 users, 6.7% of phase)

=INFO REPORT==== 17-Sep-2025::02:10:44 ===
         ts_launcher:(5:<0.190.0>) This was the last phase, wait for connected users to finish their session

=INFO REPORT==== 17-Sep-2025::02:10:44 ===
         ts_launcher:(6:<0.190.0>) launcher terminating for reason normal

=INFO REPORT==== 17-Sep-2025::02:10:44 ===
     ts_launcher_mgr:(6:<0.183.0>) All launchers are done on node tsung_controller@3e43ea4093fb, wait for active clients to finish

=INFO REPORT==== 17-Sep-2025::02:10:44 ===
           ts_client:(6:<0.630.0>) Starting new transaction tr_fluxo_navegacao (now-576460658767697140)

=INFO REPORT==== 17-Sep-2025::02:10:44 ===
           ts_client:(6:<0.529.0>) Stopping transaction tr_fluxo_navegacao (-576460658641931927)

=INFO REPORT==== 17-Sep-2025::02:10:44 ===
           ts_client:(6:<0.529.0>) Session ending 

=INFO REPORT==== 17-Sep-2025::02:10:44 ===
           ts_client:(6:<0.493.0>) Stopping transaction tr_fluxo_navegacao (-576460658074541128)

=INFO REPORT==== 17-Sep-2025::02:10:44 ===
           ts_client:(6:<0.493.0>) Session ending 

=INFO REPORT==== 17-Sep-2025::02:10:45 ===
           ts_client:(6:<0.392.0>) Stopping transaction tr_fluxo_navegacao (-576460657965076367)

=INFO REPORT==== 17-Sep-2025::02:10:45 ===
           ts_client:(6:<0.392.0>) Session ending 

=INFO REPORT==== 17-Sep-2025::02:10:46 ===
           ts_client:(6:<0.372.0>) Stopping transaction tr_fluxo_navegacao (-576460656302472430)

=INFO REPORT==== 17-Sep-2025::02:10:46 ===
           ts_client:(6:<0.372.0>) Session ending 

=INFO REPORT==== 17-Sep-2025::02:10:47 ===
           ts_client:(6:<0.604.0>) Stopping transaction tr_fluxo_navegacao (-576460655298004210)

=INFO REPORT==== 17-Sep-2025::02:10:47 ===
           ts_client:(6:<0.604.0>) Session ending 

=INFO REPORT==== 17-Sep-2025::02:10:48 ===
           ts_client:(6:<0.473.0>) Stopping transaction tr_fluxo_navegacao (-576460654949879116)

=INFO REPORT==== 17-Sep-2025::02:10:48 ===
           ts_client:(6:<0.473.0>) Session ending 

=INFO REPORT==== 17-Sep-2025::02:10:48 ===
           ts_client:(6:<0.564.0>) Stopping transaction tr_fluxo_navegacao (-576460654571028209)

=INFO REPORT==== 17-Sep-2025::02:10:48 ===
           ts_client:(6:<0.564.0>) Session ending 

=INFO REPORT==== 17-Sep-2025::02:10:48 ===
           ts_client:(6:<0.535.0>) Stopping transaction tr_fluxo_navegacao (-576460654445360244)

=INFO REPORT==== 17-Sep-2025::02:10:48 ===
           ts_client:(6:<0.535.0>) Session ending 

=INFO REPORT==== 17-Sep-2025::02:10:49 ===
           ts_client:(6:<0.532.0>) Stopping transaction tr_fluxo_navegacao (-576460653812857343)

=INFO REPORT==== 17-Sep-2025::02:10:49 ===
           ts_client:(6:<0.532.0>) Session ending 

=INFO REPORT==== 17-Sep-2025::02:10:49 ===
           ts_client:(6:<0.367.0>) Stopping transaction tr_fluxo_navegacao (-576460653129342611)

=INFO REPORT==== 17-Sep-2025::02:10:49 ===
           ts_client:(6:<0.367.0>) Session ending 

=INFO REPORT==== 17-Sep-2025::02:10:51 ===
           ts_client:(6:<0.393.0>) Stopping transaction tr_fluxo_compra (-576460651374675336)

=INFO REPORT==== 17-Sep-2025::02:10:51 ===
           ts_client:(6:<0.393.0>) Session ending 

=INFO REPORT==== 17-Sep-2025::02:10:52 ===
           ts_client:(6:<0.409.0>) Stopping transaction tr_fluxo_navegacao (-576460650620068478)

=INFO REPORT==== 17-Sep-2025::02:10:52 ===
           ts_client:(6:<0.409.0>) Session ending 

=INFO REPORT==== 17-Sep-2025::02:10:53 ===
           ts_client:(6:<0.520.0>) Stopping transaction tr_fluxo_navegacao (-576460649349685661)

=INFO REPORT==== 17-Sep-2025::02:10:53 ===
           ts_client:(6:<0.520.0>) Session ending 

=INFO REPORT==== 17-Sep-2025::02:10:54 ===
           ts_client:(6:<0.621.0>) Stopping transaction tr_fluxo_navegacao (-576460648556983448)

=INFO REPORT==== 17-Sep-2025::02:10:54 ===
           ts_client:(6:<0.621.0>) Session ending 

=INFO REPORT==== 17-Sep-2025::02:10:55 ===
           ts_client:(6:<0.584.0>) Stopping transaction tr_fluxo_navegacao (-576460647935511060)

=INFO REPORT==== 17-Sep-2025::02:10:55 ===
           ts_client:(6:<0.584.0>) Session ending 

=INFO REPORT==== 17-Sep-2025::02:10:55 ===
           ts_client:(6:<0.504.0>) Stopping transaction tr_fluxo_navegacao (-576460647537745511)

=INFO REPORT==== 17-Sep-2025::02:10:55 ===
           ts_client:(6:<0.504.0>) Session ending 

=INFO REPORT==== 17-Sep-2025::02:10:55 ===
           ts_client:(6:<0.594.0>) Stopping transaction tr_fluxo_navegacao (-576460647507848649)

=INFO REPORT==== 17-Sep-2025::02:10:55 ===
           ts_client:(6:<0.594.0>) Session ending 

=INFO REPORT==== 17-Sep-2025::02:10:57 ===
           ts_client:(6:<0.444.0>) Stopping transaction tr_fluxo_compra (-576460645485742116)

=INFO REPORT==== 17-Sep-2025::02:10:57 ===
           ts_client:(6:<0.444.0>) Session ending 

=INFO REPORT==== 17-Sep-2025::02:10:59 ===
           ts_client:(6:<0.630.0>) Stopping transaction tr_fluxo_navegacao (-576460644058523935)

=INFO REPORT==== 17-Sep-2025::02:10:59 ===
           ts_client:(6:<0.630.0>) Session ending 

=INFO REPORT==== 17-Sep-2025::02:10:59 ===
           ts_client:(6:<0.569.0>) Stopping transaction tr_fluxo_navegacao (-576460643366370245)

=INFO REPORT==== 17-Sep-2025::02:10:59 ===
           ts_client:(6:<0.569.0>) Session ending 

=INFO REPORT==== 17-Sep-2025::02:11:00 ===
           ts_client:(6:<0.615.0>) Stopping transaction tr_fluxo_navegacao (-576460642176514530)

=INFO REPORT==== 17-Sep-2025::02:11:00 ===
           ts_client:(6:<0.615.0>) Session ending 

=INFO REPORT==== 17-Sep-2025::02:11:01 ===
           ts_client:(6:<0.559.0>) Stopping transaction tr_fluxo_compra (-576460641893217484)

=INFO REPORT==== 17-Sep-2025::02:11:01 ===
           ts_client:(6:<0.559.0>) Session ending 

=INFO REPORT==== 17-Sep-2025::02:11:01 ===
           ts_client:(6:<0.595.0>) Stopping transaction tr_fluxo_navegacao (-576460641634884779)

=INFO REPORT==== 17-Sep-2025::02:11:01 ===
           ts_client:(6:<0.595.0>) Session ending 

=INFO REPORT==== 17-Sep-2025::02:11:01 ===
           ts_client:(6:<0.575.0>) Stopping transaction tr_fluxo_navegacao (-576460641563681520)

=INFO REPORT==== 17-Sep-2025::02:11:01 ===
           ts_client:(6:<0.575.0>) Session ending 

=INFO REPORT==== 17-Sep-2025::02:11:02 ===
           ts_client:(6:<0.443.0>) Stopping transaction tr_fluxo_compra (-576460640552629104)

=INFO REPORT==== 17-Sep-2025::02:11:02 ===
           ts_client:(6:<0.443.0>) Session ending 

=INFO REPORT==== 17-Sep-2025::02:11:03 ===
           ts_client:(6:<0.408.0>) Stopping transaction tr_fluxo_compra (-576460639445943109)

=INFO REPORT==== 17-Sep-2025::02:11:03 ===
           ts_client:(6:<0.408.0>) Session ending 

=INFO REPORT==== 17-Sep-2025::02:11:04 ===
           ts_client:(6:<0.519.0>) Stopping transaction tr_fluxo_navegacao (-576460638096910363)

=INFO REPORT==== 17-Sep-2025::02:11:04 ===
           ts_client:(6:<0.519.0>) Session ending 

=INFO REPORT==== 17-Sep-2025::02:11:04 ===
           ts_client:(6:<0.589.0>) Stopping transaction tr_fluxo_navegacao (-576460638096576527)

=INFO REPORT==== 17-Sep-2025::02:11:04 ===
           ts_client:(6:<0.589.0>) Session ending 

=INFO REPORT==== 17-Sep-2025::02:11:06 ===
           ts_client:(6:<0.536.0>) Stopping transaction tr_fluxo_navegacao (-576460637031743427)

=INFO REPORT==== 17-Sep-2025::02:11:06 ===
           ts_client:(6:<0.536.0>) Session ending 

=INFO REPORT==== 17-Sep-2025::02:11:08 ===
           ts_client:(6:<0.434.0>) Stopping transaction tr_fluxo_compra (-576460634351034911)

=INFO REPORT==== 17-Sep-2025::02:11:08 ===
           ts_client:(6:<0.434.0>) Session ending 

=INFO REPORT==== 17-Sep-2025::02:11:10 ===
           ts_client:(6:<0.410.0>) Stopping transaction tr_fluxo_compra (-576460632893206595)

=INFO REPORT==== 17-Sep-2025::02:11:10 ===
           ts_client:(6:<0.410.0>) Session ending 

=INFO REPORT==== 17-Sep-2025::02:11:11 ===
           ts_client:(6:<0.549.0>) Stopping transaction tr_fluxo_compra (-576460631712947258)

=INFO REPORT==== 17-Sep-2025::02:11:11 ===
           ts_client:(6:<0.549.0>) Session ending 

=INFO REPORT==== 17-Sep-2025::02:11:11 ===
           ts_client:(6:<0.433.0>) Stopping transaction tr_fluxo_compra (-576460631469005138)

=INFO REPORT==== 17-Sep-2025::02:11:11 ===
           ts_client:(6:<0.433.0>) Session ending 

=INFO REPORT==== 17-Sep-2025::02:11:11 ===
           ts_client:(6:<0.424.0>) Stopping transaction tr_fluxo_compra (-576460631373456389)

=INFO REPORT==== 17-Sep-2025::02:11:11 ===
           ts_client:(6:<0.424.0>) Session ending 

=INFO REPORT==== 17-Sep-2025::02:11:11 ===
           ts_client:(6:<0.423.0>) Stopping transaction tr_fluxo_compra (-576460631292758659)

=INFO REPORT==== 17-Sep-2025::02:11:11 ===
           ts_client:(6:<0.423.0>) Session ending 

=INFO REPORT==== 17-Sep-2025::02:11:12 ===
           ts_client:(6:<0.620.0>) Stopping transaction tr_fluxo_navegacao (-576460630757117447)

=INFO REPORT==== 17-Sep-2025::02:11:12 ===
           ts_client:(6:<0.620.0>) Session ending 

=INFO REPORT==== 17-Sep-2025::02:11:12 ===
           ts_client:(6:<0.478.0>) Stopping transaction tr_fluxo_compra (-576460630587460619)

=INFO REPORT==== 17-Sep-2025::02:11:12 ===
           ts_client:(6:<0.478.0>) Session ending 

=INFO REPORT==== 17-Sep-2025::02:11:13 ===
           ts_client:(6:<0.610.0>) Stopping transaction tr_fluxo_compra (-576460629973749756)

=INFO REPORT==== 17-Sep-2025::02:11:13 ===
           ts_client:(6:<0.610.0>) Session ending 

=INFO REPORT==== 17-Sep-2025::02:11:17 ===
           ts_client:(6:<0.574.0>) Stopping transaction tr_fluxo_compra (-576460625973351625)

=INFO REPORT==== 17-Sep-2025::02:11:17 ===
           ts_client:(6:<0.574.0>) Session ending 

=INFO REPORT==== 17-Sep-2025::02:11:21 ===
           ts_client:(6:<0.513.0>) Stopping transaction tr_fluxo_compra (-576460621726487913)

=INFO REPORT==== 17-Sep-2025::02:11:21 ===
           ts_client:(6:<0.513.0>) Session ending 

=INFO REPORT==== 17-Sep-2025::02:11:24 ===
     ts_launcher_mgr:(5:<0.183.0>) No more active users tsung_controller@3e43ea4093fb "141"

=INFO REPORT==== 17-Sep-2025::02:11:24 ===
              ts_mon:(6:<0.136.0>) Stop asked, no more users, last launcher stopped, OK to stop

=INFO REPORT==== 17-Sep-2025::02:11:24 ===
              ts_mon:(5:<0.136.0>) stopping monitor (normal)
