# stats: dump at 1758074789
stats: users 5 5
stats: {freemem,"tsung_controller@3e43ea4093fb"} 1 6813.71875 0 6813.71875 6813.71875 0 0
stats: {load,"tsung_controller@3e43ea4093fb"} 1 0.23046875 0 0.23046875 0.23046875 0 0
stats: {cpu,"tsung_controller@3e43ea4093fb"} 1 5.805436880826244 0 5.805436880826244 5.805436880826244 0 0
stats: users_count 5 5
stats: finish_users_count 0 0
stats: connect 5 685.0334 424.87542844349093 1533.999 454.883 0 0
stats: request 10 852.6495000000001 514.78258086871 1888.949 156.593 0 0
stats: page 10 852.6495000000001 514.78258086871 1888.949 156.593 0 0
stats: 200 10 10
stats: size_rcv 5157 5157
stats: size_sent 912 912
stats: connected 5 5
# stats: dump at 1758074799
stats: users 6 6
stats: {freemem,"tsung_controller@3e43ea4093fb"} 1 6804.96875 0.0 6813.71875 6804.96875 6813.71875 1
stats: {load,"tsung_controller@3e43ea4093fb"} 1 0.33984375 0.0 0.33984375 0.23046875 0.23046875 1
stats: {cpu,"tsung_controller@3e43ea4093fb"} 1 6.429479034307496 0.0 6.429479034307496 5.805436880826244 5.805436880826244 1
stats: session 1 7326.961 0 7326.961 7326.961 0 0
stats: users_count 2 7
stats: finish_users_count 1 1
stats: connect 2 447.69849999999997 22.842500000000015 1533.999 424.856 685.0334 5
stats: request 20 572.98915 485.1397072353772 1888.949 133.586 852.6495000000001 10
stats: page 20 572.98915 485.1397072353772 1888.949 133.586 852.6495000000001 10
stats: tr_fluxo_navegacao 1 7325.257 0 7325.257 7325.257 0 0
stats: 200 20 30
stats: size_rcv 10873 16030
stats: size_sent 2226 3138
stats: connected 1 6
# stats: dump at 1758074809
stats: users 10 10
stats: {freemem,"tsung_controller@3e43ea4093fb"} 1 6802.55078125 0.0 6813.71875 6802.55078125 6809.34375 2
stats: {load,"tsung_controller@3e43ea4093fb"} 1 0.2890625 0.0 0.33984375 0.23046875 0.28515625 2
stats: {cpu,"tsung_controller@3e43ea4093fb"} 1 3.005155287312964 0.0 6.429479034307496 3.005155287312964 6.11745795756687 2
stats: session 2 19749.8335 3535.1375000000007 23284.971 7326.961 7326.961 1
stats: users_count 6 13
stats: finish_users_count 2 3
stats: request 23 648.3829130434784 571.4265986056237 2234.974 133.586 666.2092666666666 30
stats: connect 6 454.7585000000001 14.425839914888813 1533.999 424.856 617.2234285714286 7
stats: page 23 648.3829130434784 571.4265986056237 2234.974 133.586 666.2092666666666 30
stats: tr_fluxo_navegacao 2 19747.93 3535.3299999999986 23283.26 7325.257 7325.257 1
stats: 200 23 53
stats: size_rcv 13072 29102
stats: size_sent 2464 5602
stats: connected 4 10
# stats: dump at 1758074819
stats: users 14 14
stats: {freemem,"tsung_controller@3e43ea4093fb"} 1 6798.3984375 0.0 6813.71875 6798.3984375 6807.079427083333 3
stats: {load,"tsung_controller@3e43ea4093fb"} 1 0.23828125 0.0 0.33984375 0.23046875 0.2864583333333333 3
stats: {cpu,"tsung_controller@3e43ea4093fb"} 1 5.645364991159384 0.0 6.429479034307496 3.005155287312964 5.080023734148901 3
stats: session 1 33853.437 0.0 33853.437 7326.961 15608.876000000002 3
stats: users_count 5 18
stats: finish_users_count 1 4
stats: request 34 541.5512941176469 500.2707259393792 2234.974 133.586 658.4733018867926 53
stats: connect 5 453.6786 14.628705323438572 1533.999 424.856 542.2396153846155 13
stats: page 34 541.5512941176469 500.2707259393792 2234.974 133.586 658.4733018867926 53
stats: tr_fluxo_compra 1 33850.835 0 33850.835 33850.835 0 0
stats: 200 33 86
stats: tr_fluxo_navegacao 0 0 0 23283.26 7325.257 15607.038999999999 3
stats: size_rcv 18312 47414
stats: 502 1 1
stats: size_sent 3927 9529
stats: connected 4 14
# stats: dump at 1758074829
stats: users 13 15
stats: {freemem,"tsung_controller@3e43ea4093fb"} 1 6798.75390625 0.0 6813.71875 6798.3984375 6804.9091796875 4
stats: {load,"tsung_controller@3e43ea4093fb"} 1 0.28125 0.0 0.33984375 0.23046875 0.2744140625 4
stats: {cpu,"tsung_controller@3e43ea4093fb"} 1 2.979632889112396 0.0 6.429479034307496 2.979632889112396 5.2213590484015215 4
stats: session 7 24314.629714285715 10936.430444268442 40921.816 7326.961 20170.01625 4
stats: users_count 6 24
stats: finish_users_count 7 11
stats: request 42 522.998023809524 494.85998325752945 2234.974 133.586 612.7796436781609 87
stats: page 42 522.998023809524 494.85998325752945 2234.974 133.586 612.7796436781609 87
stats: tr_fluxo_compra 1 40466.704 0.0 40466.704 33850.835 33850.835 1
stats: 200 42 128
stats: connect 6 465.72433333333333 17.25371849454166 1533.999 424.856 517.6393333333334 18
stats: tr_fluxo_navegacao 6 21618.546666666665 9420.231466897238 40910.003 7325.257 15607.038999999999 3
stats: size_rcv 23628 71042
stats: 502 0 1
stats: size_sent 4330 13859
stats: connected -1 13
# stats: dump at 1758074839
stats: users 12 16
stats: {freemem,"tsung_controller@3e43ea4093fb"} 1 6802.35546875 0.0 6813.71875 6798.3984375 6803.678125 5
stats: {load,"tsung_controller@3e43ea4093fb"} 1 0.3203125 0.0 0.33984375 0.23046875 0.27578125 5
stats: {cpu,"tsung_controller@3e43ea4093fb"} 1 5.24987380111055 0.0 6.429479034307496 2.979632889112396 4.773013816543696 5
stats: session 6 18544.338 8184.693559163309 40921.816 7326.961 22807.497545454546 11
stats: users_count 5 29
stats: finish_users_count 6 17
stats: request 46 381.9889130434783 313.9740625342376 2234.974 133.526 583.5484186046513 129
stats: connect 4 441.71825 10.938726282684826 1533.999 424.856 504.66058333333336 24
stats: page 46 381.9889130434783 313.9740625342376 2234.974 133.526 583.5484186046513 129
stats: tr_fluxo_compra 1 34623.542 0.0 40466.704 33850.835 37158.769499999995 2
stats: 200 46 174
stats: tr_fluxo_navegacao 5 15326.0582 4280.017249119513 40910.003 7325.257 19614.71077777778 9
stats: size_rcv 27297 98339
stats: 502 0 1
stats: size_sent 5412 19271
stats: connected -2 11
# stats: dump at 1758074849
stats: users 15 16
stats: {freemem,"tsung_controller@3e43ea4093fb"} 1 6800.37890625 0.0 6813.71875 6798.3984375 6803.457682291667 6
stats: {load,"tsung_controller@3e43ea4093fb"} 1 0.26953125 0.0 0.33984375 0.23046875 0.283203125 6
stats: {cpu,"tsung_controller@3e43ea4093fb"} 1 3.56330553449583 0.0 6.429479034307496 2.979632889112396 4.8524904806381715 6
stats: session 3 24549.57733333333 10785.365735308385 40921.816 7326.961 21302.853 17
stats: users_count 6 35
stats: finish_users_count 3 20
stats: request 30 542.1156666666668 575.4029207327873 2932.013 133.526 530.567062857143 175
stats: tr_fluxo_compra 1 39655.343 0.0 40466.704 33850.835 36313.693666666666 3
stats: connect 5 445.7222 6.994180106345555 1533.999 424.856 495.66882142857145 28
stats: 200 29 203
stats: page 30 542.1156666666668 575.4029207327873 2932.013 133.526 530.567062857143 175
stats: tr_fluxo_navegacao 1 15177.899 0.0 40910.003 7325.257 18083.049142857144 14
stats: size_rcv 18339 116678
stats: 502 1 2
stats: newphase 1 1
stats: size_sent 4147 23418
stats: connected 3 14
# stats: dump at 1758074859
stats: users 24 24
stats: {freemem,"tsung_controller@3e43ea4093fb"} 1 6799.01953125 0.0 6813.71875 6798.3984375 6803.017857142857 7
stats: {load,"tsung_controller@3e43ea4093fb"} 1 0.23046875 0.0 0.33984375 0.23046875 0.28125 7
stats: {cpu,"tsung_controller@3e43ea4093fb"} 1 3.313594557137457 0.0 6.429479034307496 2.979632889112396 4.668321202617838 7
stats: session 7 28329.465428571424 12203.113503500348 48919.394 7326.961 21789.86165 20
stats: users_count 16 51
stats: finish_users_count 7 27
stats: request 70 526.6597571428572 471.37567914609366 2932.013 132.945 532.2571024390246 205
stats: page 70 526.6597571428572 471.37567914609366 2932.013 132.945 532.2571024390246 205
stats: connect 16 452.23137499999996 26.39562877133969 1533.999 417.563 488.1011515151515 33
stats: tr_fluxo_compra 3 40121.55966666667 6227.339787273658 48917.486 33850.835 37149.106 4
stats: 200 69 272
stats: tr_fluxo_navegacao 5 19347.808800000003 6263.873260559137 40910.003 7325.257 17889.372466666668 15
stats: size_rcv 37042 153720
stats: 502 1 3
stats: newphase 0 1
stats: size_sent 7377 30795
stats: connected 8 22
# stats: dump at 1758074869
stats: users 41 42
stats: {freemem,"tsung_controller@3e43ea4093fb"} 1 6794.625 0.0 6813.71875 6794.625 6802.51806640625 8
stats: {load,"tsung_controller@3e43ea4093fb"} 1 0.19140625 0.0 0.33984375 0.19140625 0.27490234375 8
stats: {cpu,"tsung_controller@3e43ea4093fb"} 1 3.663929248262792 0.0 6.429479034307496 2.979632889112396 4.49898037193279 8
stats: session 6 17211.155166666667 10657.911320079691 48919.394 7326.961 23485.314481481477 27
stats: users_count 23 74
stats: finish_users_count 6 33
stats: request 116 588.8539051724136 719.2650989260518 5617.097 132.945 530.8323236363639 275
stats: page 116 588.8539051724136 719.2650989260518 5617.097 132.945 530.8323236363639 275
stats: 200 115 387
stats: connect 25 452.55676000000005 17.680410767354932 1533.999 417.563 476.3885714285714 49
stats: tr_fluxo_compra 1 40222.316 0.0 48917.486 33850.835 38423.01471428572 7
stats: size_rcv 61005 214725
stats: tr_fluxo_navegacao 5 12604.6302 3035.4612458330216 40910.003 7325.257 18253.98155 20
stats: 502 1 4
stats: newphase 0 1
stats: size_sent 11302 42097
stats: connected 19 41
# stats: dump at 1758074879
stats: users 29 42
stats: {freemem,"tsung_controller@3e43ea4093fb"} 1 6787.25390625 0.0 6813.71875 6787.25390625 6801.641059027777 9
stats: {load,"tsung_controller@3e43ea4093fb"} 1 0.16015625 0.0 0.33984375 0.16015625 0.265625 9
stats: {cpu,"tsung_controller@3e43ea4093fb"} 1 6.946381036886804 0.0 6.946381036886804 2.979632889112396 4.406196913747234 9
stats: session 14 16379.671785714285 5822.3440084558015 48919.394 7326.961 22344.55824242424 33
stats: users_count 2 76
stats: finish_users_count 14 47
stats: request 88 486.5095568181818 486.00536638432334 5617.097 132.945 548.0458874680307 391
stats: connect 2 488.564 51.31900000000002 1533.999 417.563 468.33728378378385 74
stats: page 88 486.5095568181818 486.00536638432334 5617.097 132.945 548.0458874680307 391
stats: tr_fluxo_compra 1 29341.843 0.0 48917.486 29341.843 38647.927375 8
stats: 200 88 475
stats: tr_fluxo_navegacao 13 15380.476153846153 4752.487290451259 40910.003 7325.257 17124.11128 25
stats: size_rcv 49950 264675
stats: 502 0 4
stats: newphase 0 1
stats: size_sent 10132 52229
stats: connected -12 29
# stats: dump at 1758074889
stats: users 15 42
stats: {freemem,"tsung_controller@3e43ea4093fb"} 1 6786.26953125 0.0 6813.71875 6786.26953125 6800.20234375 10
stats: {load,"tsung_controller@3e43ea4093fb"} 1 0.140625 0.0 0.33984375 0.140625 0.255078125 10
stats: {cpu,"tsung_controller@3e43ea4093fb"} 1 3.5520846454213375 0.0 6.946381036886804 2.979632889112396 4.660215326061191 10
stats: session 14 24201.807214285716 6551.256029062521 48919.394 7326.961 20567.783553191486 47
stats: users_count 0 76
stats: finish_users_count 14 61
stats: connect 0 0 0 1533.999 417.563 468.86956578947365 76
stats: request 53 408.6573018867924 469.4698712536596 5617.097 132.945 536.7406743215031 479
stats: page 53 408.6573018867924 469.4698712536596 5617.097 132.945 536.7406743215031 479
stats: tr_fluxo_compra 3 31025.238 3388.652142943364 48917.486 27525.866 37613.918 9
stats: 200 53 528
stats: tr_fluxo_navegacao 11 22338.053090909092 5943.238502395297 40910.003 7325.257 16527.60452631579 38
stats: size_rcv 33529 298204
stats: 502 0 4
stats: newphase 0 1
stats: size_sent 6549 58778
stats: connected -14 15
# stats: dump at 1758074899
stats: users 7 42
stats: {freemem,"tsung_controller@3e43ea4093fb"} 1 6793.66015625 0.0 6813.71875 6786.26953125 6798.935724431818 11
stats: {load,"tsung_controller@3e43ea4093fb"} 1 0.109375 0.0 0.33984375 0.109375 0.24467329545454544 11
stats: {cpu,"tsung_controller@3e43ea4093fb"} 1 3.4118091401233794 0.0 6.946381036886804 2.979632889112396 4.55947617327575 11
stats: session 8 42098.72562499999 15555.80379443712 71039.072 7326.961 21401.8217704918 61
stats: users_count 0 76
stats: finish_users_count 8 69
stats: request 19 707.3976315789474 942.548653338451 5617.097 132.945 523.9804887218045 532
stats: connect 0 0 0 1533.999 417.563 468.86956578947365 76
stats: page 19 707.3976315789474 942.548653338451 5617.097 132.945 523.9804887218045 532
stats: tr_fluxo_compra 6 44648.643833333335 16030.285481742541 71037.438 26208.783 35966.748 12
stats: 200 19 547
stats: tr_fluxo_navegacao 2 34441.260500000004 10904.2555 45345.516 7325.257 17831.99093877551 49
stats: size_rcv 12907 311111
stats: 502 0 4
stats: newphase 0 1
stats: size_sent 2329 61107
stats: connected -8 7
# stats: dump at 1758074909
stats: users 3 42
stats: {freemem,"tsung_controller@3e43ea4093fb"} 1 6790.95703125 0.0 6813.71875 6786.26953125 6798.49609375 12
stats: {load,"tsung_controller@3e43ea4093fb"} 1 0.1015625 0.0 0.33984375 0.1015625 0.2333984375 12
stats: {cpu,"tsung_controller@3e43ea4093fb"} 1 3.1921578484353397 0.0 6.946381036886804 2.979632889112396 4.463837253846386 12
stats: session 4 35863.681249999994 3247.915298585956 71039.072 7326.961 23801.462797101445 69
stats: users_count 0 76
stats: finish_users_count 4 73
stats: request 12 636.1721666666667 416.823756365092 5617.097 132.945 530.3052177858439 551
stats: page 12 636.1721666666667 416.823756365092 5617.097 132.945 530.3052177858439 551
stats: tr_fluxo_compra 3 37575.11266666666 1523.4996835838926 71037.438 26208.783 38860.71327777778 18
stats: connect 0 0 0 1533.999 417.563 468.86956578947365 76
stats: 200 12 559
stats: tr_fluxo_navegacao 1 30721.317 0.0 45345.516 7325.257 18483.334843137254 51
stats: size_rcv 7957 319068
stats: 502 0 4
stats: newphase 0 1
stats: size_sent 1924 63031
stats: connected -4 3
# stats: dump at 1758074919
stats: users 0 42
stats: {freemem,"tsung_controller@3e43ea4093fb"} 1 6789.9375 0.0 6813.71875 6786.26953125 6797.916165865385 13
stats: {load,"tsung_controller@3e43ea4093fb"} 1 0.078125 0.0 0.33984375 0.078125 0.22325721153846154 13
stats: {cpu,"tsung_controller@3e43ea4093fb"} 1 2.4227968867687673 0.0 6.946381036886804 2.4227968867687673 4.36601576112246 13
stats: session 3 50991.85633333334 3424.822849896943 71039.072 7326.961 24462.4062739726 73
stats: users_count 0 76
stats: finish_users_count 3 76
stats: connect 0 0 0 1533.999 417.563 468.86956578947365 76
stats: request 8 541.3375000000001 427.6334194076159 5617.097 132.945 532.5617069271758 563
stats: 200 8 567
stats: page 8 541.3375000000001 427.6334194076159 5617.097 132.945 532.5617069271758 563
stats: tr_fluxo_compra 2 49897.951499999996 3744.1404999999995 71037.438 26208.783 38677.05604761905 21
stats: size_rcv 5000 324068
stats: tr_fluxo_navegacao 1 53174.348 0.0 53174.348 7325.257 18718.680653846153 52
stats: 502 0 4
stats: newphase 0 1
stats: size_sent 768 63799
stats: connected -3 0
# stats: dump at 1758074920
stats: users 0 42
stats: {freemem,"tsung_controller@3e43ea4093fb"} 1 6788.79296875 0.0 6813.71875 6786.26953125 6797.346261160715 14
stats: {load,"tsung_controller@3e43ea4093fb"} 1 0.0703125 0.0 0.33984375 0.0703125 0.212890625 14
stats: {cpu,"tsung_controller@3e43ea4093fb"} 1 2.706445115810675 0.0 6.946381036886804 2.4227968867687673 4.227214412954339 14
stats: session 0 0 0 71039.072 7326.961 25509.621407894738 76
stats: users_count 0 76
stats: finish_users_count 0 76
stats: connect 0 0 0 1533.999 417.563 468.86956578947365 76
stats: 200 0 567
stats: request 0 0 0 5617.097 132.945 532.6846602451839 571
stats: page 0 0 0 5617.097 132.945 532.6846602451839 571
stats: tr_fluxo_compra 0 0 0 71037.438 26208.783 39652.78608695653 23
stats: size_rcv 0 324068
stats: tr_fluxo_navegacao 0 0 0 53174.348 7325.257 19368.787584905658 53
stats: 502 0 4
stats: newphase 0 1
stats: size_sent 0 63799
stats: connected 0 0
EndMonitor:{1758,74920,682731}
