# stats: dump at 1758074722
stats: users 8 8
stats: {freemem,"tsung_controller@3e43ea4093fb"} 1 6819.2421875 0 6819.2421875 6819.2421875 0 0
stats: {load,"tsung_controller@3e43ea4093fb"} 1 0.33984375 0 0.33984375 0.33984375 0 0
stats: {cpu,"tsung_controller@3e43ea4093fb"} 1 5.824980038435328 0 5.824980038435328 5.824980038435328 0 0
stats: session 2 4707.234 1825.0000000000002 6532.234 2882.234 0 0
stats: users_count 10 10
stats: finish_users_count 2 2
stats: request 14 875.9402142857142 619.307538160182 2692.424 229.818 0 0
stats: page 14 875.9402142857142 619.307538160182 2692.424 229.818 0 0
stats: connect 10 498.26899999999995 160.81310368437016 978.262 412.788 0 0
stats: 200 14 14
stats: size_rcv 6938 6938
stats: size_sent 1414 1414
stats: connected 8 8
# stats: dump at 1758074732
stats: users 1 9
stats: {freemem,"tsung_controller@3e43ea4093fb"} 1 6805.421875 0.0 6819.2421875 6805.421875 6819.2421875 1
stats: {load,"tsung_controller@3e43ea4093fb"} 1 0.2890625 0.0 0.33984375 0.2890625 0.33984375 1
stats: {cpu,"tsung_controller@3e43ea4093fb"} 1 4.2494342469197885 0.0 5.824980038435328 4.2494342469197885 5.824980038435328 1
stats: session 9 8750.445777777777 3534.6240883076407 13464.514 2882.234 4707.234 2
stats: users_count 2 12
stats: finish_users_count 9 11
stats: request 19 542.6047894736843 449.3720710889783 2692.424 139.146 875.9402142857142 14
stats: page 19 542.6047894736843 449.3720710889783 2692.424 139.146 875.9402142857142 14
stats: 200 19 33
stats: connect 2 442.594 27.300999999999988 978.262 412.788 498.26899999999995 10
stats: size_rcv 9705 16643
stats: size_sent 1663 3077
stats: connected -7 1
# stats: dump at 1758074742
stats: users 1 9
stats: {freemem,"tsung_controller@3e43ea4093fb"} 1 6803.921875 0.0 6819.2421875 6803.921875 6812.33203125 2
stats: {load,"tsung_controller@3e43ea4093fb"} 1 0.48828125 0.0 0.48828125 0.2890625 0.314453125 2
stats: {cpu,"tsung_controller@3e43ea4093fb"} 1 4.226415094339623 0.0 5.824980038435328 4.226415094339623 5.037207142677558 2
stats: session 2 4902.8205 1911.7154999999998 13464.514 2882.234 8015.3163636363615 11
stats: users_count 2 14
stats: finish_users_count 2 13
stats: request 8 847.1151249999998 793.7233853757613 2867.2 139.146 684.0198181818182 33
stats: connect 2 453.006 7.429999999999993 978.262 412.788 488.9898333333333 12
stats: page 8 847.1151249999998 793.7233853757613 2867.2 139.146 684.0198181818182 33
stats: 200 8 41
stats: size_rcv 4028 20671
stats: size_sent 639 3716
stats: connected 0 1
# stats: dump at 1758074752
stats: users 0 9
stats: {freemem,"tsung_controller@3e43ea4093fb"} 1 6806.15234375 0.0 6819.2421875 6803.921875 6809.528645833333 3
stats: {load,"tsung_controller@3e43ea4093fb"} 1 0.41015625 0.0 0.48828125 0.2890625 0.3723958333333333 3
stats: {cpu,"tsung_controller@3e43ea4093fb"} 1 3.0108339632149157 0.0 5.824980038435328 3.0108339632149157 4.766943126564914 3
stats: session 2 9814.2185 1400.7945 13464.514 2882.234 7536.470846153845 13
stats: users_count 1 15
stats: finish_users_count 2 15
stats: request 4 741.87825 502.93641819735774 2867.2 139.146 715.8432926829269 41
stats: connect 1 445.7 0.0 978.262 412.788 483.84928571428566 14
stats: page 4 741.87825 502.93641819735774 2867.2 139.146 715.8432926829269 41
stats: 200 4 45
stats: size_rcv 2024 22695
stats: size_sent 364 4080
stats: connected -1 0
# stats: dump at 1758074754
stats: users 0 9
stats: {freemem,"tsung_controller@3e43ea4093fb"} 1 6807.58203125 0.0 6819.2421875 6803.921875 6808.6845703125 4
stats: {load,"tsung_controller@3e43ea4093fb"} 1 0.3515625 0.0 0.48828125 0.2890625 0.3818359375 4
stats: {cpu,"tsung_controller@3e43ea4093fb"} 1 4.8669776825116635 0.0 5.824980038435328 3.0108339632149157 4.3279158357274135 4
stats: session 0 0 0 13464.514 2882.234 7840.170533333333 15
stats: users_count 0 15
stats: finish_users_count 0 15
stats: request 0 0 0 2867.2 139.146 718.1575111111111 45
stats: connect 0 0 0 978.262 412.788 481.3059999999999 15
stats: page 0 0 0 2867.2 139.146 718.1575111111111 45
stats: 200 0 45
stats: size_rcv 0 22695
stats: size_sent 0 4080
stats: connected 0 0
EndMonitor:{1758,74754,332029}
